Copyright 1986-2020 Xilinx, Inc. All Rights Reserved.
--------------------------------------------------------------------------------------
| Tool Version : Vivado v.2020.1 (lin64) Build 2902540 Wed May 27 19:54:35 MDT 2020
| Date         : Mon Oct 27 15:49:30 2025
| Host         : co2050-04.ece.iastate.edu running 64-bit unknown
| Command      : report_control_sets -verbose -file piped_mac_control_sets_placed.rpt
| Design       : piped_mac
| Device       : xc7z020
--------------------------------------------------------------------------------------

Control Set Information

Table of Contents
-----------------
1. Summary
2. Histogram
3. Flip-Flop Distribution
4. Detailed Control Set Information

1. Summary
----------

+----------------------------------------------------------+-------+
|                          Status                          | Count |
+----------------------------------------------------------+-------+
| Total control sets                                       |     5 |
|    Minimum number of control sets                        |     5 |
|    Addition due to synthesis replication                 |     0 |
|    Addition due to physical synthesis replication        |     0 |
| Unused register locations in slices containing registers |    20 |
+----------------------------------------------------------+-------+
* Control sets can be merged at opt_design using control_set_merge or merge_equivalent_drivers
** Run report_qor_suggestions for automated merging and remapping suggestions


2. Histogram
------------

+--------------------+-------+
|       Fanout       | Count |
+--------------------+-------+
| Total control sets |     5 |
| >= 0 to < 4        |     2 |
| >= 4 to < 6        |     0 |
| >= 6 to < 8        |     0 |
| >= 8 to < 10       |     0 |
| >= 10 to < 12      |     0 |
| >= 12 to < 14      |     0 |
| >= 14 to < 16      |     0 |
| >= 16              |     3 |
+--------------------+-------+
* Control sets can be remapped at either synth_design or opt_design


3. Flip-Flop Distribution
-------------------------

+--------------+-----------------------+------------------------+-----------------+--------------+
| Clock Enable | Synchronous Set/Reset | Asynchronous Set/Reset | Total Registers | Total Slices |
+--------------+-----------------------+------------------------+-----------------+--------------+
| No           | No                    | No                     |               2 |            1 |
| No           | No                    | Yes                    |               0 |            0 |
| No           | Yes                   | No                     |               0 |            0 |
| Yes          | No                    | No                     |               0 |            0 |
| Yes          | No                    | Yes                    |               0 |            0 |
| Yes          | Yes                   | No                     |              90 |           23 |
+--------------+-----------------------+------------------------+-----------------+--------------+


4. Detailed Control Set Information
-----------------------------------

+-----------------+--------------------------+------------------+------------------+----------------+--------------+
|   Clock Signal  |       Enable Signal      | Set/Reset Signal | Slice Load Count | Bel Load Count | Bels / Slice |
+-----------------+--------------------------+------------------+------------------+----------------+--------------+
|  ACLK_IBUF_BUFG | SD_AXIS_TREADY_OBUF      | clear            |                1 |              1 |         1.00 |
|  ACLK_IBUF_BUFG |                          |                  |                1 |              2 |         2.00 |
|  ACLK_IBUF_BUFG | s1_tlast_reg3_out        | clear            |                5 |             17 |         3.40 |
|  ACLK_IBUF_BUFG | s2_accum_active1_out     | clear            |                8 |             32 |         4.00 |
|  ACLK_IBUF_BUFG | mo_tdata_reg[31]_i_1_n_0 | clear            |                9 |             40 |         4.44 |
+-----------------+--------------------------+------------------+------------------+----------------+--------------+


