#-----------------------------------------------------------
# Vivado v2020.1 (64-bit)
# SW Build 2902540 on Wed May 27 19:54:35 MDT 2020
# IP Build 2902112 on Wed May 27 22:43:36 MDT 2020
# Start of session at: Wed Oct 29 16:35:02 2025
# Process ID: 191038
# Current directory: /home/cam2022/CPRE-487_git/CPRE-4870/Lab4/hw/staged_mac_4bit_implementation/vivado
# Command line: vivado
# Log file: /home/cam2022/CPRE-487_git/CPRE-4870/Lab4/hw/staged_mac_4bit_implementation/vivado/vivado.log
# Journal file: /home/cam2022/CPRE-487_git/CPRE-4870/Lab4/hw/staged_mac_4bit_implementation/vivado/vivado.jou
#-----------------------------------------------------------
start_gui
open_project /home/cam2022/CPRE-487_git/CPRE-4870/Lab4/hw/staged_mac_4bit/vivado/tc_staged_mac/tc_staged_mac.xpr
Scanning sources...
Finished scanning sources
WARNING: [filemgmt 56-3] Default IP Output Path : Could not find the directory '/home/cam2022/CPRE-487_git/CPRE-4870/Lab4/hw/staged_mac_4bit/vivado/tc_staged_mac/tc_staged_mac.srcs/sources_1'.
INFO: [IP_Flow 19-234] Refreshing IP repositories
INFO: [IP_Flow 19-1700] Loaded user IP repository '/home/cam2022/CPRE-487_git/CPRE-4870/Lab4/hw/staged_mac_4bit'.
WARNING: [IP_Flow 19-3656] If you move the project, the path for repository '/home/cam2022/CPRE-487_git/CPRE-4870/Lab4/hw/staged_mac_4bit' may become invalid. A better location for the repository would be in a path adjacent to the project. (Current project location is '/home/cam2022/CPRE-487_git/CPRE-4870/Lab4/hw/staged_mac_4bit/vivado/tc_staged_mac'.)
INFO: [IP_Flow 19-2313] Loaded Vivado IP repository '/remote/Xilinx/2020.1/Vivado/2020.1/data/ip'.
WARNING: [IP_Flow 19-3899] Cannot get the environment domain name variable for the component vendor name. Setting the vendor name to 'user.org'.
update_compile_order -fileset sources_1
exit
INFO: [Common 17-206] Exiting Vivado at Wed Oct 29 16:35:54 2025...
