Vivado Simulator 2020.1
Copyright 1986-1999, 2001-2020 Xilinx, Inc. All Rights Reserved.
Running: /remote/Xilinx/2020.1/Vivado/2020.1/bin/unwrapped/lnx64.o/xelab -wto 62cf159ae5844a7da5eb0c4794242957 --incr --debug typical --relax --mt 8 -L xil_defaultlib -L axi_lite_ipif_v3_0_4 -L lib_pkg_v1_0_2 -L fifo_generator_v13_2_5 -L lib_fifo_v1_0_14 -L axi_fifo_mm_s_v4_2_3 -L axi_infrastructure_v1_1_0 -L axi_vip_v1_1_7 -L processing_system7_vip_v1_0_9 -L lib_cdc_v1_0_2 -L proc_sys_reset_v5_0_13 -L axis_infrastructure_v1_1_0 -L axis_register_slice_v1_1_21 -L axis_subset_converter_v1_1_21 -L gigantic_mux -L generic_baseblocks_v2_1_0 -L axi_data_fifo_v2_1_20 -L axi_register_slice_v2_1_21 -L axi_protocol_converter_v2_1_21 -L xilinx_vip -L unisims_ver -L unimacro_ver -L secureip -L xpm --snapshot staged_mac_bd_wrapper_behav xil_defaultlib.staged_mac_bd_wrapper xil_defaultlib.glbl -log elaborate.log 
Using 8 slave threads.
Starting static elaboration
Pass Through NonSizing Optimizer
WARNING: [VRFC 10-3091] actual bit length 128 differs from formal bit length 64 for port 'WR_DATA_STRB' [/scratch/proj/xbuilds/SWIP/2020.1_0602_1208/infra/XSIM/lin/.cxl.ip/incl/processing_system7_vip_v1_0_9_axi_gp.v:208]
WARNING: [VRFC 10-3091] actual bit length 12 differs from formal bit length 6 for port 'm_axi_bid' [/wrk/2020.1/nightly/2020_05_27_2902540/packages/customer/vivado/data/ip/xilinx/processing_system7_vip_v1_0/hdl/processing_system7_vip_v1_0_vl_rfs.sv:5496]
WARNING: [VRFC 10-3091] actual bit length 12 differs from formal bit length 6 for port 'm_axi_rid' [/wrk/2020.1/nightly/2020_05_27_2902540/packages/customer/vivado/data/ip/xilinx/processing_system7_vip_v1_0/hdl/processing_system7_vip_v1_0_vl_rfs.sv:5514]
WARNING: [VRFC 10-3091] actual bit length 128 differs from formal bit length 64 for port 'WR_DATA_STRB' [/scratch/proj/xbuilds/SWIP/2020.1_0602_1208/infra/XSIM/lin/.cxl.ip/incl/processing_system7_vip_v1_0_9_axi_gp.v:292]
WARNING: [VRFC 10-3091] actual bit length 8 differs from formal bit length 9 for port 'WR_BYTES' [/scratch/proj/xbuilds/SWIP/2020.1_0602_1208/infra/XSIM/lin/.cxl.ip/incl/processing_system7_vip_v1_0_9_axi_hp.v:80]
WARNING: [VRFC 10-3091] actual bit length 8 differs from formal bit length 9 for port 'RD_BYTES' [/scratch/proj/xbuilds/SWIP/2020.1_0602_1208/infra/XSIM/lin/.cxl.ip/incl/processing_system7_vip_v1_0_9_axi_hp.v:89]
WARNING: [VRFC 10-3091] actual bit length 12 differs from formal bit length 6 for port 'm_axi_bid' [/wrk/2020.1/nightly/2020_05_27_2902540/packages/customer/vivado/data/ip/xilinx/processing_system7_vip_v1_0/hdl/processing_system7_vip_v1_0_vl_rfs.sv:10203]
WARNING: [VRFC 10-3091] actual bit length 12 differs from formal bit length 6 for port 'm_axi_rid' [/wrk/2020.1/nightly/2020_05_27_2902540/packages/customer/vivado/data/ip/xilinx/processing_system7_vip_v1_0/hdl/processing_system7_vip_v1_0_vl_rfs.sv:10221]
WARNING: [VRFC 10-3091] actual bit length 32 differs from formal bit length 64 for port 'm_axi_rdata' [/wrk/2020.1/nightly/2020_05_27_2902540/packages/customer/vivado/data/ip/xilinx/processing_system7_vip_v1_0/hdl/processing_system7_vip_v1_0_vl_rfs.sv:10222]
WARNING: [VRFC 10-3091] actual bit length 8 differs from formal bit length 9 for port 'WR_BYTES' [/scratch/proj/xbuilds/SWIP/2020.1_0602_1208/infra/XSIM/lin/.cxl.ip/incl/processing_system7_vip_v1_0_9_axi_hp.v:165]
WARNING: [VRFC 10-3091] actual bit length 8 differs from formal bit length 9 for port 'RD_BYTES' [/scratch/proj/xbuilds/SWIP/2020.1_0602_1208/infra/XSIM/lin/.cxl.ip/incl/processing_system7_vip_v1_0_9_axi_hp.v:174]
WARNING: [VRFC 10-3091] actual bit length 8 differs from formal bit length 9 for port 'WR_BYTES' [/scratch/proj/xbuilds/SWIP/2020.1_0602_1208/infra/XSIM/lin/.cxl.ip/incl/processing_system7_vip_v1_0_9_axi_hp.v:251]
WARNING: [VRFC 10-3091] actual bit length 8 differs from formal bit length 9 for port 'RD_BYTES' [/scratch/proj/xbuilds/SWIP/2020.1_0602_1208/infra/XSIM/lin/.cxl.ip/incl/processing_system7_vip_v1_0_9_axi_hp.v:260]
WARNING: [VRFC 10-3091] actual bit length 8 differs from formal bit length 9 for port 'WR_BYTES' [/scratch/proj/xbuilds/SWIP/2020.1_0602_1208/infra/XSIM/lin/.cxl.ip/incl/processing_system7_vip_v1_0_9_axi_hp.v:337]
WARNING: [VRFC 10-3091] actual bit length 8 differs from formal bit length 9 for port 'RD_BYTES' [/scratch/proj/xbuilds/SWIP/2020.1_0602_1208/infra/XSIM/lin/.cxl.ip/incl/processing_system7_vip_v1_0_9_axi_hp.v:346]
WARNING: [VRFC 10-3091] actual bit length 12 differs from formal bit length 3 for port 'm_axi_bid' [/wrk/2020.1/nightly/2020_05_27_2902540/packages/customer/vivado/data/ip/xilinx/processing_system7_vip_v1_0/hdl/processing_system7_vip_v1_0_vl_rfs.sv:7107]
WARNING: [VRFC 10-3091] actual bit length 12 differs from formal bit length 3 for port 'm_axi_rid' [/wrk/2020.1/nightly/2020_05_27_2902540/packages/customer/vivado/data/ip/xilinx/processing_system7_vip_v1_0/hdl/processing_system7_vip_v1_0_vl_rfs.sv:7125]
WARNING: [VRFC 10-3091] actual bit length 32 differs from formal bit length 64 for port 'm_axi_rdata' [/wrk/2020.1/nightly/2020_05_27_2902540/packages/customer/vivado/data/ip/xilinx/processing_system7_vip_v1_0/hdl/processing_system7_vip_v1_0_vl_rfs.sv:7126]
WARNING: [VRFC 10-3091] actual bit length 32 differs from formal bit length 4 for port 'slot_0_axi_awcache' [/home/cam2022/CPRE-487_git/CPRE-4870/Lab4/hw/staged_mac_4bit_implementation/vivado/simple_interface/simple_interface.ip_user_files/bd/staged_mac_bd/ip/staged_mac_bd_system_ila_0_0/bd_0/ip/ip_1/sim/bd_8f44_g_inst_0.v:2190]
WARNING: [VRFC 10-3091] actual bit length 32 differs from formal bit length 4 for port 'slot_0_axi_arcache' [/home/cam2022/CPRE-487_git/CPRE-4870/Lab4/hw/staged_mac_4bit_implementation/vivado/simple_interface/simple_interface.ip_user_files/bd/staged_mac_bd/ip/staged_mac_bd_system_ila_0_0/bd_0/ip/ip_1/sim/bd_8f44_g_inst_0.v:2208]
WARNING: [VRFC 10-3091] actual bit length 1 differs from formal bit length 2 for port 'slot_0_axis_tdest' [/home/cam2022/CPRE-487_git/CPRE-4870/Lab4/hw/staged_mac_4bit_implementation/vivado/simple_interface/simple_interface.ip_user_files/bd/staged_mac_bd/ip/staged_mac_bd_system_ila_0_0/bd_0/ip/ip_1/sim/bd_8f44_g_inst_0.v:2226]
WARNING: [VRFC 10-3091] actual bit length 1 differs from formal bit length 2 for port 'slot_0_axis_tuser' [/home/cam2022/CPRE-487_git/CPRE-4870/Lab4/hw/staged_mac_4bit_implementation/vivado/simple_interface/simple_interface.ip_user_files/bd/staged_mac_bd/ip/staged_mac_bd_system_ila_0_0/bd_0/ip/ip_1/sim/bd_8f44_g_inst_0.v:2227]
WARNING: [VRFC 10-3091] actual bit length 32 differs from formal bit length 4 for port 'slot_1_axi_awcache' [/home/cam2022/CPRE-487_git/CPRE-4870/Lab4/hw/staged_mac_4bit_implementation/vivado/simple_interface/simple_interface.ip_user_files/bd/staged_mac_bd/ip/staged_mac_bd_system_ila_0_0/bd_0/ip/ip_1/sim/bd_8f44_g_inst_0.v:2234]
WARNING: [VRFC 10-3091] actual bit length 32 differs from formal bit length 4 for port 'slot_1_axi_arcache' [/home/cam2022/CPRE-487_git/CPRE-4870/Lab4/hw/staged_mac_4bit_implementation/vivado/simple_interface/simple_interface.ip_user_files/bd/staged_mac_bd/ip/staged_mac_bd_system_ila_0_0/bd_0/ip/ip_1/sim/bd_8f44_g_inst_0.v:2252]
WARNING: [VRFC 10-3091] actual bit length 1 differs from formal bit length 2 for port 'slot_1_axis_tdest' [/home/cam2022/CPRE-487_git/CPRE-4870/Lab4/hw/staged_mac_4bit_implementation/vivado/simple_interface/simple_interface.ip_user_files/bd/staged_mac_bd/ip/staged_mac_bd_system_ila_0_0/bd_0/ip/ip_1/sim/bd_8f44_g_inst_0.v:2270]
WARNING: [VRFC 10-3091] actual bit length 1 differs from formal bit length 2 for port 'slot_1_axis_tuser' [/home/cam2022/CPRE-487_git/CPRE-4870/Lab4/hw/staged_mac_4bit_implementation/vivado/simple_interface/simple_interface.ip_user_files/bd/staged_mac_bd/ip/staged_mac_bd_system_ila_0_0/bd_0/ip/ip_1/sim/bd_8f44_g_inst_0.v:2271]
WARNING: [VRFC 10-3091] actual bit length 32 differs from formal bit length 4 for port 'slot_2_axi_awcache' [/home/cam2022/CPRE-487_git/CPRE-4870/Lab4/hw/staged_mac_4bit_implementation/vivado/simple_interface/simple_interface.ip_user_files/bd/staged_mac_bd/ip/staged_mac_bd_system_ila_0_0/bd_0/ip/ip_1/sim/bd_8f44_g_inst_0.v:2278]
WARNING: [VRFC 10-3091] actual bit length 32 differs from formal bit length 4 for port 'slot_2_axi_arcache' [/home/cam2022/CPRE-487_git/CPRE-4870/Lab4/hw/staged_mac_4bit_implementation/vivado/simple_interface/simple_interface.ip_user_files/bd/staged_mac_bd/ip/staged_mac_bd_system_ila_0_0/bd_0/ip/ip_1/sim/bd_8f44_g_inst_0.v:2296]
WARNING: [VRFC 10-3091] actual bit length 32 differs from formal bit length 4 for port 'slot_3_axi_awcache' [/home/cam2022/CPRE-487_git/CPRE-4870/Lab4/hw/staged_mac_4bit_implementation/vivado/simple_interface/simple_interface.ip_user_files/bd/staged_mac_bd/ip/staged_mac_bd_system_ila_0_0/bd_0/ip/ip_1/sim/bd_8f44_g_inst_0.v:2322]
WARNING: [VRFC 10-3091] actual bit length 32 differs from formal bit length 4 for port 'slot_3_axi_arcache' [/home/cam2022/CPRE-487_git/CPRE-4870/Lab4/hw/staged_mac_4bit_implementation/vivado/simple_interface/simple_interface.ip_user_files/bd/staged_mac_bd/ip/staged_mac_bd_system_ila_0_0/bd_0/ip/ip_1/sim/bd_8f44_g_inst_0.v:2340]
WARNING: [VRFC 10-3091] actual bit length 32 differs from formal bit length 4 for port 'slot_4_axi_awcache' [/home/cam2022/CPRE-487_git/CPRE-4870/Lab4/hw/staged_mac_4bit_implementation/vivado/simple_interface/simple_interface.ip_user_files/bd/staged_mac_bd/ip/staged_mac_bd_system_ila_0_0/bd_0/ip/ip_1/sim/bd_8f44_g_inst_0.v:2366]
WARNING: [VRFC 10-3091] actual bit length 32 differs from formal bit length 4 for port 'slot_4_axi_arcache' [/home/cam2022/CPRE-487_git/CPRE-4870/Lab4/hw/staged_mac_4bit_implementation/vivado/simple_interface/simple_interface.ip_user_files/bd/staged_mac_bd/ip/staged_mac_bd_system_ila_0_0/bd_0/ip/ip_1/sim/bd_8f44_g_inst_0.v:2384]
WARNING: [VRFC 10-3091] actual bit length 32 differs from formal bit length 4 for port 'slot_5_axi_awcache' [/home/cam2022/CPRE-487_git/CPRE-4870/Lab4/hw/staged_mac_4bit_implementation/vivado/simple_interface/simple_interface.ip_user_files/bd/staged_mac_bd/ip/staged_mac_bd_system_ila_0_0/bd_0/ip/ip_1/sim/bd_8f44_g_inst_0.v:2410]
WARNING: [VRFC 10-3091] actual bit length 32 differs from formal bit length 4 for port 'slot_5_axi_arcache' [/home/cam2022/CPRE-487_git/CPRE-4870/Lab4/hw/staged_mac_4bit_implementation/vivado/simple_interface/simple_interface.ip_user_files/bd/staged_mac_bd/ip/staged_mac_bd_system_ila_0_0/bd_0/ip/ip_1/sim/bd_8f44_g_inst_0.v:2428]
WARNING: [VRFC 10-3091] actual bit length 32 differs from formal bit length 4 for port 'slot_6_axi_awcache' [/home/cam2022/CPRE-487_git/CPRE-4870/Lab4/hw/staged_mac_4bit_implementation/vivado/simple_interface/simple_interface.ip_user_files/bd/staged_mac_bd/ip/staged_mac_bd_system_ila_0_0/bd_0/ip/ip_1/sim/bd_8f44_g_inst_0.v:2454]
WARNING: [VRFC 10-3091] actual bit length 32 differs from formal bit length 4 for port 'slot_6_axi_arcache' [/home/cam2022/CPRE-487_git/CPRE-4870/Lab4/hw/staged_mac_4bit_implementation/vivado/simple_interface/simple_interface.ip_user_files/bd/staged_mac_bd/ip/staged_mac_bd_system_ila_0_0/bd_0/ip/ip_1/sim/bd_8f44_g_inst_0.v:2472]
WARNING: [VRFC 10-3091] actual bit length 32 differs from formal bit length 4 for port 'slot_7_axi_awcache' [/home/cam2022/CPRE-487_git/CPRE-4870/Lab4/hw/staged_mac_4bit_implementation/vivado/simple_interface/simple_interface.ip_user_files/bd/staged_mac_bd/ip/staged_mac_bd_system_ila_0_0/bd_0/ip/ip_1/sim/bd_8f44_g_inst_0.v:2498]
WARNING: [VRFC 10-3091] actual bit length 32 differs from formal bit length 4 for port 'slot_7_axi_arcache' [/home/cam2022/CPRE-487_git/CPRE-4870/Lab4/hw/staged_mac_4bit_implementation/vivado/simple_interface/simple_interface.ip_user_files/bd/staged_mac_bd/ip/staged_mac_bd_system_ila_0_0/bd_0/ip/ip_1/sim/bd_8f44_g_inst_0.v:2516]
WARNING: [VRFC 10-3091] actual bit length 32 differs from formal bit length 4 for port 'slot_8_axi_awcache' [/home/cam2022/CPRE-487_git/CPRE-4870/Lab4/hw/staged_mac_4bit_implementation/vivado/simple_interface/simple_interface.ip_user_files/bd/staged_mac_bd/ip/staged_mac_bd_system_ila_0_0/bd_0/ip/ip_1/sim/bd_8f44_g_inst_0.v:2542]
WARNING: [VRFC 10-3091] actual bit length 32 differs from formal bit length 4 for port 'slot_8_axi_arcache' [/home/cam2022/CPRE-487_git/CPRE-4870/Lab4/hw/staged_mac_4bit_implementation/vivado/simple_interface/simple_interface.ip_user_files/bd/staged_mac_bd/ip/staged_mac_bd_system_ila_0_0/bd_0/ip/ip_1/sim/bd_8f44_g_inst_0.v:2560]
WARNING: [VRFC 10-3091] actual bit length 32 differs from formal bit length 4 for port 'slot_9_axi_awcache' [/home/cam2022/CPRE-487_git/CPRE-4870/Lab4/hw/staged_mac_4bit_implementation/vivado/simple_interface/simple_interface.ip_user_files/bd/staged_mac_bd/ip/staged_mac_bd_system_ila_0_0/bd_0/ip/ip_1/sim/bd_8f44_g_inst_0.v:2586]
WARNING: [VRFC 10-3091] actual bit length 3 differs from formal bit length 4 for port 'slot_9_axi_wstrb' [/home/cam2022/CPRE-487_git/CPRE-4870/Lab4/hw/staged_mac_4bit_implementation/vivado/simple_interface/simple_interface.ip_user_files/bd/staged_mac_bd/ip/staged_mac_bd_system_ila_0_0/bd_0/ip/ip_1/sim/bd_8f44_g_inst_0.v:2591]
WARNING: [VRFC 10-3091] actual bit length 32 differs from formal bit length 4 for port 'slot_9_axi_arcache' [/home/cam2022/CPRE-487_git/CPRE-4870/Lab4/hw/staged_mac_4bit_implementation/vivado/simple_interface/simple_interface.ip_user_files/bd/staged_mac_bd/ip/staged_mac_bd_system_ila_0_0/bd_0/ip/ip_1/sim/bd_8f44_g_inst_0.v:2604]
WARNING: [VRFC 10-3091] actual bit length 3 differs from formal bit length 4 for port 'slot_9_axis_tstrb' [/home/cam2022/CPRE-487_git/CPRE-4870/Lab4/hw/staged_mac_4bit_implementation/vivado/simple_interface/simple_interface.ip_user_files/bd/staged_mac_bd/ip/staged_mac_bd_system_ila_0_0/bd_0/ip/ip_1/sim/bd_8f44_g_inst_0.v:2618]
WARNING: [VRFC 10-3091] actual bit length 3 differs from formal bit length 4 for port 'slot_9_axis_tkeep' [/home/cam2022/CPRE-487_git/CPRE-4870/Lab4/hw/staged_mac_4bit_implementation/vivado/simple_interface/simple_interface.ip_user_files/bd/staged_mac_bd/ip/staged_mac_bd_system_ila_0_0/bd_0/ip/ip_1/sim/bd_8f44_g_inst_0.v:2619]
WARNING: [VRFC 10-3091] actual bit length 32 differs from formal bit length 4 for port 'slot_10_axi_awcache' [/home/cam2022/CPRE-487_git/CPRE-4870/Lab4/hw/staged_mac_4bit_implementation/vivado/simple_interface/simple_interface.ip_user_files/bd/staged_mac_bd/ip/staged_mac_bd_system_ila_0_0/bd_0/ip/ip_1/sim/bd_8f44_g_inst_0.v:2630]
WARNING: [VRFC 10-3091] actual bit length 32 differs from formal bit length 4 for port 'slot_10_axi_arcache' [/home/cam2022/CPRE-487_git/CPRE-4870/Lab4/hw/staged_mac_4bit_implementation/vivado/simple_interface/simple_interface.ip_user_files/bd/staged_mac_bd/ip/staged_mac_bd_system_ila_0_0/bd_0/ip/ip_1/sim/bd_8f44_g_inst_0.v:2648]
WARNING: [VRFC 10-3091] actual bit length 32 differs from formal bit length 4 for port 'slot_11_axi_awcache' [/home/cam2022/CPRE-487_git/CPRE-4870/Lab4/hw/staged_mac_4bit_implementation/vivado/simple_interface/simple_interface.ip_user_files/bd/staged_mac_bd/ip/staged_mac_bd_system_ila_0_0/bd_0/ip/ip_1/sim/bd_8f44_g_inst_0.v:2674]
WARNING: [VRFC 10-3091] actual bit length 32 differs from formal bit length 4 for port 'slot_11_axi_arcache' [/home/cam2022/CPRE-487_git/CPRE-4870/Lab4/hw/staged_mac_4bit_implementation/vivado/simple_interface/simple_interface.ip_user_files/bd/staged_mac_bd/ip/staged_mac_bd_system_ila_0_0/bd_0/ip/ip_1/sim/bd_8f44_g_inst_0.v:2692]
WARNING: [VRFC 10-3091] actual bit length 32 differs from formal bit length 4 for port 'slot_12_axi_awcache' [/home/cam2022/CPRE-487_git/CPRE-4870/Lab4/hw/staged_mac_4bit_implementation/vivado/simple_interface/simple_interface.ip_user_files/bd/staged_mac_bd/ip/staged_mac_bd_system_ila_0_0/bd_0/ip/ip_1/sim/bd_8f44_g_inst_0.v:2718]
WARNING: [VRFC 10-3091] actual bit length 32 differs from formal bit length 4 for port 'slot_12_axi_arcache' [/home/cam2022/CPRE-487_git/CPRE-4870/Lab4/hw/staged_mac_4bit_implementation/vivado/simple_interface/simple_interface.ip_user_files/bd/staged_mac_bd/ip/staged_mac_bd_system_ila_0_0/bd_0/ip/ip_1/sim/bd_8f44_g_inst_0.v:2736]
WARNING: [VRFC 10-3091] actual bit length 32 differs from formal bit length 4 for port 'slot_13_axi_awcache' [/home/cam2022/CPRE-487_git/CPRE-4870/Lab4/hw/staged_mac_4bit_implementation/vivado/simple_interface/simple_interface.ip_user_files/bd/staged_mac_bd/ip/staged_mac_bd_system_ila_0_0/bd_0/ip/ip_1/sim/bd_8f44_g_inst_0.v:2762]
WARNING: [VRFC 10-3091] actual bit length 32 differs from formal bit length 4 for port 'slot_13_axi_arcache' [/home/cam2022/CPRE-487_git/CPRE-4870/Lab4/hw/staged_mac_4bit_implementation/vivado/simple_interface/simple_interface.ip_user_files/bd/staged_mac_bd/ip/staged_mac_bd_system_ila_0_0/bd_0/ip/ip_1/sim/bd_8f44_g_inst_0.v:2780]
WARNING: [VRFC 10-3091] actual bit length 32 differs from formal bit length 4 for port 'slot_14_axi_awcache' [/home/cam2022/CPRE-487_git/CPRE-4870/Lab4/hw/staged_mac_4bit_implementation/vivado/simple_interface/simple_interface.ip_user_files/bd/staged_mac_bd/ip/staged_mac_bd_system_ila_0_0/bd_0/ip/ip_1/sim/bd_8f44_g_inst_0.v:2806]
WARNING: [VRFC 10-3091] actual bit length 32 differs from formal bit length 4 for port 'slot_14_axi_arcache' [/home/cam2022/CPRE-487_git/CPRE-4870/Lab4/hw/staged_mac_4bit_implementation/vivado/simple_interface/simple_interface.ip_user_files/bd/staged_mac_bd/ip/staged_mac_bd_system_ila_0_0/bd_0/ip/ip_1/sim/bd_8f44_g_inst_0.v:2824]
WARNING: [VRFC 10-3091] actual bit length 32 differs from formal bit length 4 for port 'slot_15_axi_awcache' [/home/cam2022/CPRE-487_git/CPRE-4870/Lab4/hw/staged_mac_4bit_implementation/vivado/simple_interface/simple_interface.ip_user_files/bd/staged_mac_bd/ip/staged_mac_bd_system_ila_0_0/bd_0/ip/ip_1/sim/bd_8f44_g_inst_0.v:2850]
WARNING: [VRFC 10-3091] actual bit length 32 differs from formal bit length 4 for port 'slot_15_axi_arcache' [/home/cam2022/CPRE-487_git/CPRE-4870/Lab4/hw/staged_mac_4bit_implementation/vivado/simple_interface/simple_interface.ip_user_files/bd/staged_mac_bd/ip/staged_mac_bd_system_ila_0_0/bd_0/ip/ip_1/sim/bd_8f44_g_inst_0.v:2868]
WARNING: [VRFC 10-3091] actual bit length 16 differs from formal bit length 2 for port 'sel' [/home/cam2022/CPRE-487_git/CPRE-4870/Lab4/hw/staged_mac_4bit_implementation/vivado/simple_interface/simple_interface.ip_user_files/bd/staged_mac_bd/ip/staged_mac_bd_system_ila_0_0/bd_0/ip/ip_1/sim/bd_8f44_g_inst_0.v:3768]
WARNING: [VRFC 10-5021] port 'interrupt' is not connected on this instance [/home/cam2022/CPRE-487_git/CPRE-4870/Lab4/hw/staged_mac_4bit_implementation/vivado/simple_interface/simple_interface.ip_user_files/bd/staged_mac_bd/sim/staged_mac_bd.v:447]
WARNING: [VRFC 10-5021] port 'mb_reset' is not connected on this instance [/home/cam2022/CPRE-487_git/CPRE-4870/Lab4/hw/staged_mac_4bit_implementation/vivado/simple_interface/simple_interface.ip_user_files/bd/staged_mac_bd/sim/staged_mac_bd.v:615]
WARNING: [VRFC 10-5021] port 'ENET0_GMII_RXD' is not connected on this instance [/home/cam2022/CPRE-487_git/CPRE-4870/Lab4/hw/staged_mac_4bit_implementation/vivado/simple_interface/simple_interface.ip_user_files/bd/staged_mac_bd/ip/staged_mac_bd_processing_system7_0_0/sim/staged_mac_bd_processing_system7_0_0.v:185]
WARNING: [VRFC 10-3027] 'ocm_wr_strb_port0' was previously declared with a different range [/wrk/2020.1/nightly/2020_05_27_2902540/packages/customer/vivado/data/ip/xilinx/processing_system7_vip_v1_0/hdl/processing_system7_vip_v1_0_vl_rfs.sv:3759]
WARNING: [VRFC 10-5021] port 'aclk2x' is not connected on this instance [/wrk/2020.1/nightly/2020_05_27_2902540/packages/customer/vivado/data/ip/xilinx/axi_protocol_converter_v2_1/hdl/axi_protocol_converter_v2_1_vl_rfs.v:4376]
WARNING: [VRFC 10-5021] port 'aclk2x' is not connected on this instance [/wrk/2020.1/nightly/2020_05_27_2902540/packages/customer/vivado/data/ip/xilinx/axi_protocol_converter_v2_1/hdl/axi_protocol_converter_v2_1_vl_rfs.v:4631]
WARNING: [VRFC 10-3283] element index 64 into 'wrp_strb' is out of bounds [/wrk/2020.1/nightly/2020_05_27_2902540/packages/customer/vivado/data/ip/xilinx/processing_system7_vip_v1_0/hdl/processing_system7_vip_v1_0_vl_rfs.sv:6084]
WARNING: [VRFC 10-3283] element index 128 into 'wrp_strb' is out of bounds [/wrk/2020.1/nightly/2020_05_27_2902540/packages/customer/vivado/data/ip/xilinx/processing_system7_vip_v1_0/hdl/processing_system7_vip_v1_0_vl_rfs.sv:10844]
WARNING: [VRFC 10-3283] element index 128 into 'wrp_strb' is out of bounds [/wrk/2020.1/nightly/2020_05_27_2902540/packages/customer/vivado/data/ip/xilinx/processing_system7_vip_v1_0/hdl/processing_system7_vip_v1_0_vl_rfs.sv:7722]
WARNING: [VRFC 10-3705] select index 4 into 'wr_fifo_rd_ptr' is out of bounds [/wrk/2020.1/nightly/2020_05_27_2902540/packages/customer/vivado/data/ip/xilinx/processing_system7_vip_v1_0/hdl/processing_system7_vip_v1_0_vl_rfs.sv:7935]
WARNING: [VRFC 10-3705] select index 4 into 'ar_cnt' is out of bounds [/wrk/2020.1/nightly/2020_05_27_2902540/packages/customer/vivado/data/ip/xilinx/processing_system7_vip_v1_0/hdl/processing_system7_vip_v1_0_vl_rfs.sv:8074]
WARNING: [VRFC 10-3705] select index 4 into 'wr_rresp_cnt' is out of bounds [/wrk/2020.1/nightly/2020_05_27_2902540/packages/customer/vivado/data/ip/xilinx/processing_system7_vip_v1_0/hdl/processing_system7_vip_v1_0_vl_rfs.sv:8171]
WARNING: [VRFC 10-3705] select index 4 into 'rd_fifo_wr_ptr' is out of bounds [/wrk/2020.1/nightly/2020_05_27_2902540/packages/customer/vivado/data/ip/xilinx/processing_system7_vip_v1_0/hdl/processing_system7_vip_v1_0_vl_rfs.sv:8190]
WARNING: [VRFC 10-3705] select index 4 into 'rd_cnt' is out of bounds [/wrk/2020.1/nightly/2020_05_27_2902540/packages/customer/vivado/data/ip/xilinx/processing_system7_vip_v1_0/hdl/processing_system7_vip_v1_0_vl_rfs.sv:8331]
WARNING: [VRFC 10-3705] select index 4 into 'rresp_time_cnt' is out of bounds [/wrk/2020.1/nightly/2020_05_27_2902540/packages/customer/vivado/data/ip/xilinx/processing_system7_vip_v1_0/hdl/processing_system7_vip_v1_0_vl_rfs.sv:8336]
WARNING: [VRFC 10-3705] select index 4 into 'rd_fifo_rd_ptr' is out of bounds [/wrk/2020.1/nightly/2020_05_27_2902540/packages/customer/vivado/data/ip/xilinx/processing_system7_vip_v1_0/hdl/processing_system7_vip_v1_0_vl_rfs.sv:8341]
Completed static elaboration
Starting simulation data flow analysis
Completed simulation data flow analysis
Time Resolution for simulation is 1ps
Compiling package std.standard
Compiling package std.textio
Compiling package ieee.std_logic_1164
Compiling package ieee.numeric_std
Compiling package ieee.std_logic_arith
Compiling package ieee.std_logic_unsigned
Compiling package synopsys.attributes
Compiling package ieee.std_logic_misc
Compiling package unisim.vcomponents
Compiling package lib_pkg_v1_0_2.lib_pkg
Compiling package axi_lite_ipif_v3_0_4.ipif_pkg
Compiling package axi_fifo_mm_s_v4_2_3.axi_fifo_mm_s_pkg
Compiling package xpm.vcomponents
Compiling package ieee.vital_timing
Compiling package ieee.vital_primitives
Compiling package unisim.vpkg
Compiling package xilinx_vip.axi_vip_pkg
Compiling package xilinx_vip.xil_common_vip_pkg
Compiling package std.std
Compiling architecture imp of entity axi_lite_ipif_v3_0_4.pselect_f [\pselect_f(c_ab=4,c_aw=4,c_bar="...]
Compiling architecture imp of entity axi_lite_ipif_v3_0_4.pselect_f [\pselect_f(c_ab=4,c_aw=4,c_bar="...]
Compiling architecture imp of entity axi_lite_ipif_v3_0_4.pselect_f [\pselect_f(c_ab=4,c_aw=4,c_bar="...]
Compiling architecture imp of entity axi_lite_ipif_v3_0_4.pselect_f [\pselect_f(c_ab=4,c_aw=4,c_bar="...]
Compiling architecture imp of entity axi_lite_ipif_v3_0_4.pselect_f [\pselect_f(c_ab=4,c_aw=4,c_bar="...]
Compiling architecture imp of entity axi_lite_ipif_v3_0_4.pselect_f [\pselect_f(c_ab=4,c_aw=4,c_bar="...]
Compiling architecture imp of entity axi_lite_ipif_v3_0_4.pselect_f [\pselect_f(c_ab=4,c_aw=4,c_bar="...]
Compiling architecture imp of entity axi_lite_ipif_v3_0_4.pselect_f [\pselect_f(c_ab=4,c_aw=4,c_bar="...]
Compiling architecture imp of entity axi_lite_ipif_v3_0_4.pselect_f [\pselect_f(c_ab=4,c_aw=4,c_bar="...]
Compiling architecture imp of entity axi_lite_ipif_v3_0_4.pselect_f [\pselect_f(c_ab=4,c_aw=4,c_bar="...]
Compiling architecture imp of entity axi_lite_ipif_v3_0_4.pselect_f [\pselect_f(c_ab=4,c_aw=4,c_bar="...]
Compiling architecture imp of entity axi_lite_ipif_v3_0_4.pselect_f [\pselect_f(c_ab=4,c_aw=4,c_bar="...]
Compiling architecture imp of entity axi_lite_ipif_v3_0_4.pselect_f [\pselect_f(c_ab=4,c_aw=4,c_bar="...]
Compiling architecture imp of entity axi_lite_ipif_v3_0_4.address_decoder [\address_decoder(c_bus_awidth=6,...]
Compiling architecture imp of entity axi_lite_ipif_v3_0_4.slave_attachment [\slave_attachment(c_ard_addr_ran...]
Compiling architecture imp of entity axi_lite_ipif_v3_0_4.axi_lite_ipif [\axi_lite_ipif(c_s_axi_min_size=...]
Compiling module xpm.xpm_cdc_sync_rst(INIT=0,INIT_SYN...
Compiling module xpm.xpm_fifo_rst_default
Compiling module xpm.xpm_fifo_reg_bit
Compiling module xpm.xpm_counter_updn(COUNTER_WIDTH=1...
Compiling module xpm.xpm_counter_updn(COUNTER_WIDTH=1...
Compiling module xpm.xpm_counter_updn(COUNTER_WIDTH=1...
Compiling module xpm.xpm_memory_base(MEMORY_TYPE=1,ME...
Compiling module xpm.xpm_counter_updn(COUNTER_WIDTH=2...
Compiling module xpm.xpm_fifo_base(FIFO_MEMORY_TYPE=2...
Compiling module xpm.xpm_fifo_axis(CLOCKING_MODE="COM...
Compiling architecture structure of entity axi_fifo_mm_s_v4_2_3.axis_fg [\axis_fg(c_family="zynq",c_depth...]
Compiling architecture structure of entity axi_fifo_mm_s_v4_2_3.fifo [\fifo(c_family="zynq",c_ipif_dwi...]
Compiling architecture structure of entity axi_fifo_mm_s_v4_2_3.fifo [\fifo(c_family="zynq",c_ipif_dwi...]
Compiling module xpm.xpm_fifo_rst_default_1
Compiling module xpm.xpm_counter_updn(COUNTER_WIDTH=1...
Compiling module xpm.xpm_counter_updn(COUNTER_WIDTH=9...
Compiling module xpm.xpm_counter_updn(COUNTER_WIDTH=9...
Compiling module xpm.xpm_memory_base(MEMORY_TYPE=1,ME...
Compiling module xpm.xpm_fifo_base(FIFO_MEMORY_TYPE=1...
Compiling module xpm.xpm_fifo_sync(FIFO_MEMORY_TYPE="...
Compiling architecture beh of entity axi_fifo_mm_s_v4_2_3.ipic2axi_s [\ipic2axi_s(c_family="zynq",c_tx...]
Compiling architecture structure of entity axi_fifo_mm_s_v4_2_3.axi_fifo_mm_s [\axi_fifo_mm_s(c_family="zynq",c...]
Compiling architecture staged_mac_bd_axi_fifo_mm_s_0_0_arch of entity xil_defaultlib.staged_mac_bd_axi_fifo_mm_s_0_0 [staged_mac_bd_axi_fifo_mm_s_0_0_...]
Compiling module axis_subset_converter_v1_1_21.axis_subset_converter_v1_1_21_co...
Compiling module xil_defaultlib.tdata_staged_mac_bd_axis_subset_...
Compiling module xil_defaultlib.tuser_staged_mac_bd_axis_subset_...
Compiling module xil_defaultlib.tid_staged_mac_bd_axis_subset_co...
Compiling module xil_defaultlib.tdest_staged_mac_bd_axis_subset_...
Compiling module xil_defaultlib.tstrb_staged_mac_bd_axis_subset_...
Compiling module xil_defaultlib.tkeep_staged_mac_bd_axis_subset_...
Compiling module xil_defaultlib.tlast_staged_mac_bd_axis_subset_...
Compiling module xil_defaultlib.top_staged_mac_bd_axis_subset_co...
Compiling module xil_defaultlib.staged_mac_bd_axis_subset_conver...
Compiling module processing_system7_vip_v1_0_9.processing_system7_vip_v1_0_9_ge...
Compiling module processing_system7_vip_v1_0_9.processing_system7_vip_v1_0_9_ge...
Compiling module processing_system7_vip_v1_0_9.processing_system7_vip_v1_0_9_ar...
Compiling module processing_system7_vip_v1_0_9.processing_system7_vip_v1_0_9_ar...
Compiling module processing_system7_vip_v1_0_9.processing_system7_vip_v1_0_9_fm...
Compiling module processing_system7_vip_v1_0_9.processing_system7_vip_v1_0_9_ar...
Compiling module processing_system7_vip_v1_0_9.processing_system7_vip_v1_0_9_ar...
Compiling module processing_system7_vip_v1_0_9.processing_system7_vip_v1_0_9_ar...
Compiling module processing_system7_vip_v1_0_9.processing_system7_vip_v1_0_9_ar...
Compiling module processing_system7_vip_v1_0_9.processing_system7_vip_v1_0_9_ss...
Compiling module processing_system7_vip_v1_0_9.processing_system7_vip_v1_0_9_in...
Compiling module processing_system7_vip_v1_0_9.processing_system7_vip_v1_0_9_sp...
Compiling module processing_system7_vip_v1_0_9.processing_system7_vip_v1_0_9_dd...
Compiling module processing_system7_vip_v1_0_9.processing_system7_vip_v1_0_9_oc...
Compiling module processing_system7_vip_v1_0_9.processing_system7_vip_v1_0_9_oc...
Compiling module processing_system7_vip_v1_0_9.processing_system7_vip_v1_0_9_re...
Compiling module processing_system7_vip_v1_0_9.processing_system7_vip_v1_0_9_re...
Compiling module xilinx_vip.axi_vip_axi4pc(WDATA_WIDTH=32,RD...
Compiling module xilinx_vip.cb
Compiling module xilinx_vip.axi_vip_if(C_AXI_PROTOCOL=1,C_AX...
Compiling module axi_vip_v1_1_7.axi_vip_v1_1_7_top(C_AXI_PROTOCO...
Compiling module processing_system7_vip_v1_0_9.processing_system7_vip_v1_0_9_ax...
Compiling module processing_system7_vip_v1_0_9.processing_system7_vip_v1_0_9_ax...
Compiling module xilinx_vip.axi_vip_axi4pc(WDATA_WIDTH=32,RD...
Compiling module xilinx_vip.cb
Compiling module xilinx_vip.axi_vip_if(C_AXI_PROTOCOL=1,C_AX...
Compiling module axi_vip_v1_1_7.axi_vip_v1_1_7_top(C_AXI_PROTOCO...
Compiling module processing_system7_vip_v1_0_9.processing_system7_vip_v1_0_9_ax...
Compiling module processing_system7_vip_v1_0_9.processing_system7_vip_v1_0_9_ax...
Compiling module xilinx_vip.axi_vip_axi4pc(PROTOCOL=1,RID_WI...
Compiling module xilinx_vip.cb
Compiling module xilinx_vip.axi_vip_if(C_AXI_PROTOCOL=1,C_AX...
Compiling module axi_vip_v1_1_7.axi_vip_v1_1_7_top(C_AXI_PROTOCO...
Compiling module processing_system7_vip_v1_0_9.processing_system7_vip_v1_0_9_in...
Compiling module processing_system7_vip_v1_0_9.processing_system7_vip_v1_0_9_af...
Compiling module processing_system7_vip_v1_0_9.processing_system7_vip_v1_0_9_af...
Compiling module processing_system7_vip_v1_0_9.processing_system7_vip_v1_0_9_af...
Compiling module processing_system7_vip_v1_0_9.processing_system7_vip_v1_0_9_af...
Compiling module xilinx_vip.axi_vip_axi4pc(PROTOCOL=1,RID_WI...
Compiling module xilinx_vip.cb
Compiling module xilinx_vip.axi_vip_if(C_AXI_PROTOCOL=1,C_AX...
Compiling module axi_vip_v1_1_7.axi_vip_v1_1_7_top(C_AXI_PROTOCO...
Compiling module processing_system7_vip_v1_0_9.processing_system7_vip_v1_0_9_ax...
Compiling module processing_system7_vip_v1_0_9.processing_system7_vip_v1_0_9(C_...
Compiling module xil_defaultlib.staged_mac_bd_processing_system7...
Compiling module axi_infrastructure_v1_1_0.axi_infrastructure_v1_1_0_axi2ve...
Compiling module axi_infrastructure_v1_1_0.axi_infrastructure_v1_1_0_vector...
Compiling module axi_register_slice_v2_1_21.axi_register_slice_v2_1_21_axic_...
Compiling module axi_register_slice_v2_1_21.axi_register_slice_v2_1_21_axic_...
Compiling module axi_register_slice_v2_1_21.axi_register_slice_v2_1_21_axic_...
Compiling module axi_register_slice_v2_1_21.axi_register_slice_v2_1_21_axic_...
Compiling module axi_register_slice_v2_1_21.axi_register_slice_v2_1_21_axi_r...
Compiling module axi_protocol_converter_v2_1_21.axi_protocol_converter_v2_1_21_b...
Compiling module axi_protocol_converter_v2_1_21.axi_protocol_converter_v2_1_21_b...
Compiling module axi_protocol_converter_v2_1_21.axi_protocol_converter_v2_1_21_b...
Compiling module axi_protocol_converter_v2_1_21.axi_protocol_converter_v2_1_21_b...
Compiling module axi_protocol_converter_v2_1_21.axi_protocol_converter_v2_1_21_b...
Compiling module axi_protocol_converter_v2_1_21.axi_protocol_converter_v2_1_21_b...
Compiling module axi_protocol_converter_v2_1_21.axi_protocol_converter_v2_1_21_b...
Compiling module axi_protocol_converter_v2_1_21.axi_protocol_converter_v2_1_21_b...
Compiling module axi_protocol_converter_v2_1_21.axi_protocol_converter_v2_1_21_b...
Compiling module axi_protocol_converter_v2_1_21.axi_protocol_converter_v2_1_21_b...
Compiling module axi_protocol_converter_v2_1_21.axi_protocol_converter_v2_1_21_b...
Compiling module axi_protocol_converter_v2_1_21.axi_protocol_converter_v2_1_21_b...
Compiling module axi_protocol_converter_v2_1_21.axi_protocol_converter_v2_1_21_b...
Compiling module axi_infrastructure_v1_1_0.axi_infrastructure_v1_1_0_axi2ve...
Compiling module axi_infrastructure_v1_1_0.axi_infrastructure_v1_1_0_vector...
Compiling module axi_register_slice_v2_1_21.axi_register_slice_v2_1_21_axic_...
Compiling module axi_register_slice_v2_1_21.axi_register_slice_v2_1_21_axic_...
Compiling module axi_register_slice_v2_1_21.axi_register_slice_v2_1_21_axic_...
Compiling module axi_register_slice_v2_1_21.axi_register_slice_v2_1_21_axic_...
Compiling module axi_register_slice_v2_1_21.axi_register_slice_v2_1_21_axi_r...
Compiling module axi_protocol_converter_v2_1_21.axi_protocol_converter_v2_1_21_b...
Compiling module axi_protocol_converter_v2_1_21.axi_protocol_converter_v2_1_21_a...
Compiling module xil_defaultlib.staged_mac_bd_auto_pc_0
Compiling module xil_defaultlib.s00_couplers_imp_JBBDI9
Compiling module xil_defaultlib.staged_mac_bd_ps7_0_axi_periph_0
Compiling architecture fdre_v of entity unisim.FDRE [fdre_default]
Compiling architecture fdre_v of entity unisim.FDRE [\FDRE(init='1')\]
Compiling architecture fdr_v of entity unisim.FDR [fdr_default]
Compiling architecture implementation of entity lib_cdc_v1_0_2.cdc_sync [\cdc_sync(c_vector_width=2,c_mtb...]
Compiling architecture srl16e_v of entity unisim.SRL16E [\SRL16E(init="1111111111111111")...]
Compiling architecture srl16_v of entity unisim.SRL16 [\SRL16(init="1111111111111111")(...]
Compiling architecture imp of entity proc_sys_reset_v5_0_13.lpf [\lpf(c_ext_rst_width=4,c_aux_rst...]
Compiling architecture imp of entity proc_sys_reset_v5_0_13.upcnt_n [\upcnt_n(c_size=6)\]
Compiling architecture imp of entity proc_sys_reset_v5_0_13.sequence_psr [sequence_psr_default]
Compiling architecture imp of entity proc_sys_reset_v5_0_13.proc_sys_reset [\proc_sys_reset(c_family="zynq",...]
Compiling architecture staged_mac_bd_rst_ps7_0_100m_0_arch of entity xil_defaultlib.staged_mac_bd_rst_ps7_0_100M_0 [staged_mac_bd_rst_ps7_0_100m_0_d...]
Compiling architecture behavioral of entity xil_defaultlib.staged_mac [staged_mac_default]
Compiling module xil_defaultlib.staged_mac_bd_staged_mac_0_0
Compiling module xil_defaultlib.bd_8f44_g_inst_0_gigantic_mux(C_...
Compiling module xil_defaultlib.bd_8f44_g_inst_0
Compiling module xil_defaultlib.bd_8f44_ila_lib_0
Compiling module xil_defaultlib.bd_8f44
Compiling module xil_defaultlib.staged_mac_bd_system_ila_0_0
Compiling module xil_defaultlib.staged_mac_bd
Compiling module xil_defaultlib.staged_mac_bd_wrapper
Compiling module xil_defaultlib.glbl
Built simulation snapshot staged_mac_bd_wrapper_behav
