#-----------------------------------------------------------
# Vivado v2020.1 (64-bit)
# SW Build 2902540 on Wed May 27 19:54:35 MDT 2020
# IP Build 2902112 on Wed May 27 22:43:36 MDT 2020
# Start of session at: Tue Oct 28 22:10:39 2025
# Process ID: 127566
# Current directory: /home/cam2022/CPRE-487_git/CPRE-4870/Lab4/hw/staged_mac_4bit_implementation/vivado
# Command line: vivado
# Log file: /home/cam2022/CPRE-487_git/CPRE-4870/Lab4/hw/staged_mac_4bit_implementation/vivado/vivado.log
# Journal file: /home/cam2022/CPRE-487_git/CPRE-4870/Lab4/hw/staged_mac_4bit_implementation/vivado/vivado.jou
#-----------------------------------------------------------
start_gui
open_project /home/cam2022/CPRE-487_git/CPRE-4870/Lab4/hw/staged_mac_4bit_implementation/vivado/simple_interface/simple_interface.xpr
Scanning sources...
Finished scanning sources
INFO: [IP_Flow 19-234] Refreshing IP repositories
INFO: [IP_Flow 19-1704] No user IP repositories specified
INFO: [IP_Flow 19-2313] Loaded Vivado IP repository '/remote/Xilinx/2020.1/Vivado/2020.1/data/ip'.
WARNING: [IP_Flow 19-3899] Cannot get the environment domain name variable for the component vendor name. Setting the vendor name to 'user.org'.
open_project: Time (s): cpu = 00:00:09 ; elapsed = 00:00:06 . Memory (MB): peak = 7209.703 ; gain = 32.238 ; free physical = 16172 ; free virtual = 38970
update_compile_order -fileset sources_1
open_bd_design {/home/cam2022/CPRE-487_git/CPRE-4870/Lab4/hw/staged_mac_4bit_implementation/vivado/simple_interface/simple_interface.srcs/sources_1/bd/staged_mac_bd/staged_mac_bd.bd}
Adding component instance block -- xilinx.com:ip:axi_fifo_mm_s:4.2 - axi_fifo_mm_s_0
Adding component instance block -- xilinx.com:ip:processing_system7:5.5 - processing_system7_0
WARNING: [BD 41-176] The physical port 'S_AXI_GP2_rd_socket' specified in the portmap, is not found on the block! 
WARNING: [BD 41-176] The physical port 'S_AXI_GP2_wr_socket' specified in the portmap, is not found on the block! 
WARNING: [BD 41-176] The physical port 'S_AXI_GP3_rd_socket' specified in the portmap, is not found on the block! 
WARNING: [BD 41-176] The physical port 'S_AXI_GP3_wr_socket' specified in the portmap, is not found on the block! 
Adding component instance block -- xilinx.com:ip:axi_interconnect:2.1 - ps7_0_axi_periph
Adding component instance block -- xilinx.com:ip:axi_protocol_converter:2.1 - auto_pc
Adding component instance block -- xilinx.com:ip:proc_sys_reset:5.0 - rst_ps7_0_100M
Adding component instance block -- xilinx.com:module_ref:staged_mac:1.0 - staged_mac_0
Adding component instance block -- xilinx.com:ip:axis_subset_converter:1.1 - axis_subset_converter_0
Successfully read diagram <staged_mac_bd> from BD file </home/cam2022/CPRE-487_git/CPRE-4870/Lab4/hw/staged_mac_4bit_implementation/vivado/simple_interface/simple_interface.srcs/sources_1/bd/staged_mac_bd/staged_mac_bd.bd>
reset_run synth_1
launch_runs impl_1 -to_step write_bitstream -jobs 10
[Tue Oct 28 22:14:11 2025] Launched synth_1...
Run output will be captured here: /home/cam2022/CPRE-487_git/CPRE-4870/Lab4/hw/staged_mac_4bit_implementation/vivado/simple_interface/simple_interface.runs/synth_1/runme.log
[Tue Oct 28 22:14:11 2025] Launched impl_1...
Run output will be captured here: /home/cam2022/CPRE-487_git/CPRE-4870/Lab4/hw/staged_mac_4bit_implementation/vivado/simple_interface/simple_interface.runs/impl_1/runme.log
open_run impl_1
INFO: [Device 21-403] Loading part xc7z020clg484-1
Netlist sorting complete. Time (s): cpu = 00:00:00.03 ; elapsed = 00:00:00.03 . Memory (MB): peak = 7593.355 ; gain = 0.000 ; free physical = 15576 ; free virtual = 38586
INFO: [Netlist 29-17] Analyzing 213 Unisim elements for replacement
INFO: [Netlist 29-28] Unisim Transformation completed in 0 CPU seconds
INFO: [Project 1-479] Netlist was created with Vivado 2020.1
INFO: [Project 1-570] Preparing netlist for logic optimization
INFO: [Timing 38-478] Restoring timing data from binary archive.
INFO: [Timing 38-479] Binary timing data restore complete.
INFO: [Project 1-856] Restoring constraints from binary archive.
INFO: [Project 1-853] Binary constraint restore complete.
Reading XDEF placement.
Reading placer database...
Reading XDEF routing.
Read XDEF File: Time (s): cpu = 00:00:00.14 ; elapsed = 00:00:00.15 . Memory (MB): peak = 8099.613 ; gain = 5.000 ; free physical = 15012 ; free virtual = 38023
Restored from archive | CPU: 0.140000 secs | Memory: 2.998215 MB |
Finished XDEF File Restore: Time (s): cpu = 00:00:00.14 ; elapsed = 00:00:00.15 . Memory (MB): peak = 8099.613 ; gain = 5.000 ; free physical = 15012 ; free virtual = 38023
Netlist sorting complete. Time (s): cpu = 00:00:00 ; elapsed = 00:00:00 . Memory (MB): peak = 8099.613 ; gain = 0.000 ; free physical = 15012 ; free virtual = 38023
INFO: [Project 1-111] Unisim Transformation Summary:
  A total of 72 instances were transformed.
  RAM64M => RAM64M (RAMD64E(x4)): 56 instances
  RAM64X1D => RAM64X1D (RAMD64E(x2)): 16 instances

open_run: Time (s): cpu = 00:00:14 ; elapsed = 00:00:12 . Memory (MB): peak = 8306.328 ; gain = 712.973 ; free physical = 14835 ; free virtual = 37848
set_property pfm_name {} [get_files -all {/home/cam2022/CPRE-487_git/CPRE-4870/Lab4/hw/staged_mac_4bit_implementation/vivado/simple_interface/simple_interface.srcs/sources_1/bd/staged_mac_bd/staged_mac_bd.bd}]
write_hw_platform -fixed -include_bit -force -file /home/cam2022/CPRE-487_git/CPRE-4870/Lab4/sw/cpre487-587-dnn-framework-main/staged_mac_bd_wrapper.xsa
INFO: [Vivado 12-4895] Creating Hardware Platform: /home/cam2022/CPRE-487_git/CPRE-4870/Lab4/sw/cpre487-587-dnn-framework-main/staged_mac_bd_wrapper.xsa ...
INFO: [Hsi 55-2053] elapsed time for repository (/remote/Xilinx/2020.1/Vivado/2020.1/data/embeddedsw) loading 1 seconds
INFO: [Vivado 12-4896] Successfully created Hardware Platform: /home/cam2022/CPRE-487_git/CPRE-4870/Lab4/sw/cpre487-587-dnn-framework-main/staged_mac_bd_wrapper.xsa
open_bd_design {/home/cam2022/CPRE-487_git/CPRE-4870/Lab4/hw/staged_mac_4bit_implementation/vivado/simple_interface/simple_interface.srcs/sources_1/bd/staged_mac_bd/staged_mac_bd.bd}
update_module_reference staged_mac_bd_staged_mac_0_0
INFO: [IP_Flow 19-5107] Inferred bus interface 'MO_AXIS' of definition 'xilinx.com:interface:axis:1.0' (from Xilinx Repository).
INFO: [IP_Flow 19-5107] Inferred bus interface 'SD_AXIS' of definition 'xilinx.com:interface:axis:1.0' (from Xilinx Repository).
INFO: [IP_Flow 19-5107] Inferred bus interface 'ARESETN' of definition 'xilinx.com:signal:reset:1.0' (from Xilinx Repository).
INFO: [IP_Flow 19-5107] Inferred bus interface 'ACLK' of definition 'xilinx.com:signal:clock:1.0' (from Xilinx Repository).
INFO: [IP_Flow 19-4728] Bus Interface 'ARESETN': Added interface parameter 'POLARITY' with value 'ACTIVE_LOW'.
INFO: [IP_Flow 19-4728] Bus Interface 'ACLK': Added interface parameter 'ASSOCIATED_BUSIF' with value 'MO_AXIS'.
INFO: [IP_Flow 19-4728] Bus Interface 'ACLK': Added interface parameter 'ASSOCIATED_RESET' with value 'ARESETN'.
INFO: [IP_Flow 19-234] Refreshing IP repositories
INFO: [IP_Flow 19-1704] No user IP repositories specified
Upgrading '/home/cam2022/CPRE-487_git/CPRE-4870/Lab4/hw/staged_mac_4bit_implementation/vivado/simple_interface/simple_interface.srcs/sources_1/bd/staged_mac_bd/staged_mac_bd.bd'
INFO: [IP_Flow 19-1972] Upgraded staged_mac_bd_staged_mac_0_0 from staged_mac_v1_0 1.0 to staged_mac_v1_0 1.0
Wrote  : </home/cam2022/CPRE-487_git/CPRE-4870/Lab4/hw/staged_mac_4bit_implementation/vivado/simple_interface/simple_interface.srcs/sources_1/bd/staged_mac_bd/staged_mac_bd.bd> 
Wrote  : </home/cam2022/CPRE-487_git/CPRE-4870/Lab4/hw/staged_mac_4bit_implementation/vivado/simple_interface/simple_interface.srcs/sources_1/bd/staged_mac_bd/ui/bd_65dee2cb.ui> 
