#-----------------------------------------------------------
# Vivado v2020.1 (64-bit)
# SW Build 2902540 on Wed May 27 19:54:35 MDT 2020
# IP Build 2902112 on Wed May 27 22:43:36 MDT 2020
# Start of session at: Mon Oct 27 14:47:27 2025
# Process ID: 135941
# Current directory: /home/cam2022/CPRE-487_git/CPRE-4870/Lab4/hw/staged_mac_4bit/vivado
# Command line: vivado
# Log file: /home/cam2022/CPRE-487_git/CPRE-4870/Lab4/hw/staged_mac_4bit/vivado/vivado.log
# Journal file: /home/cam2022/CPRE-487_git/CPRE-4870/Lab4/hw/staged_mac_4bit/vivado/vivado.jou
#-----------------------------------------------------------
start_gui
ls
WARNING: [Common 17-259] Unknown Tcl command 'ls' sending command to the OS shell for execution. It is recommended to use 'exec' to send the command to the OS shell.
tc_staged_mac_ip_4bit.tcl
vivado.jou
vivado.log
vivado_pid135941.str
source tc_staged_mac_ip_4bit.tcl
# set origin_dir "."
# if { [info exists ::origin_dir_loc] } {
#   set origin_dir $::origin_dir_loc
# }
# set _xil_proj_name_ "tc_staged_mac"
# if { [info exists ::user_project_name] } {
#   set _xil_proj_name_ $::user_project_name
# }
# variable script_file
# set script_file "tc_staged_mac_ip.tcl"
# proc print_help {} {
#   variable script_file
#   puts "\nDescription:"
#   puts "Recreate a Vivado project from this script. The created project will be"
#   puts "functionally equivalent to the original project for which this script was"
#   puts "generated. The script contains commands for creating a project, filesets,"
#   puts "runs, adding/importing sources and setting properties on various objects.\n"
#   puts "Syntax:"
#   puts "$script_file"
#   puts "$script_file -tclargs \[--origin_dir <path>\]"
#   puts "$script_file -tclargs \[--project_name <name>\]"
#   puts "$script_file -tclargs \[--help\]\n"
#   puts "Usage:"
#   puts "Name                   Description"
#   puts "-------------------------------------------------------------------------"
#   puts "\[--origin_dir <path>\]  Determine source file paths wrt this path. Default"
#   puts "                       origin_dir path value is \".\", otherwise, the value"
#   puts "                       that was set with the \"-paths_relative_to\" switch"
#   puts "                       when this script was generated.\n"
#   puts "\[--project_name <name>\] Create project with the specified name. Default"
#   puts "                       name is the name of the project from where this"
#   puts "                       script was generated.\n"
#   puts "\[--help\]               Print help information for this script"
#   puts "-------------------------------------------------------------------------\n"
#   exit 0
# }
# if { $::argc > 0 } {
#   for {set i 0} {$i < $::argc} {incr i} {
#     set option [string trim [lindex $::argv $i]]
#     switch -regexp -- $option {
#       "--origin_dir"   { incr i; set origin_dir [lindex $::argv $i] }
#       "--project_name" { incr i; set _xil_proj_name_ [lindex $::argv $i] }
#       "--help"         { print_help }
#       default {
#         if { [regexp {^-} $option] } {
#           puts "ERROR: Unknown option '$option' specified, please type '$script_file -tclargs --help' for usage info.\n"
#           return 1
#         }
#       }
#     }
#   }
# }
# set orig_proj_dir "[file normalize "$origin_dir/tc_staged_mac"]"
# create_project ${_xil_proj_name_} ./${_xil_proj_name_} -part xc7z020clg484-1
INFO: [IP_Flow 19-234] Refreshing IP repositories
INFO: [IP_Flow 19-1704] No user IP repositories specified
INFO: [IP_Flow 19-2313] Loaded Vivado IP repository '/remote/Xilinx/2020.1/Vivado/2020.1/data/ip'.
WARNING: [IP_Flow 19-3899] Cannot get the environment domain name variable for the component vendor name. Setting the vendor name to 'user.org'.
# set proj_dir [get_property directory [current_project]]
# set obj [current_project]
# set_property -name "board_part" -value "em.avnet.com:zed:part0:1.4" -objects $obj
# set_property -name "board_part_repo_paths" -value "[file normalize "$origin_dir/../../../../cpre480/MP-1/hw/board"]" -objects $obj
WARNING: [Vivado 12-9135] Ignoring repo path (/home/cam2022/CPRE-487_git/CPRE-4870/cpre480/MP-1/hw/board) because it contains no board files
# set_property -name "compxlib.modelsim_compiled_library_dir" -value "C:/Xilinx/Vivado/Modelsim_libs" -objects $obj
# set_property -name "default_lib" -value "xil_defaultlib" -objects $obj
# set_property -name "enable_vhdl_2008" -value "1" -objects $obj
# set_property -name "ip_cache_permissions" -value "read write" -objects $obj
# set_property -name "ip_output_repo" -value "$proj_dir/${_xil_proj_name_}.cache/ip" -objects $obj
# set_property -name "mem.enable_memory_map_generation" -value "1" -objects $obj
# set_property -name "platform.board_id" -value "zed" -objects $obj
# set_property -name "sim.central_dir" -value "$proj_dir/${_xil_proj_name_}.ip_user_files" -objects $obj
# set_property -name "sim.ip.auto_export_scripts" -value "1" -objects $obj
# set_property -name "simulator_language" -value "Mixed" -objects $obj
# set_property -name "target_language" -value "VHDL" -objects $obj
# if {[string equal [get_filesets -quiet sources_1] ""]} {
#   create_fileset -srcset sources_1
# }
# set obj [get_filesets sources_1]
# if { $obj != {} } {
#    set_property "ip_repo_paths" "[file normalize "$origin_dir/../"]" $obj
# 
#    # Rebuild user ip_repo's index before adding any source files
#    update_ip_catalog -rebuild
# }
INFO: [IP_Flow 19-234] Refreshing IP repositories
INFO: [IP_Flow 19-1700] Loaded user IP repository '/home/cam2022/CPRE-487_git/CPRE-4870/Lab4/hw/staged_mac_4bit'.
WARNING: [IP_Flow 19-3656] If you move the project, the path for repository '/home/cam2022/CPRE-487_git/CPRE-4870/Lab4/hw/staged_mac_4bit' may become invalid. A better location for the repository would be in a path adjacent to the project. (Current project location is '/home/cam2022/CPRE-487_git/CPRE-4870/Lab4/hw/staged_mac_4bit/vivado/tc_staged_mac'.)
WARNING: [IP_Flow 19-3899] Cannot get the environment domain name variable for the component vendor name. Setting the vendor name to 'user.org'.
# set obj [get_filesets sources_1]
# set files [list \
#  [file normalize "${origin_dir}/../hdl/staged_mac.vhd"] \
#  [file normalize "${origin_dir}/../component.xml"] \
# ]
# add_files -norecurse -fileset $obj $files
# set file "$origin_dir/../hdl/staged_mac.vhd"
# set file [file normalize $file]
# set file_obj [get_files -of_objects [get_filesets sources_1] [list "*$file"]]
# set_property -name "file_type" -value "VHDL" -objects $file_obj
# set file "$origin_dir/../component.xml"
# set file [file normalize $file]
# set file_obj [get_files -of_objects [get_filesets sources_1] [list "*$file"]]
# set_property -name "file_type" -value "IP-XACT" -objects $file_obj
# set obj [get_filesets sources_1]
# set_property -name "top" -value "staged_mac" -objects $obj
# set_property -name "top_auto_set" -value "0" -objects $obj
# if {[string equal [get_filesets -quiet constrs_1] ""]} {
#   create_fileset -constrset constrs_1
# }
# set obj [get_filesets constrs_1]
# set file "[file normalize "$origin_dir/../hdl/zedboard.xdc"]"
# set file_added [add_files -norecurse -fileset $obj [list $file]]
# set file "$origin_dir/../hdl/zedboard.xdc"
# set file [file normalize $file]
# set file_obj [get_files -of_objects [get_filesets constrs_1] [list "*$file"]]
# set_property -name "file_type" -value "XDC" -objects $file_obj
# set obj [get_filesets constrs_1]
# if {[string equal [get_filesets -quiet sim_1] ""]} {
#   create_fileset -simset sim_1
# }
# set obj [get_filesets sim_1]
# set obj [get_filesets sim_1]
# set_property -name "hbs.configure_design_for_hier_access" -value "1" -objects $obj
# set_property -name "top" -value "staged_mac" -objects $obj
# set_property -name "top_auto_set" -value "0" -objects $obj
# set_property -name "top_lib" -value "xil_defaultlib" -objects $obj
# set obj [get_filesets utils_1]
# set obj [get_filesets utils_1]
# if {[string equal [get_runs -quiet synth_1] ""]} {
#     create_run -name synth_1 -part xc7z020clg484-1 -flow {Vivado Synthesis 2020} -strategy "Vivado Synthesis Defaults" -report_strategy {No Reports} -constrset constrs_1
# } else {
#   set_property strategy "Vivado Synthesis Defaults" [get_runs synth_1]
#   set_property flow "Vivado Synthesis 2020" [get_runs synth_1]
# }
# set obj [get_runs synth_1]
# set_property set_report_strategy_name 1 $obj
# set_property report_strategy {Vivado Synthesis Default Reports} $obj
# set_property set_report_strategy_name 0 $obj
# if { [ string equal [get_report_configs -of_objects [get_runs synth_1] synth_1_synth_report_utilization_0] "" ] } {
#   create_report_config -report_name synth_1_synth_report_utilization_0 -report_type report_utilization:1.0 -steps synth_design -runs synth_1
# }
# set obj [get_report_configs -of_objects [get_runs synth_1] synth_1_synth_report_utilization_0]
# if { $obj != "" } {
# 
# }
# set obj [get_runs synth_1]
# set_property -name "strategy" -value "Vivado Synthesis Defaults" -objects $obj
# current_run -synthesis [get_runs synth_1]
# if {[string equal [get_runs -quiet impl_1] ""]} {
#     create_run -name impl_1 -part xc7z020clg484-1 -flow {Vivado Implementation 2020} -strategy "Vivado Implementation Defaults" -report_strategy {No Reports} -constrset constrs_1 -parent_run synth_1
# } else {
#   set_property strategy "Vivado Implementation Defaults" [get_runs impl_1]
#   set_property flow "Vivado Implementation 2020" [get_runs impl_1]
# }
# set obj [get_runs impl_1]
# set_property set_report_strategy_name 1 $obj
# set_property report_strategy {Vivado Implementation Default Reports} $obj
# set_property set_report_strategy_name 0 $obj
# if { [ string equal [get_report_configs -of_objects [get_runs impl_1] impl_1_init_report_timing_summary_0] "" ] } {
#   create_report_config -report_name impl_1_init_report_timing_summary_0 -report_type report_timing_summary:1.0 -steps init_design -runs impl_1
# }
# set obj [get_report_configs -of_objects [get_runs impl_1] impl_1_init_report_timing_summary_0]
# if { $obj != "" } {
# set_property -name "is_enabled" -value "0" -objects $obj
# set_property -name "options.max_paths" -value "10" -objects $obj
# 
# }
# if { [ string equal [get_report_configs -of_objects [get_runs impl_1] impl_1_opt_report_drc_0] "" ] } {
#   create_report_config -report_name impl_1_opt_report_drc_0 -report_type report_drc:1.0 -steps opt_design -runs impl_1
# }
# set obj [get_report_configs -of_objects [get_runs impl_1] impl_1_opt_report_drc_0]
# if { $obj != "" } {
# 
# }
# if { [ string equal [get_report_configs -of_objects [get_runs impl_1] impl_1_opt_report_timing_summary_0] "" ] } {
#   create_report_config -report_name impl_1_opt_report_timing_summary_0 -report_type report_timing_summary:1.0 -steps opt_design -runs impl_1
# }
# set obj [get_report_configs -of_objects [get_runs impl_1] impl_1_opt_report_timing_summary_0]
# if { $obj != "" } {
# set_property -name "is_enabled" -value "0" -objects $obj
# set_property -name "options.max_paths" -value "10" -objects $obj
# 
# }
# if { [ string equal [get_report_configs -of_objects [get_runs impl_1] impl_1_power_opt_report_timing_summary_0] "" ] } {
#   create_report_config -report_name impl_1_power_opt_report_timing_summary_0 -report_type report_timing_summary:1.0 -steps power_opt_design -runs impl_1
# }
# set obj [get_report_configs -of_objects [get_runs impl_1] impl_1_power_opt_report_timing_summary_0]
# if { $obj != "" } {
# set_property -name "is_enabled" -value "0" -objects $obj
# set_property -name "options.max_paths" -value "10" -objects $obj
# 
# }
# if { [ string equal [get_report_configs -of_objects [get_runs impl_1] impl_1_place_report_io_0] "" ] } {
#   create_report_config -report_name impl_1_place_report_io_0 -report_type report_io:1.0 -steps place_design -runs impl_1
# }
# set obj [get_report_configs -of_objects [get_runs impl_1] impl_1_place_report_io_0]
# if { $obj != "" } {
# 
# }
# if { [ string equal [get_report_configs -of_objects [get_runs impl_1] impl_1_place_report_utilization_0] "" ] } {
#   create_report_config -report_name impl_1_place_report_utilization_0 -report_type report_utilization:1.0 -steps place_design -runs impl_1
# }
# set obj [get_report_configs -of_objects [get_runs impl_1] impl_1_place_report_utilization_0]
# if { $obj != "" } {
# 
# }
# if { [ string equal [get_report_configs -of_objects [get_runs impl_1] impl_1_place_report_control_sets_0] "" ] } {
#   create_report_config -report_name impl_1_place_report_control_sets_0 -report_type report_control_sets:1.0 -steps place_design -runs impl_1
# }
# set obj [get_report_configs -of_objects [get_runs impl_1] impl_1_place_report_control_sets_0]
# if { $obj != "" } {
# set_property -name "options.verbose" -value "1" -objects $obj
# 
# }
# if { [ string equal [get_report_configs -of_objects [get_runs impl_1] impl_1_place_report_incremental_reuse_0] "" ] } {
#   create_report_config -report_name impl_1_place_report_incremental_reuse_0 -report_type report_incremental_reuse:1.0 -steps place_design -runs impl_1
# }
# set obj [get_report_configs -of_objects [get_runs impl_1] impl_1_place_report_incremental_reuse_0]
# if { $obj != "" } {
# set_property -name "is_enabled" -value "0" -objects $obj
# 
# }
# if { [ string equal [get_report_configs -of_objects [get_runs impl_1] impl_1_place_report_incremental_reuse_1] "" ] } {
#   create_report_config -report_name impl_1_place_report_incremental_reuse_1 -report_type report_incremental_reuse:1.0 -steps place_design -runs impl_1
# }
# set obj [get_report_configs -of_objects [get_runs impl_1] impl_1_place_report_incremental_reuse_1]
# if { $obj != "" } {
# set_property -name "is_enabled" -value "0" -objects $obj
# 
# }
# if { [ string equal [get_report_configs -of_objects [get_runs impl_1] impl_1_place_report_timing_summary_0] "" ] } {
#   create_report_config -report_name impl_1_place_report_timing_summary_0 -report_type report_timing_summary:1.0 -steps place_design -runs impl_1
# }
# set obj [get_report_configs -of_objects [get_runs impl_1] impl_1_place_report_timing_summary_0]
# if { $obj != "" } {
# set_property -name "is_enabled" -value "0" -objects $obj
# set_property -name "options.max_paths" -value "10" -objects $obj
# 
# }
# if { [ string equal [get_report_configs -of_objects [get_runs impl_1] impl_1_post_place_power_opt_report_timing_summary_0] "" ] } {
#   create_report_config -report_name impl_1_post_place_power_opt_report_timing_summary_0 -report_type report_timing_summary:1.0 -steps post_place_power_opt_design -runs impl_1
# }
# set obj [get_report_configs -of_objects [get_runs impl_1] impl_1_post_place_power_opt_report_timing_summary_0]
# if { $obj != "" } {
# set_property -name "is_enabled" -value "0" -objects $obj
# set_property -name "options.max_paths" -value "10" -objects $obj
# 
# }
# if { [ string equal [get_report_configs -of_objects [get_runs impl_1] impl_1_phys_opt_report_timing_summary_0] "" ] } {
#   create_report_config -report_name impl_1_phys_opt_report_timing_summary_0 -report_type report_timing_summary:1.0 -steps phys_opt_design -runs impl_1
# }
# set obj [get_report_configs -of_objects [get_runs impl_1] impl_1_phys_opt_report_timing_summary_0]
# if { $obj != "" } {
# set_property -name "is_enabled" -value "0" -objects $obj
# set_property -name "options.max_paths" -value "10" -objects $obj
# 
# }
# if { [ string equal [get_report_configs -of_objects [get_runs impl_1] impl_1_route_report_drc_0] "" ] } {
#   create_report_config -report_name impl_1_route_report_drc_0 -report_type report_drc:1.0 -steps route_design -runs impl_1
# }
# set obj [get_report_configs -of_objects [get_runs impl_1] impl_1_route_report_drc_0]
# if { $obj != "" } {
# 
# }
# if { [ string equal [get_report_configs -of_objects [get_runs impl_1] impl_1_route_report_methodology_0] "" ] } {
#   create_report_config -report_name impl_1_route_report_methodology_0 -report_type report_methodology:1.0 -steps route_design -runs impl_1
# }
# set obj [get_report_configs -of_objects [get_runs impl_1] impl_1_route_report_methodology_0]
# if { $obj != "" } {
# 
# }
# if { [ string equal [get_report_configs -of_objects [get_runs impl_1] impl_1_route_report_power_0] "" ] } {
#   create_report_config -report_name impl_1_route_report_power_0 -report_type report_power:1.0 -steps route_design -runs impl_1
# }
# set obj [get_report_configs -of_objects [get_runs impl_1] impl_1_route_report_power_0]
# if { $obj != "" } {
# 
# }
# if { [ string equal [get_report_configs -of_objects [get_runs impl_1] impl_1_route_report_route_status_0] "" ] } {
#   create_report_config -report_name impl_1_route_report_route_status_0 -report_type report_route_status:1.0 -steps route_design -runs impl_1
# }
# set obj [get_report_configs -of_objects [get_runs impl_1] impl_1_route_report_route_status_0]
# if { $obj != "" } {
# 
# }
# if { [ string equal [get_report_configs -of_objects [get_runs impl_1] impl_1_route_report_timing_summary_0] "" ] } {
#   create_report_config -report_name impl_1_route_report_timing_summary_0 -report_type report_timing_summary:1.0 -steps route_design -runs impl_1
# }
# set obj [get_report_configs -of_objects [get_runs impl_1] impl_1_route_report_timing_summary_0]
# if { $obj != "" } {
# set_property -name "options.max_paths" -value "10" -objects $obj
# 
# }
# if { [ string equal [get_report_configs -of_objects [get_runs impl_1] impl_1_route_report_incremental_reuse_0] "" ] } {
#   create_report_config -report_name impl_1_route_report_incremental_reuse_0 -report_type report_incremental_reuse:1.0 -steps route_design -runs impl_1
# }
# set obj [get_report_configs -of_objects [get_runs impl_1] impl_1_route_report_incremental_reuse_0]
# if { $obj != "" } {
# 
# }
# if { [ string equal [get_report_configs -of_objects [get_runs impl_1] impl_1_route_report_clock_utilization_0] "" ] } {
#   create_report_config -report_name impl_1_route_report_clock_utilization_0 -report_type report_clock_utilization:1.0 -steps route_design -runs impl_1
# }
# set obj [get_report_configs -of_objects [get_runs impl_1] impl_1_route_report_clock_utilization_0]
# if { $obj != "" } {
# 
# }
# if { [ string equal [get_report_configs -of_objects [get_runs impl_1] impl_1_route_report_bus_skew_0] "" ] } {
#   create_report_config -report_name impl_1_route_report_bus_skew_0 -report_type report_bus_skew:1.1 -steps route_design -runs impl_1
# }
# set obj [get_report_configs -of_objects [get_runs impl_1] impl_1_route_report_bus_skew_0]
# if { $obj != "" } {
# set_property -name "options.warn_on_violation" -value "1" -objects $obj
# 
# }
# if { [ string equal [get_report_configs -of_objects [get_runs impl_1] impl_1_post_route_phys_opt_report_timing_summary_0] "" ] } {
#   create_report_config -report_name impl_1_post_route_phys_opt_report_timing_summary_0 -report_type report_timing_summary:1.0 -steps post_route_phys_opt_design -runs impl_1
# }
# set obj [get_report_configs -of_objects [get_runs impl_1] impl_1_post_route_phys_opt_report_timing_summary_0]
# if { $obj != "" } {
# set_property -name "options.max_paths" -value "10" -objects $obj
# set_property -name "options.warn_on_violation" -value "1" -objects $obj
# 
# }
# if { [ string equal [get_report_configs -of_objects [get_runs impl_1] impl_1_post_route_phys_opt_report_bus_skew_0] "" ] } {
#   create_report_config -report_name impl_1_post_route_phys_opt_report_bus_skew_0 -report_type report_bus_skew:1.1 -steps post_route_phys_opt_design -runs impl_1
# }
# set obj [get_report_configs -of_objects [get_runs impl_1] impl_1_post_route_phys_opt_report_bus_skew_0]
# if { $obj != "" } {
# set_property -name "options.warn_on_violation" -value "1" -objects $obj
# 
# }
# set obj [get_runs impl_1]
# set_property -name "strategy" -value "Vivado Implementation Defaults" -objects $obj
# set_property -name "steps.write_bitstream.args.readback_file" -value "0" -objects $obj
# set_property -name "steps.write_bitstream.args.verbose" -value "0" -objects $obj
# current_run -implementation [get_runs impl_1]
# puts "INFO: Project created:${_xil_proj_name_}"
INFO: Project created:tc_staged_mac
# if {[string equal [get_dashboard_gadgets  [ list "drc_1" ] ] ""]} {
# create_dashboard_gadget -name {drc_1} -type drc
# }
# set obj [get_dashboard_gadgets [ list "drc_1" ] ]
# set_property -name "reports" -value "impl_1#impl_1_route_report_drc_0" -objects $obj
# if {[string equal [get_dashboard_gadgets  [ list "methodology_1" ] ] ""]} {
# create_dashboard_gadget -name {methodology_1} -type methodology
# }
# set obj [get_dashboard_gadgets [ list "methodology_1" ] ]
# set_property -name "reports" -value "impl_1#impl_1_route_report_methodology_0" -objects $obj
# if {[string equal [get_dashboard_gadgets  [ list "power_1" ] ] ""]} {
# create_dashboard_gadget -name {power_1} -type power
# }
# set obj [get_dashboard_gadgets [ list "power_1" ] ]
# set_property -name "reports" -value "impl_1#impl_1_route_report_power_0" -objects $obj
# if {[string equal [get_dashboard_gadgets  [ list "timing_1" ] ] ""]} {
# create_dashboard_gadget -name {timing_1} -type timing
# }
# set obj [get_dashboard_gadgets [ list "timing_1" ] ]
# set_property -name "reports" -value "impl_1#impl_1_route_report_timing_summary_0" -objects $obj
# if {[string equal [get_dashboard_gadgets  [ list "utilization_1" ] ] ""]} {
# create_dashboard_gadget -name {utilization_1} -type utilization
# }
# set obj [get_dashboard_gadgets [ list "utilization_1" ] ]
# set_property -name "reports" -value "synth_1#synth_1_synth_report_utilization_0" -objects $obj
# set_property -name "run.step" -value "synth_design" -objects $obj
# set_property -name "run.type" -value "synthesis" -objects $obj
# if {[string equal [get_dashboard_gadgets  [ list "utilization_2" ] ] ""]} {
# create_dashboard_gadget -name {utilization_2} -type utilization
# }
# set obj [get_dashboard_gadgets [ list "utilization_2" ] ]
# set_property -name "reports" -value "impl_1#impl_1_place_report_utilization_0" -objects $obj
# move_dashboard_gadget -name {utilization_1} -row 0 -col 0
# move_dashboard_gadget -name {power_1} -row 1 -col 0
# move_dashboard_gadget -name {drc_1} -row 2 -col 0
# move_dashboard_gadget -name {timing_1} -row 0 -col 1
# move_dashboard_gadget -name {utilization_2} -row 1 -col 1
# move_dashboard_gadget -name {methodology_1} -row 2 -col 1
update_compile_order -fileset sources_1
launch_runs impl_1 -jobs 10
[Mon Oct 27 14:56:43 2025] Launched synth_1...
Run output will be captured here: /home/cam2022/CPRE-487_git/CPRE-4870/Lab4/hw/staged_mac_4bit/vivado/tc_staged_mac/tc_staged_mac.runs/synth_1/runme.log
[Mon Oct 27 14:56:43 2025] Launched impl_1...
Run output will be captured here: /home/cam2022/CPRE-487_git/CPRE-4870/Lab4/hw/staged_mac_4bit/vivado/tc_staged_mac/tc_staged_mac.runs/impl_1/runme.log
open_run impl_1
INFO: [Device 21-403] Loading part xc7z020clg484-1
Netlist sorting complete. Time (s): cpu = 00:00:00 ; elapsed = 00:00:00 . Memory (MB): peak = 7399.918 ; gain = 0.000 ; free physical = 15839 ; free virtual = 37825
INFO: [Netlist 29-17] Analyzing 11 Unisim elements for replacement
INFO: [Netlist 29-28] Unisim Transformation completed in 0 CPU seconds
INFO: [Project 1-479] Netlist was created with Vivado 2020.1
INFO: [Project 1-570] Preparing netlist for logic optimization
INFO: [Timing 38-478] Restoring timing data from binary archive.
INFO: [Timing 38-479] Binary timing data restore complete.
INFO: [Project 1-856] Restoring constraints from binary archive.
INFO: [Project 1-853] Binary constraint restore complete.
Reading XDEF placement.
Reading placer database...
Reading XDEF routing.
Read XDEF File: Time (s): cpu = 00:00:00.02 ; elapsed = 00:00:00.02 . Memory (MB): peak = 7940.602 ; gain = 0.000 ; free physical = 16893 ; free virtual = 38878
Restored from archive | CPU: 0.020000 secs | Memory: 0.258911 MB |
Finished XDEF File Restore: Time (s): cpu = 00:00:00.02 ; elapsed = 00:00:00.02 . Memory (MB): peak = 7940.602 ; gain = 0.000 ; free physical = 16893 ; free virtual = 38878
Netlist sorting complete. Time (s): cpu = 00:00:00 ; elapsed = 00:00:00 . Memory (MB): peak = 7940.602 ; gain = 0.000 ; free physical = 16893 ; free virtual = 38878
INFO: [Project 1-111] Unisim Transformation Summary:
No Unisim elements were transformed.

open_run: Time (s): cpu = 00:00:13 ; elapsed = 00:00:11 . Memory (MB): peak = 8129.285 ; gain = 729.367 ; free physical = 16735 ; free virtual = 38721
CRITICAL WARNING: [Timing 38-282] The design failed to meet the timing requirements. Please see the timing summary report for details on the timing violations.
launch_simulation -mode post-implementation -type functional
Command: launch_simulation -mode post-implementation -type functional
INFO: [Vivado 12-5682] Launching post-implementation functional simulation in '/home/cam2022/CPRE-487_git/CPRE-4870/Lab4/hw/staged_mac_4bit/vivado/tc_staged_mac/tc_staged_mac.sim/sim_1/impl/func/xsim'
INFO: [SIM-utils-51] Simulation object is 'sim_1'
INFO: [SIM-utils-31] Writing simulation netlist file for design 'impl_1'...
INFO: [SIM-utils-33] write_vhdl -mode funcsim -nolib -force -file "/home/cam2022/CPRE-487_git/CPRE-4870/Lab4/hw/staged_mac_4bit/vivado/tc_staged_mac/tc_staged_mac.sim/sim_1/impl/func/xsim/staged_mac_func_impl.vhd"
INFO: [SIM-utils-36] Netlist generated:/home/cam2022/CPRE-487_git/CPRE-4870/Lab4/hw/staged_mac_4bit/vivado/tc_staged_mac/tc_staged_mac.sim/sim_1/impl/func/xsim/staged_mac_func_impl.vhd
INFO: [SIM-utils-54] Inspecting design source files for 'staged_mac' in fileset 'sim_1'...
INFO: [USF-XSim-2] XSim::Compile design
INFO: [USF-XSim-61] Executing 'COMPILE and ANALYZE' step in '/home/cam2022/CPRE-487_git/CPRE-4870/Lab4/hw/staged_mac_4bit/vivado/tc_staged_mac/tc_staged_mac.sim/sim_1/impl/func/xsim'
xvhdl --incr --relax -prj staged_mac_vhdl.prj
INFO: [VRFC 10-163] Analyzing VHDL file "/home/cam2022/CPRE-487_git/CPRE-4870/Lab4/hw/staged_mac_4bit/vivado/tc_staged_mac/tc_staged_mac.sim/sim_1/impl/func/xsim/staged_mac_func_impl.vhd" into library xil_defaultlib
INFO: [VRFC 10-3107] analyzing entity 'staged_mac'
INFO: [USF-XSim-69] 'compile' step finished in '1' seconds
INFO: [USF-XSim-3] XSim::Elaborate design
INFO: [USF-XSim-61] Executing 'ELABORATE' step in '/home/cam2022/CPRE-487_git/CPRE-4870/Lab4/hw/staged_mac_4bit/vivado/tc_staged_mac/tc_staged_mac.sim/sim_1/impl/func/xsim'
xelab -wto a813bfd2e77b46af8a37c3379d051312 --incr --debug typical --relax --mt 8 -L xil_defaultlib -L secureip --snapshot staged_mac_func_impl xil_defaultlib.staged_mac -log elaborate.log
Vivado Simulator 2020.1
Copyright 1986-1999, 2001-2020 Xilinx, Inc. All Rights Reserved.
Running: /remote/Xilinx/2020.1/Vivado/2020.1/bin/unwrapped/lnx64.o/xelab -wto a813bfd2e77b46af8a37c3379d051312 --incr --debug typical --relax --mt 8 -L xil_defaultlib -L secureip --snapshot staged_mac_func_impl xil_defaultlib.staged_mac -log elaborate.log 
Using 8 slave threads.
Starting static elaboration
Completed static elaboration
Starting simulation data flow analysis
Completed simulation data flow analysis
Time Resolution for simulation is 1ps
Compiling package std.standard
Compiling package std.textio
Compiling package ieee.std_logic_1164
Compiling package ieee.numeric_std
Compiling package unisim.vcomponents
Compiling package ieee.vital_timing
Compiling package ieee.vital_primitives
Compiling package unisim.vpkg
Compiling architecture bufg_v of entity unisim.BUFG [bufg_default]
Compiling architecture ibuf_v of entity unisim.IBUF [\IBUF(1,9)(1,1)(1,4)(1,7)\]
Compiling architecture lut4_v of entity unisim.LUT4 [\LUT4(init="0000100000000000")(0...]
Compiling architecture obuf_v of entity unisim.OBUF [\OBUF(1,9)(1,7)(1,4)\]
Compiling architecture fdre_v of entity unisim.FDRE [fdre_default]
Compiling architecture obuft_v of entity unisim.OBUFT [\OBUFT(1,9)(1,7)(1,4)\]
Compiling architecture lut3_v of entity unisim.LUT3 [\LUT3(init="01110000")(0,7)\]
Compiling architecture lut3_v of entity unisim.LUT3 [\LUT3(init="11100000")(0,7)\]
Compiling architecture lut2_v of entity unisim.LUT2 [\LUT2(init="0111")(0,3)\]
Compiling architecture lut3_v of entity unisim.LUT3 [\LUT3(init="11101111")(0,7)\]
Compiling architecture fdpe_v of entity unisim.FDPE [fdpe_default]
Compiling architecture lut6_v of entity unisim.LUT6 [\LUT6(init="10101111000000001000...]
Compiling architecture lut6_v of entity unisim.LUT6 [\LUT6(init="10101111000000000010...]
Compiling architecture lut2_v of entity unisim.LUT2 [\LUT2(init="1001")(0,3)\]
Compiling architecture lut5_v of entity unisim.LUT5 [\LUT5(init="10111000101110111011...]
Compiling architecture lut6_v of entity unisim.LUT6 [\LUT6(init="10011101110010000000...]
Compiling architecture lut6_v of entity unisim.LUT6 [\LUT6(init="10101111000000001000...]
Compiling architecture lut4_v of entity unisim.LUT4 [\LUT4(init="0010111100100000")(0...]
Compiling architecture lut5_v of entity unisim.LUT5 [\LUT5(init="00000000000000000011...]
Compiling architecture lut6_v of entity unisim.LUT6 [\LUT6(init="00000000000000000000...]
Compiling architecture lut6_v of entity unisim.LUT6 [\LUT6(init="11111111101111111111...]
Compiling architecture lut6_v of entity unisim.LUT6 [\LUT6(init="11100000000000000000...]
Compiling architecture lut6_v of entity unisim.LUT6 [\LUT6(init="11111111111111111111...]
Compiling architecture lut3_v of entity unisim.LUT3 [\LUT3(init="00001011")(0,7)\]
Compiling architecture lut6_v of entity unisim.LUT6 [\LUT6(init="10101111101000001100...]
Compiling architecture lut4_v of entity unisim.LUT4 [\LUT4(init="0101011010011010")(0...]
Compiling architecture lut2_v of entity unisim.LUT2 [\LUT2(init="0110")(0,3)\]
Compiling architecture lut5_v of entity unisim.LUT5 [\LUT5(init="10010101011010100110...]
Compiling architecture lut3_v of entity unisim.LUT3 [\LUT3(init="01101010")(0,7)\]
Compiling architecture lut6_v of entity unisim.LUT6 [\LUT6(init="11100000000000000000...]
Compiling architecture lut6_v of entity unisim.LUT6 [\LUT6(init="11001010100000001000...]
Compiling architecture lut6_v of entity unisim.LUT6 [\LUT6(init="00110111010010000100...]
Compiling architecture lut6_v of entity unisim.LUT6 [\LUT6(init="11100000111111110000...]
Compiling architecture lut6_v of entity unisim.LUT6 [\LUT6(init="11111111101111111111...]
Compiling architecture lut6_v of entity unisim.LUT6 [\LUT6(init="10111000010000001001...]
Compiling architecture lut6_v of entity unisim.LUT6 [\LUT6(init="00010010111010100011...]
Compiling architecture lut6_v of entity unisim.LUT6 [\LUT6(init="00011111111111111111...]
Compiling architecture lut6_v of entity unisim.LUT6 [\LUT6(init="00000000010000000000...]
Compiling architecture lut4_v of entity unisim.LUT4 [\LUT4(init="0001110111100010")(0...]
Compiling architecture lut1_v of entity unisim.LUT1 [\LUT1(init="0001")(0,3)\]
Compiling architecture lut6_v of entity unisim.LUT6 [\LUT6(init="01010110010101100101...]
Compiling architecture lut5_v of entity unisim.LUT5 [\LUT5(init="10001000100001110111...]
Compiling architecture lut6_v of entity unisim.LUT6 [\LUT6(init="01001011011101110111...]
Compiling architecture fdce_v of entity unisim.FDCE [fdce_default]
Compiling architecture carry4_v of entity unisim.CARRY4 [carry4_default]
Compiling architecture muxf7_v of entity unisim.MUXF7 [muxf7_default]
Compiling architecture lut5_v of entity unisim.LUT5 [\LUT5(init="00000000000000000100...]
Compiling architecture lut6_v of entity unisim.LUT6 [\LUT6(init="00110011000000001111...]
Compiling architecture lut3_v of entity unisim.LUT3 [\LUT3(init="10111000")(0,7)\]
Compiling architecture lut6_v of entity unisim.LUT6 [\LUT6(init="00000011000001000000...]
Compiling architecture structure of entity xil_defaultlib.staged_mac
Built simulation snapshot staged_mac_func_impl

****** Webtalk v2020.1 (64-bit)
  **** SW Build 2902540 on Wed May 27 19:54:35 MDT 2020
  **** IP Build 2902112 on Wed May 27 22:43:36 MDT 2020
    ** Copyright 1986-2020 Xilinx, Inc. All Rights Reserved.

source /home/cam2022/CPRE-487_git/CPRE-4870/Lab4/hw/staged_mac_4bit/vivado/tc_staged_mac/tc_staged_mac.sim/sim_1/impl/func/xsim/xsim.dir/staged_mac_func_impl/webtalk/xsim_webtalk.tcl -notrace
INFO: [Common 17-206] Exiting Webtalk at Mon Oct 27 14:58:31 2025...
INFO: [USF-XSim-69] 'elaborate' step finished in '4' seconds
INFO: [USF-XSim-4] XSim::Simulate design
INFO: [USF-XSim-61] Executing 'SIMULATE' step in '/home/cam2022/CPRE-487_git/CPRE-4870/Lab4/hw/staged_mac_4bit/vivado/tc_staged_mac/tc_staged_mac.sim/sim_1/impl/func/xsim'
INFO: [USF-XSim-98] *** Running xsim
   with args "staged_mac_func_impl -key {Post-Implementation:sim_1:Functional:staged_mac} -tclbatch {staged_mac.tcl} -log {simulate.log}"
INFO: [USF-XSim-8] Loading simulator feature
Vivado Simulator 2020.1
Time resolution is 1 ps
source staged_mac.tcl
# set curr_wave [current_wave_config]
# if { [string length $curr_wave] == 0 } {
#   if { [llength [get_objects]] > 0} {
#     add_wave /
#     set_property needs_save false [current_wave_config]
#   } else {
#      send_msg_id Add_Wave-1 WARNING "No top level signals found. Simulator will start without a wave window. If you want to open a wave window go to 'File->New Waveform Configuration' or type 'create_wave_config' in the TCL console."
#   }
# }
# run 1000ns
INFO: [USF-XSim-96] XSim completed. Design snapshot 'staged_mac_func_impl' loaded.
INFO: [USF-XSim-97] XSim simulation ran for 1000ns
launch_simulation: Time (s): cpu = 00:00:10 ; elapsed = 00:00:08 . Memory (MB): peak = 8298.395 ; gain = 169.109 ; free physical = 16641 ; free virtual = 38751
ls
WARNING: [Common 17-259] Unknown Tcl command 'ls' sending command to the OS shell for execution. It is recommended to use 'exec' to send the command to the OS shell.
Xilinx
staged_mac_4bit_tb.tcl
tc_staged_mac
tc_staged_mac_ip_4bit.tcl
vivado.jou
vivado.log
vivado_pid135941.str
source staged_mac_4bit_tb.tcl
# relaunch_sim
Command: launch_simulation -simset sim_1 -mode post-implementation -type functional
INFO: [Vivado 12-5682] Launching post-implementation functional simulation in '/home/cam2022/CPRE-487_git/CPRE-4870/Lab4/hw/staged_mac_4bit/vivado/tc_staged_mac/tc_staged_mac.sim/sim_1/impl/func/xsim'
INFO: [SIM-utils-51] Simulation object is 'sim_1'
INFO: [SIM-utils-31] Writing simulation netlist file for design 'impl_1'...
INFO: [SIM-utils-33] write_vhdl -mode funcsim -nolib -force -file "/home/cam2022/CPRE-487_git/CPRE-4870/Lab4/hw/staged_mac_4bit/vivado/tc_staged_mac/tc_staged_mac.sim/sim_1/impl/func/xsim/staged_mac_func_impl.vhd"
INFO: [SIM-utils-36] Netlist generated:/home/cam2022/CPRE-487_git/CPRE-4870/Lab4/hw/staged_mac_4bit/vivado/tc_staged_mac/tc_staged_mac.sim/sim_1/impl/func/xsim/staged_mac_func_impl.vhd
INFO: [SIM-utils-54] Inspecting design source files for 'staged_mac' in fileset 'sim_1'...
INFO: [USF-XSim-2] XSim::Compile design
INFO: [USF-XSim-61] Executing 'COMPILE and ANALYZE' step in '/home/cam2022/CPRE-487_git/CPRE-4870/Lab4/hw/staged_mac_4bit/vivado/tc_staged_mac/tc_staged_mac.sim/sim_1/impl/func/xsim'
xvhdl --incr --relax -prj staged_mac_vhdl.prj
INFO: [VRFC 10-163] Analyzing VHDL file "/home/cam2022/CPRE-487_git/CPRE-4870/Lab4/hw/staged_mac_4bit/vivado/tc_staged_mac/tc_staged_mac.sim/sim_1/impl/func/xsim/staged_mac_func_impl.vhd" into library xil_defaultlib
INFO: [VRFC 10-3107] analyzing entity 'staged_mac'
INFO: [USF-XSim-69] 'compile' step finished in '1' seconds
Command: launch_simulation -simset sim_1 -mode post-implementation -type functional
INFO: [Vivado 12-5682] Launching post-implementation functional simulation in '/home/cam2022/CPRE-487_git/CPRE-4870/Lab4/hw/staged_mac_4bit/vivado/tc_staged_mac/tc_staged_mac.sim/sim_1/impl/func/xsim'
INFO: [USF-XSim-3] XSim::Elaborate design
INFO: [USF-XSim-61] Executing 'ELABORATE' step in '/home/cam2022/CPRE-487_git/CPRE-4870/Lab4/hw/staged_mac_4bit/vivado/tc_staged_mac/tc_staged_mac.sim/sim_1/impl/func/xsim'
xelab -wto a813bfd2e77b46af8a37c3379d051312 --incr --debug typical --relax --mt 8 -L xil_defaultlib -L secureip --snapshot staged_mac_func_impl xil_defaultlib.staged_mac -log elaborate.log
Vivado Simulator 2020.1
Copyright 1986-1999, 2001-2020 Xilinx, Inc. All Rights Reserved.
Running: /remote/Xilinx/2020.1/Vivado/2020.1/bin/unwrapped/lnx64.o/xelab -wto a813bfd2e77b46af8a37c3379d051312 --incr --debug typical --relax --mt 8 -L xil_defaultlib -L secureip --snapshot staged_mac_func_impl xil_defaultlib.staged_mac -log elaborate.log 
Using 8 slave threads.
Starting static elaboration
Completed static elaboration
Starting simulation data flow analysis
Completed simulation data flow analysis
Time Resolution for simulation is 1ps
Compiling package std.standard
Compiling package std.textio
Compiling package ieee.std_logic_1164
Compiling package ieee.numeric_std
Compiling package unisim.vcomponents
Compiling package ieee.vital_timing
Compiling package ieee.vital_primitives
Compiling package unisim.vpkg
Compiling architecture bufg_v of entity unisim.BUFG [bufg_default]
Compiling architecture ibuf_v of entity unisim.IBUF [\IBUF(1,9)(1,1)(1,4)(1,7)\]
Compiling architecture lut4_v of entity unisim.LUT4 [\LUT4(init="0000100000000000")(0...]
Compiling architecture obuf_v of entity unisim.OBUF [\OBUF(1,9)(1,7)(1,4)\]
Compiling architecture fdre_v of entity unisim.FDRE [fdre_default]
Compiling architecture obuft_v of entity unisim.OBUFT [\OBUFT(1,9)(1,7)(1,4)\]
Compiling architecture lut3_v of entity unisim.LUT3 [\LUT3(init="01110000")(0,7)\]
Compiling architecture lut3_v of entity unisim.LUT3 [\LUT3(init="11100000")(0,7)\]
Compiling architecture lut2_v of entity unisim.LUT2 [\LUT2(init="0111")(0,3)\]
Compiling architecture lut3_v of entity unisim.LUT3 [\LUT3(init="11101111")(0,7)\]
Compiling architecture fdpe_v of entity unisim.FDPE [fdpe_default]
Compiling architecture lut6_v of entity unisim.LUT6 [\LUT6(init="10101111000000001000...]
Compiling architecture lut6_v of entity unisim.LUT6 [\LUT6(init="10101111000000000010...]
Compiling architecture lut2_v of entity unisim.LUT2 [\LUT2(init="1001")(0,3)\]
Compiling architecture lut5_v of entity unisim.LUT5 [\LUT5(init="10111000101110111011...]
Compiling architecture lut6_v of entity unisim.LUT6 [\LUT6(init="10011101110010000000...]
Compiling architecture lut6_v of entity unisim.LUT6 [\LUT6(init="10101111000000001000...]
Compiling architecture lut4_v of entity unisim.LUT4 [\LUT4(init="0010111100100000")(0...]
Compiling architecture lut5_v of entity unisim.LUT5 [\LUT5(init="00000000000000000011...]
Compiling architecture lut6_v of entity unisim.LUT6 [\LUT6(init="00000000000000000000...]
Compiling architecture lut6_v of entity unisim.LUT6 [\LUT6(init="11111111101111111111...]
Compiling architecture lut6_v of entity unisim.LUT6 [\LUT6(init="11100000000000000000...]
Compiling architecture lut6_v of entity unisim.LUT6 [\LUT6(init="11111111111111111111...]
Compiling architecture lut3_v of entity unisim.LUT3 [\LUT3(init="00001011")(0,7)\]
Compiling architecture lut6_v of entity unisim.LUT6 [\LUT6(init="10101111101000001100...]
Compiling architecture lut4_v of entity unisim.LUT4 [\LUT4(init="0101011010011010")(0...]
Compiling architecture lut2_v of entity unisim.LUT2 [\LUT2(init="0110")(0,3)\]
Compiling architecture lut5_v of entity unisim.LUT5 [\LUT5(init="10010101011010100110...]
Compiling architecture lut3_v of entity unisim.LUT3 [\LUT3(init="01101010")(0,7)\]
Compiling architecture lut6_v of entity unisim.LUT6 [\LUT6(init="11100000000000000000...]
Compiling architecture lut6_v of entity unisim.LUT6 [\LUT6(init="11001010100000001000...]
Compiling architecture lut6_v of entity unisim.LUT6 [\LUT6(init="00110111010010000100...]
Compiling architecture lut6_v of entity unisim.LUT6 [\LUT6(init="11100000111111110000...]
Compiling architecture lut6_v of entity unisim.LUT6 [\LUT6(init="11111111101111111111...]
Compiling architecture lut6_v of entity unisim.LUT6 [\LUT6(init="10111000010000001001...]
Compiling architecture lut6_v of entity unisim.LUT6 [\LUT6(init="00010010111010100011...]
Compiling architecture lut6_v of entity unisim.LUT6 [\LUT6(init="00011111111111111111...]
Compiling architecture lut6_v of entity unisim.LUT6 [\LUT6(init="00000000010000000000...]
Compiling architecture lut4_v of entity unisim.LUT4 [\LUT4(init="0001110111100010")(0...]
Compiling architecture lut1_v of entity unisim.LUT1 [\LUT1(init="0001")(0,3)\]
Compiling architecture lut6_v of entity unisim.LUT6 [\LUT6(init="01010110010101100101...]
Compiling architecture lut5_v of entity unisim.LUT5 [\LUT5(init="10001000100001110111...]
Compiling architecture lut6_v of entity unisim.LUT6 [\LUT6(init="01001011011101110111...]
Compiling architecture fdce_v of entity unisim.FDCE [fdce_default]
Compiling architecture carry4_v of entity unisim.CARRY4 [carry4_default]
Compiling architecture muxf7_v of entity unisim.MUXF7 [muxf7_default]
Compiling architecture lut5_v of entity unisim.LUT5 [\LUT5(init="00000000000000000100...]
Compiling architecture lut6_v of entity unisim.LUT6 [\LUT6(init="00110011000000001111...]
Compiling architecture lut3_v of entity unisim.LUT3 [\LUT3(init="10111000")(0,7)\]
Compiling architecture lut6_v of entity unisim.LUT6 [\LUT6(init="00000011000001000000...]
Compiling architecture structure of entity xil_defaultlib.staged_mac
Built simulation snapshot staged_mac_func_impl
INFO: [USF-XSim-69] 'elaborate' step finished in '2' seconds
Vivado Simulator 2020.1
Time resolution is 1 ps
relaunch_sim: Time (s): cpu = 00:00:06 ; elapsed = 00:00:06 . Memory (MB): peak = 8298.395 ; gain = 0.000 ; free physical = 16763 ; free virtual = 38874
# add_force {/staged_mac/ACLK} -radix hex {0 0ns} {1 5000ps} -repeat_every 10000ps
# add_force {/staged_mac/ARESETN} -radix hex {0 0ns}
# run 30ns
# add_force {/staged_mac/ARESETN} -radix hex {1 0ns}
# add_force {/staged_mac/MO_AXIS_TREADY} -radix hex {1 0ns}
# add_force {/staged_mac/SD_AXIS_TVALID} -radix hex {1 0ns}
# add_force {/staged_mac/SD_AXIS_TLAST} -radix hex {1 0ns}
# add_force {/staged_mac/SD_AXIS_TID} -radix hex {1 0ns}
# add_force {/staged_mac/SD_AXIS_TDATA} -radix hex {11 0ns}
# add_force {/staged_mac/SD_AXIS_TUSER} -radix hex {0 0ns}
# run 10ns
# add_force {/staged_mac/SD_AXIS_TVALID} -radix hex {0 0ns}
# run 50ns
# add_force {/staged_mac/SD_AXIS_TVALID} -radix hex {1 0ns}
# add_force {/staged_mac/SD_AXIS_TLAST} -radix hex {0 0ns}
# add_force {/staged_mac/SD_AXIS_TID} -radix hex {2 0ns}
# add_force {/staged_mac/SD_AXIS_TDATA} -radix hex {11 0ns}
# add_force {/staged_mac/SD_AXIS_TUSER} -radix hex {0 0ns}
# run 10ns
# add_force {/staged_mac/SD_AXIS_TLAST} -radix hex {1 0ns}
# add_force {/staged_mac/SD_AXIS_TDATA} -radix hex {11 0ns}
# run 10ns
# add_force {/staged_mac/SD_AXIS_TLAST} -radix hex {0 0ns}
# add_force {/staged_mac/SD_AXIS_TVALID} -radix hex {0 0ns}
# run 50ns
# add_force {/staged_mac/SD_AXIS_TVALID} -radix hex {1 0ns}
# add_force {/staged_mac/SD_AXIS_TLAST} -radix hex {1 0ns}
# add_force {/staged_mac/SD_AXIS_TID} -radix hex {3 0ns}
# add_force {/staged_mac/SD_AXIS_TDATA} -radix hex {23 0ns}
# add_force {/staged_mac/SD_AXIS_TUSER} -radix hex {0 0ns}
# run 10ns
# add_force {/staged_mac/SD_AXIS_TVALID} -radix hex {1 0ns}
# add_force {/staged_mac/SD_AXIS_TLAST} -radix hex {1 0ns}
# add_force {/staged_mac/SD_AXIS_TID} -radix hex {4 0ns}
# add_force {/staged_mac/SD_AXIS_TDATA} -radix hex {22 0ns}
# add_force {/staged_mac/SD_AXIS_TUSER} -radix hex {0 0ns}
# run 10ns
# add_force {/staged_mac/SD_AXIS_TVALID} -radix hex {0 0ns}
# run 50ns
# add_force {/staged_mac/SD_AXIS_TVALID} -radix hex {1 0ns}
# add_force {/staged_mac/SD_AXIS_TLAST} -radix hex {0 0ns}
# add_force {/staged_mac/SD_AXIS_TID} -radix hex {5 0ns}
# add_force {/staged_mac/SD_AXIS_TDATA} -radix hex {01 0ns}
# add_force {/staged_mac/SD_AXIS_TUSER} -radix hex {1 0ns}
# run 10ns
# add_force {/staged_mac/SD_AXIS_TID} -radix hex {6 0ns}
# add_force {/staged_mac/SD_AXIS_TLAST} -radix hex {1 0ns}
# add_force {/staged_mac/SD_AXIS_TDATA} -radix hex {33 0ns}
# add_force {/staged_mac/SD_AXIS_TUSER} -radix hex {0 0ns}
# run 10ns
# add_force {/staged_mac/SD_AXIS_TVALID} -radix hex {0 0ns}
# run 50ns
# add_force {/staged_mac/SD_AXIS_TVALID} -radix hex {1 0ns}
# add_force {/staged_mac/SD_AXIS_TLAST} -radix hex {0 0ns}
# add_force {/staged_mac/SD_AXIS_TID} -radix hex {7 0ns}
# add_force {/staged_mac/SD_AXIS_TDATA} -radix hex {11 0ns}
# add_force {/staged_mac/SD_AXIS_TUSER} -radix hex {0 0ns}
# run 10ns
# add_force {/staged_mac/SD_AXIS_TVALID} -radix hex {0 0ns}
# run 10ns
# add_force {/staged_mac/SD_AXIS_TVALID} -radix hex {1 0ns}
# add_force {/staged_mac/SD_AXIS_TID} -radix hex {8 0ns}
# add_force {/staged_mac/SD_AXIS_TDATA} -radix hex {12 0ns}
# run 10ns
# add_force {/staged_mac/SD_AXIS_TVALID} -radix hex {0 0ns}
# run 30ns
# add_force {/staged_mac/SD_AXIS_TVALID} -radix hex {1 0ns}
# add_force {/staged_mac/SD_AXIS_TLAST} -radix hex {1 0ns}
# add_force {/staged_mac/SD_AXIS_TID} -radix hex {9 0ns}
# add_force {/staged_mac/SD_AXIS_TDATA} -radix hex {23 0ns}
# run 10ns
# add_force {/staged_mac/SD_AXIS_TVALID} -radix hex {0 0ns}
# run 50 ns
# add_force {/staged_mac/MO_AXIS_TREADY} -radix hex {1 0ns}
# run 10ns
# add_force {/staged_mac/SD_AXIS_TVALID} -radix hex {1 0ns}
# add_force {/staged_mac/SD_AXIS_TLAST} -radix hex {1 0ns}
# add_force {/staged_mac/SD_AXIS_TID} -radix hex {A 0ns}
# add_force {/staged_mac/SD_AXIS_TDATA} -radix hex {24 0ns}
# add_force {/staged_mac/SD_AXIS_TUSER} -radix hex {0 0ns}
# run 10ns
# add_force {/staged_mac/SD_AXIS_TVALID} -radix hex {0 0ns}
# run 30ns
# add_force {/staged_mac/MO_AXIS_TREADY} -radix hex {0 0ns}
# run 50ns
close_sim
INFO: [Simtcl 6-16] Simulation closed
exit
INFO: [Common 17-206] Exiting Vivado at Mon Oct 27 15:06:39 2025...
