INFO: [VRFC 10-2263] Analyzing Verilog file "/home/cam2022/CPRE-487_git/CPRE-4870/Lab4/hw/staged_mac_4bit_implementation/vivado/simple_interface/simple_interface.ip_user_files/bd/staged_mac_bd/ip/staged_mac_bd_processing_system7_0_0/sim/staged_mac_bd_processing_system7_0_0.v" into library xil_defaultlib
INFO: [VRFC 10-311] analyzing module staged_mac_bd_processing_system7_0_0
INFO: [VRFC 10-2263] Analyzing Verilog file "/home/cam2022/CPRE-487_git/CPRE-4870/Lab4/hw/staged_mac_4bit_implementation/vivado/simple_interface/simple_interface.ip_user_files/bd/staged_mac_bd/ip/staged_mac_bd_staged_mac_0_0/sim/staged_mac_bd_staged_mac_0_0.v" into library xil_defaultlib
INFO: [VRFC 10-311] analyzing module staged_mac_bd_staged_mac_0_0
INFO: [VRFC 10-2263] Analyzing Verilog file "/home/cam2022/CPRE-487_git/CPRE-4870/Lab4/hw/staged_mac_4bit_implementation/vivado/simple_interface/simple_interface.ip_user_files/bd/staged_mac_bd/ip/staged_mac_bd_axis_subset_converter_0_0/hdl/tdata_staged_mac_bd_axis_subset_converter_0_0.v" into library xil_defaultlib
INFO: [VRFC 10-311] analyzing module tdata_staged_mac_bd_axis_subset_converter_0_0
INFO: [VRFC 10-2263] Analyzing Verilog file "/home/cam2022/CPRE-487_git/CPRE-4870/Lab4/hw/staged_mac_4bit_implementation/vivado/simple_interface/simple_interface.ip_user_files/bd/staged_mac_bd/ip/staged_mac_bd_axis_subset_converter_0_0/hdl/tuser_staged_mac_bd_axis_subset_converter_0_0.v" into library xil_defaultlib
INFO: [VRFC 10-311] analyzing module tuser_staged_mac_bd_axis_subset_converter_0_0
INFO: [VRFC 10-2263] Analyzing Verilog file "/home/cam2022/CPRE-487_git/CPRE-4870/Lab4/hw/staged_mac_4bit_implementation/vivado/simple_interface/simple_interface.ip_user_files/bd/staged_mac_bd/ip/staged_mac_bd_axis_subset_converter_0_0/hdl/tstrb_staged_mac_bd_axis_subset_converter_0_0.v" into library xil_defaultlib
INFO: [VRFC 10-311] analyzing module tstrb_staged_mac_bd_axis_subset_converter_0_0
INFO: [VRFC 10-2263] Analyzing Verilog file "/home/cam2022/CPRE-487_git/CPRE-4870/Lab4/hw/staged_mac_4bit_implementation/vivado/simple_interface/simple_interface.ip_user_files/bd/staged_mac_bd/ip/staged_mac_bd_axis_subset_converter_0_0/hdl/tkeep_staged_mac_bd_axis_subset_converter_0_0.v" into library xil_defaultlib
INFO: [VRFC 10-311] analyzing module tkeep_staged_mac_bd_axis_subset_converter_0_0
INFO: [VRFC 10-2263] Analyzing Verilog file "/home/cam2022/CPRE-487_git/CPRE-4870/Lab4/hw/staged_mac_4bit_implementation/vivado/simple_interface/simple_interface.ip_user_files/bd/staged_mac_bd/ip/staged_mac_bd_axis_subset_converter_0_0/hdl/tid_staged_mac_bd_axis_subset_converter_0_0.v" into library xil_defaultlib
INFO: [VRFC 10-311] analyzing module tid_staged_mac_bd_axis_subset_converter_0_0
INFO: [VRFC 10-2263] Analyzing Verilog file "/home/cam2022/CPRE-487_git/CPRE-4870/Lab4/hw/staged_mac_4bit_implementation/vivado/simple_interface/simple_interface.ip_user_files/bd/staged_mac_bd/ip/staged_mac_bd_axis_subset_converter_0_0/hdl/tdest_staged_mac_bd_axis_subset_converter_0_0.v" into library xil_defaultlib
INFO: [VRFC 10-311] analyzing module tdest_staged_mac_bd_axis_subset_converter_0_0
INFO: [VRFC 10-2263] Analyzing Verilog file "/home/cam2022/CPRE-487_git/CPRE-4870/Lab4/hw/staged_mac_4bit_implementation/vivado/simple_interface/simple_interface.ip_user_files/bd/staged_mac_bd/ip/staged_mac_bd_axis_subset_converter_0_0/hdl/tlast_staged_mac_bd_axis_subset_converter_0_0.v" into library xil_defaultlib
INFO: [VRFC 10-311] analyzing module tlast_staged_mac_bd_axis_subset_converter_0_0
INFO: [VRFC 10-2263] Analyzing Verilog file "/home/cam2022/CPRE-487_git/CPRE-4870/Lab4/hw/staged_mac_4bit_implementation/vivado/simple_interface/simple_interface.ip_user_files/bd/staged_mac_bd/ip/staged_mac_bd_axis_subset_converter_0_0/hdl/top_staged_mac_bd_axis_subset_converter_0_0.v" into library xil_defaultlib
INFO: [VRFC 10-311] analyzing module top_staged_mac_bd_axis_subset_converter_0_0
INFO: [VRFC 10-2263] Analyzing Verilog file "/home/cam2022/CPRE-487_git/CPRE-4870/Lab4/hw/staged_mac_4bit_implementation/vivado/simple_interface/simple_interface.ip_user_files/bd/staged_mac_bd/ip/staged_mac_bd_axis_subset_converter_0_0/sim/staged_mac_bd_axis_subset_converter_0_0.v" into library xil_defaultlib
INFO: [VRFC 10-311] analyzing module staged_mac_bd_axis_subset_converter_0_0
INFO: [VRFC 10-2263] Analyzing Verilog file "/home/cam2022/CPRE-487_git/CPRE-4870/Lab4/hw/staged_mac_4bit_implementation/vivado/simple_interface/simple_interface.ip_user_files/bd/staged_mac_bd/sim/staged_mac_bd.v" into library xil_defaultlib
INFO: [VRFC 10-311] analyzing module s00_couplers_imp_JBBDI9
INFO: [VRFC 10-311] analyzing module staged_mac_bd
INFO: [VRFC 10-311] analyzing module staged_mac_bd_ps7_0_axi_periph_0
INFO: [VRFC 10-2263] Analyzing Verilog file "/home/cam2022/CPRE-487_git/CPRE-4870/Lab4/hw/staged_mac_4bit_implementation/vivado/simple_interface/simple_interface.ip_user_files/bd/staged_mac_bd/ip/staged_mac_bd_system_ila_0_0/bd_0/ip/ip_0/sim/bd_8f44_ila_lib_0.v" into library xil_defaultlib
INFO: [VRFC 10-311] analyzing module bd_8f44_ila_lib_0
INFO: [VRFC 10-2263] Analyzing Verilog file "/home/cam2022/CPRE-487_git/CPRE-4870/Lab4/hw/staged_mac_4bit_implementation/vivado/simple_interface/simple_interface.ip_user_files/bd/staged_mac_bd/ip/staged_mac_bd_system_ila_0_0/bd_0/ip/ip_1/bd_8f44_g_inst_0_gigantic_mux.v" into library xil_defaultlib
INFO: [VRFC 10-311] analyzing module bd_8f44_g_inst_0_gigantic_mux
INFO: [VRFC 10-2263] Analyzing Verilog file "/home/cam2022/CPRE-487_git/CPRE-4870/Lab4/hw/staged_mac_4bit_implementation/vivado/simple_interface/simple_interface.ip_user_files/bd/staged_mac_bd/ip/staged_mac_bd_system_ila_0_0/bd_0/ip/ip_1/sim/bd_8f44_g_inst_0.v" into library xil_defaultlib
INFO: [VRFC 10-311] analyzing module bd_8f44_g_inst_0
INFO: [VRFC 10-2263] Analyzing Verilog file "/home/cam2022/CPRE-487_git/CPRE-4870/Lab4/hw/staged_mac_4bit_implementation/vivado/simple_interface/simple_interface.ip_user_files/bd/staged_mac_bd/ip/staged_mac_bd_system_ila_0_0/bd_0/sim/bd_8f44.v" into library xil_defaultlib
INFO: [VRFC 10-311] analyzing module bd_8f44
INFO: [VRFC 10-2263] Analyzing Verilog file "/home/cam2022/CPRE-487_git/CPRE-4870/Lab4/hw/staged_mac_4bit_implementation/vivado/simple_interface/simple_interface.ip_user_files/bd/staged_mac_bd/ip/staged_mac_bd_system_ila_0_0/sim/staged_mac_bd_system_ila_0_0.v" into library xil_defaultlib
INFO: [VRFC 10-311] analyzing module staged_mac_bd_system_ila_0_0
INFO: [VRFC 10-2263] Analyzing Verilog file "/home/cam2022/CPRE-487_git/CPRE-4870/Lab4/hw/staged_mac_4bit_implementation/vivado/simple_interface/simple_interface.ip_user_files/bd/staged_mac_bd/ip/staged_mac_bd_auto_pc_0/sim/staged_mac_bd_auto_pc_0.v" into library xil_defaultlib
INFO: [VRFC 10-311] analyzing module staged_mac_bd_auto_pc_0
INFO: [VRFC 10-2263] Analyzing Verilog file "/home/cam2022/CPRE-487_git/CPRE-4870/Lab4/hw/staged_mac_4bit_implementation/vivado/simple_interface/simple_interface.srcs/sources_1/bd/staged_mac_bd/hdl/staged_mac_bd_wrapper.v" into library xil_defaultlib
INFO: [VRFC 10-311] analyzing module staged_mac_bd_wrapper
INFO: [VRFC 10-2263] Analyzing Verilog file "/home/cam2022/CPRE-487_git/CPRE-4870/Lab4/hw/staged_mac_4bit_implementation/vivado/simple_interface/simple_interface.sim/sim_1/behav/xsim/glbl.v" into library xil_defaultlib
INFO: [VRFC 10-311] analyzing module glbl
INFO: [VRFC 10-163] Analyzing VHDL file "/home/cam2022/CPRE-487_git/CPRE-4870/Lab4/hw/staged_mac_4bit_implementation/vivado/simple_interface/simple_interface.srcs/sources_1/imports/hdl/staged_mac.vhd" into library xil_defaultlib
INFO: [VRFC 10-3107] analyzing entity 'staged_mac'
INFO: [VRFC 10-163] Analyzing VHDL file "/home/cam2022/CPRE-487_git/CPRE-4870/Lab4/hw/staged_mac_4bit_implementation/vivado/simple_interface/simple_interface.ip_user_files/bd/staged_mac_bd/ip/staged_mac_bd_axi_fifo_mm_s_0_0/sim/staged_mac_bd_axi_fifo_mm_s_0_0.vhd" into library xil_defaultlib
INFO: [VRFC 10-3107] analyzing entity 'staged_mac_bd_axi_fifo_mm_s_0_0'
INFO: [VRFC 10-163] Analyzing VHDL file "/home/cam2022/CPRE-487_git/CPRE-4870/Lab4/hw/staged_mac_4bit_implementation/vivado/simple_interface/simple_interface.ip_user_files/bd/staged_mac_bd/ip/staged_mac_bd_rst_ps7_0_100M_0/sim/staged_mac_bd_rst_ps7_0_100M_0.vhd" into library xil_defaultlib
INFO: [VRFC 10-3107] analyzing entity 'staged_mac_bd_rst_ps7_0_100M_0'
