#-----------------------------------------------------------
# Vivado v2020.1 (64-bit)
# SW Build 2902540 on Wed May 27 19:54:35 MDT 2020
# IP Build 2902112 on Wed May 27 22:43:36 MDT 2020
# Start of session at: Mon Oct 27 16:34:25 2025
# Process ID: 238028
# Current directory: /home/cam2022/CPRE-487_git/CPRE-4870/Lab4/hw/piped_mac_4bit_implementation/vivado
# Command line: vivado
# Log file: /home/cam2022/CPRE-487_git/CPRE-4870/Lab4/hw/piped_mac_4bit_implementation/vivado/vivado.log
# Journal file: /home/cam2022/CPRE-487_git/CPRE-4870/Lab4/hw/piped_mac_4bit_implementation/vivado/vivado.jou
#-----------------------------------------------------------
start_gui
open_project /home/cam2022/CPRE-487_git/CPRE-4870/Lab4/hw/piped_mac_4bit_implementation/vivado/simple_interface/simple_interface.xpr
Scanning sources...
Finished scanning sources
INFO: [IP_Flow 19-234] Refreshing IP repositories
INFO: [IP_Flow 19-1704] No user IP repositories specified
INFO: [IP_Flow 19-2313] Loaded Vivado IP repository '/remote/Xilinx/2020.1/Vivado/2020.1/data/ip'.
WARNING: [IP_Flow 19-3899] Cannot get the environment domain name variable for the component vendor name. Setting the vendor name to 'user.org'.
update_compile_order -fileset sources_1
set_property pfm_name {} [get_files -all {/home/cam2022/CPRE-487_git/CPRE-4870/Lab4/hw/piped_mac_4bit_implementation/vivado/simple_interface/simple_interface.srcs/sources_1/bd/staged_mac_bd/staged_mac_bd.bd}]
write_hw_platform -fixed -include_bit -force -file /home/cam2022/CPRE-487_git/CPRE-4870/Lab4/hw/piped_mac_4bit_implementation/piped_mac_4bit_implementation.xsa
INFO: [Vivado 12-4895] Creating Hardware Platform: /home/cam2022/CPRE-487_git/CPRE-4870/Lab4/hw/piped_mac_4bit_implementation/piped_mac_4bit_implementation.xsa ...
INFO: [Hsi 55-2053] elapsed time for repository (/remote/Xilinx/2020.1/Vivado/2020.1/data/embeddedsw) loading 0 seconds
INFO: [Vivado 12-4896] Successfully created Hardware Platform: /home/cam2022/CPRE-487_git/CPRE-4870/Lab4/hw/piped_mac_4bit_implementation/piped_mac_4bit_implementation.xsa
exit
INFO: [Common 17-206] Exiting Vivado at Mon Oct 27 16:58:38 2025...
