Vivado Simulator 2020.1
Copyright 1986-1999, 2001-2020 Xilinx, Inc. All Rights Reserved.
Running: /remote/Xilinx/2020.1/Vivado/2020.1/bin/unwrapped/lnx64.o/xelab -wto 17a228fb8dbb4fa39f49e57d88eeee02 --incr --debug typical --relax --mt 8 -L xil_defaultlib -L secureip --snapshot piped_mac_func_impl xil_defaultlib.piped_mac -log elaborate.log 
Using 8 slave threads.
Starting static elaboration
Completed static elaboration
Starting simulation data flow analysis
Completed simulation data flow analysis
Time Resolution for simulation is 1ps
Compiling package std.standard
Compiling package std.textio
Compiling package ieee.std_logic_1164
Compiling package ieee.numeric_std
Compiling package unisim.vcomponents
Compiling package ieee.vital_timing
Compiling package ieee.vital_primitives
Compiling package unisim.vpkg
Compiling package ieee.std_logic_arith
Compiling package ieee.std_logic_signed
Compiling architecture bufg_v of entity unisim.BUFG [bufg_default]
Compiling architecture ibuf_v of entity unisim.IBUF [\IBUF(1,9)(1,1)(1,4)(1,7)\]
Compiling architecture lut6_v of entity unisim.LUT6 [\LUT6(init="11101110111011100010...]
Compiling architecture lut4_v of entity unisim.LUT4 [\LUT4(init="1110001000000000")(0...]
Compiling architecture lut5_v of entity unisim.LUT5 [\LUT5(init="11100010001000100000...]
Compiling architecture lut6_v of entity unisim.LUT6 [\LUT6(init="11111111111111111100...]
Compiling architecture fdre_v of entity unisim.FDRE [\FDRE(init='1')\]
Compiling architecture fdre_v of entity unisim.FDRE [fdre_default]
Compiling architecture structure of entity xil_defaultlib.\floating_point_0_xbip_pipe_v3_0_6_viv__parameterized19_139\ [\floating_point_0_xbip_pipe_v3_0...]
Compiling architecture structure of entity xil_defaultlib.\floating_point_0_delay__parameterized8\ [\floating_point_0_delay__paramet...]
Compiling architecture lut6_v of entity unisim.LUT6 [\LUT6(init="11100100111111110000...]
Compiling architecture lut3_v of entity unisim.LUT3 [\LUT3(init="10101100")(0,7)\]
Compiling architecture lut2_v of entity unisim.LUT2 [\LUT2(init="1000")(0,3)\]
Compiling architecture lut6_v of entity unisim.LUT6 [\LUT6(init="10111000101110001011...]
Compiling architecture lut5_v of entity unisim.LUT5 [\LUT5(init="10101100111111111010...]
Compiling architecture lut6_v of entity unisim.LUT6 [\LUT6(init="10101111101000001100...]
Compiling architecture structure of entity xil_defaultlib.\floating_point_0_xbip_pipe_v3_0_6_viv__parameterized19\ [\floating_point_0_xbip_pipe_v3_0...]
Compiling architecture structure of entity xil_defaultlib.\floating_point_0_delay__parameterized8_24\ [\floating_point_0_delay__paramet...]
Compiling architecture lut2_v of entity unisim.LUT2 [\LUT2(init="0010")(0,3)\]
Compiling architecture lut2_v of entity unisim.LUT2 [\LUT2(init="0001")(0,3)\]
Compiling architecture lut1_v of entity unisim.LUT1 [\LUT1(init="0001")(0,3)\]
Compiling architecture lut3_v of entity unisim.LUT3 [\LUT3(init="11111110")(0,7)\]
Compiling architecture lut6_v of entity unisim.LUT6 [\LUT6(init="11101110111011101110...]
Compiling architecture lut4_v of entity unisim.LUT4 [\LUT4(init="0100010101000000")(0...]
Compiling architecture lut2_v of entity unisim.LUT2 [\LUT2(init="1110")(0,3)\]
Compiling architecture structure of entity xil_defaultlib.\floating_point_0_xbip_pipe_v3_0_6_viv__parameterized11_138\ [\floating_point_0_xbip_pipe_v3_0...]
Compiling architecture structure of entity xil_defaultlib.\floating_point_0_delay__parameterized4_104\ [\floating_point_0_delay__paramet...]
Compiling architecture lut5_v of entity unisim.LUT5 [\LUT5(init="10011010100110011001...]
Compiling architecture lut6_v of entity unisim.LUT6 [\LUT6(init="01010101010101011010...]
Compiling architecture lut5_v of entity unisim.LUT5 [\LUT5(init="01010101011001011010...]
Compiling architecture structure of entity xil_defaultlib.\floating_point_0_xbip_pipe_v3_0_6_viv__parameterized35_137\ [\floating_point_0_xbip_pipe_v3_0...]
Compiling architecture structure of entity xil_defaultlib.\floating_point_0_delay__parameterized17_130\ [\floating_point_0_delay__paramet...]
Compiling architecture srl16e_v of entity unisim.SRL16E [\SRL16E(0,15)\]
Compiling architecture structure of entity xil_defaultlib.\floating_point_0_xbip_pipe_v3_0_6_viv__parameterized57\ [\floating_point_0_xbip_pipe_v3_0...]
Compiling architecture structure of entity xil_defaultlib.\floating_point_0_delay__parameterized31\ [\floating_point_0_delay__paramet...]
Compiling architecture structure of entity xil_defaultlib.\floating_point_0_xbip_pipe_v3_0_6_viv__parameterized51\ [\floating_point_0_xbip_pipe_v3_0...]
Compiling architecture structure of entity xil_defaultlib.\floating_point_0_delay__parameterized28\ [\floating_point_0_delay__paramet...]
Compiling architecture structure of entity xil_defaultlib.\floating_point_0_xbip_pipe_v3_0_6_viv__parameterized59\ [\floating_point_0_xbip_pipe_v3_0...]
Compiling architecture structure of entity xil_defaultlib.\floating_point_0_delay__parameterized32\ [\floating_point_0_delay__paramet...]
Compiling architecture structure of entity xil_defaultlib.\floating_point_0_xbip_pipe_v3_0_6_viv__parameterized23_136\ [\floating_point_0_xbip_pipe_v3_0...]
Compiling architecture structure of entity xil_defaultlib.\floating_point_0_delay__parameterized22_135\ [\floating_point_0_delay__paramet...]
Compiling architecture carry4_v of entity unisim.CARRY4 [carry4_default]
Compiling architecture gnd_v of entity unisim.GND [gnd_default]
Compiling architecture structure of entity xil_defaultlib.\floating_point_0_xbip_pipe_v3_0_6_viv__parameterized55\ [\floating_point_0_xbip_pipe_v3_0...]
Compiling architecture structure of entity xil_defaultlib.\floating_point_0_delay__parameterized30\ [\floating_point_0_delay__paramet...]
Compiling architecture structure of entity xil_defaultlib.\floating_point_0_carry_chain__parameterized3\ [\floating_point_0_carry_chain__p...]
Compiling architecture structure of entity xil_defaultlib.\floating_point_0_carry_chain__parameterized4\ [\floating_point_0_carry_chain__p...]
Compiling architecture structure of entity xil_defaultlib.\floating_point_0_xbip_pipe_v3_0_6_viv__parameterized23_134\ [\floating_point_0_xbip_pipe_v3_0...]
Compiling architecture structure of entity xil_defaultlib.\floating_point_0_delay__parameterized11_131\ [\floating_point_0_delay__paramet...]
Compiling architecture structure of entity xil_defaultlib.\floating_point_0_xbip_pipe_v3_0_6_viv__parameterized63\ [\floating_point_0_xbip_pipe_v3_0...]
Compiling architecture structure of entity xil_defaultlib.\floating_point_0_delay__parameterized34\ [\floating_point_0_delay__paramet...]
Compiling architecture structure of entity xil_defaultlib.\floating_point_0_xbip_pipe_v3_0_6_viv__parameterized23_133\ [\floating_point_0_xbip_pipe_v3_0...]
Compiling architecture structure of entity xil_defaultlib.\floating_point_0_delay__parameterized11_132\ [\floating_point_0_delay__paramet...]
Compiling architecture structure of entity xil_defaultlib.floating_point_0_addsub_logic [floating_point_0_addsub_logic_de...]
Compiling architecture structure of entity xil_defaultlib.floating_point_0_flt_fma_addsub [floating_point_0_flt_fma_addsub_...]
Compiling architecture lut3_v of entity unisim.LUT3 [\LUT3(init="00000001")(0,7)\]
Compiling architecture lut5_v of entity unisim.LUT5 [\LUT5(init="00000000000000000000...]
Compiling architecture lut4_v of entity unisim.LUT4 [\LUT4(init="0000000000000001")(0...]
Compiling architecture lut6_v of entity unisim.LUT6 [\LUT6(init="00000000000000000000...]
Compiling architecture lut5_v of entity unisim.LUT5 [\LUT5(init="10101111110000001010...]
Compiling architecture lut2_v of entity unisim.LUT2 [\LUT2(init="0111")(0,3)\]
Compiling architecture lut3_v of entity unisim.LUT3 [\LUT3(init="00011111")(0,7)\]
Compiling architecture lut5_v of entity unisim.LUT5 [\LUT5(init="00110000101110110011...]
Compiling architecture structure of entity xil_defaultlib.\floating_point_0_xbip_pipe_v3_0_6_viv__parameterized27\ [\floating_point_0_xbip_pipe_v3_0...]
Compiling architecture structure of entity xil_defaultlib.\floating_point_0_delay__parameterized13\ [\floating_point_0_delay__paramet...]
Compiling architecture structure of entity xil_defaultlib.\floating_point_0_xbip_pipe_v3_0_6_viv__parameterized25_129\ [\floating_point_0_xbip_pipe_v3_0...]
Compiling architecture structure of entity xil_defaultlib.\floating_point_0_delay__parameterized12_105\ [\floating_point_0_delay__paramet...]
Compiling architecture structure of entity xil_defaultlib.\floating_point_0_xbip_pipe_v3_0_6_viv__parameterized23_128\ [\floating_point_0_xbip_pipe_v3_0...]
Compiling architecture structure of entity xil_defaultlib.\floating_point_0_delay__parameterized11_106\ [\floating_point_0_delay__paramet...]
Compiling architecture structure of entity xil_defaultlib.\floating_point_0_xbip_pipe_v3_0_6_viv__parameterized23_127\ [\floating_point_0_xbip_pipe_v3_0...]
Compiling architecture structure of entity xil_defaultlib.\floating_point_0_delay__parameterized11_107\ [\floating_point_0_delay__paramet...]
Compiling architecture structure of entity xil_defaultlib.\floating_point_0_xbip_pipe_v3_0_6_viv__parameterized5_126\ [\floating_point_0_xbip_pipe_v3_0...]
Compiling architecture structure of entity xil_defaultlib.\floating_point_0_delay__parameterized1_108\ [\floating_point_0_delay__paramet...]
Compiling architecture structure of entity xil_defaultlib.\floating_point_0_xbip_pipe_v3_0_6_viv__parameterized41_125\ [\floating_point_0_xbip_pipe_v3_0...]
Compiling architecture structure of entity xil_defaultlib.\floating_point_0_delay__parameterized20_109\ [\floating_point_0_delay__paramet...]
Compiling architecture structure of entity xil_defaultlib.\floating_point_0_xbip_pipe_v3_0_6_viv__parameterized5_124\ [\floating_point_0_xbip_pipe_v3_0...]
Compiling architecture structure of entity xil_defaultlib.\floating_point_0_delay__parameterized1_110\ [\floating_point_0_delay__paramet...]
Compiling architecture lut4_v of entity unisim.LUT4 [\LUT4(init="0000000010111000")(0...]
Compiling architecture structure of entity xil_defaultlib.\floating_point_0_xbip_pipe_v3_0_6_viv__parameterized45_123\ [\floating_point_0_xbip_pipe_v3_0...]
Compiling architecture structure of entity xil_defaultlib.\floating_point_0_delay__parameterized23\ [\floating_point_0_delay__paramet...]
Compiling architecture structure of entity xil_defaultlib.\floating_point_0_xbip_pipe_v3_0_6_viv__parameterized45\ [\floating_point_0_xbip_pipe_v3_0...]
Compiling architecture structure of entity xil_defaultlib.\floating_point_0_delay__parameterized23_120\ [\floating_point_0_delay__paramet...]
Compiling architecture lut3_v of entity unisim.LUT3 [\LUT3(init="00000100")(0,7)\]
Compiling architecture structure of entity xil_defaultlib.\floating_point_0_xbip_pipe_v3_0_6_viv__parameterized35_122\ [\floating_point_0_xbip_pipe_v3_0...]
Compiling architecture structure of entity xil_defaultlib.\floating_point_0_delay__parameterized17_121\ [\floating_point_0_delay__paramet...]
Compiling architecture structure of entity xil_defaultlib.floating_point_0_shift_msb_first [floating_point_0_shift_msb_first...]
Compiling architecture lut6_v of entity unisim.LUT6 [\LUT6(init="10111000100010001011...]
Compiling architecture lut3_v of entity unisim.LUT3 [\LUT3(init="10111000")(0,7)\]
Compiling architecture lut5_v of entity unisim.LUT5 [\LUT5(init="10001111100000001000...]
Compiling architecture structure of entity xil_defaultlib.\floating_point_0_carry_chain__parameterized0\ [\floating_point_0_carry_chain__p...]
Compiling architecture structure of entity xil_defaultlib.\floating_point_0_compare_eq_im__parameterized0\ [\floating_point_0_compare_eq_im_...]
Compiling architecture lut6_v of entity unisim.LUT6 [\LUT6(init="10111000100010001111...]
Compiling architecture lut4_v of entity unisim.LUT4 [\LUT4(init="1011100010001000")(0...]
Compiling architecture structure of entity xil_defaultlib.\floating_point_0_xbip_pipe_v3_0_6_viv__parameterized33_119\ [\floating_point_0_xbip_pipe_v3_0...]
Compiling architecture structure of entity xil_defaultlib.\floating_point_0_delay__parameterized16\ [\floating_point_0_delay__paramet...]
Compiling architecture lut4_v of entity unisim.LUT4 [\LUT4(init="1111111010101110")(0...]
Compiling architecture structure of entity xil_defaultlib.\floating_point_0_xbip_pipe_v3_0_6_viv__parameterized33\ [\floating_point_0_xbip_pipe_v3_0...]
Compiling architecture structure of entity xil_defaultlib.\floating_point_0_delay__parameterized16_116\ [\floating_point_0_delay__paramet...]
Compiling architecture muxf7_v of entity unisim.MUXF7 [muxf7_default]
Compiling architecture muxf8_v of entity unisim.MUXF8 [muxf8_default]
Compiling architecture structure of entity xil_defaultlib.\floating_point_0_xbip_pipe_v3_0_6_viv__parameterized35_118\ [\floating_point_0_xbip_pipe_v3_0...]
Compiling architecture structure of entity xil_defaultlib.\floating_point_0_delay__parameterized17_117\ [\floating_point_0_delay__paramet...]
Compiling architecture structure of entity xil_defaultlib.floating_point_0_zero_det_sel [floating_point_0_zero_det_sel_de...]
Compiling architecture structure of entity xil_defaultlib.\floating_point_0_carry_chain__parameterized1\ [\floating_point_0_carry_chain__p...]
Compiling architecture structure of entity xil_defaultlib.\floating_point_0_xbip_pipe_v3_0_6_viv__parameterized41_115\ [\floating_point_0_xbip_pipe_v3_0...]
Compiling architecture structure of entity xil_defaultlib.\floating_point_0_delay__parameterized20_112\ [\floating_point_0_delay__paramet...]
Compiling architecture structure of entity xil_defaultlib.\floating_point_0_carry_chain__parameterized2\ [\floating_point_0_carry_chain__p...]
Compiling architecture structure of entity xil_defaultlib.floating_point_0_compare_ge [floating_point_0_compare_ge_defa...]
Compiling architecture structure of entity xil_defaultlib.\floating_point_0_xbip_pipe_v3_0_6_viv__parameterized23_114\ [\floating_point_0_xbip_pipe_v3_0...]
Compiling architecture structure of entity xil_defaultlib.\floating_point_0_delay__parameterized22_113\ [\floating_point_0_delay__paramet...]
Compiling architecture structure of entity xil_defaultlib.floating_point_0_flt_fma_alignment [floating_point_0_flt_fma_alignme...]
Compiling architecture structure of entity xil_defaultlib.\floating_point_0_xbip_pipe_v3_0_6_viv__parameterized25_111\ [\floating_point_0_xbip_pipe_v3_0...]
Compiling architecture structure of entity xil_defaultlib.\floating_point_0_delay__parameterized26\ [\floating_point_0_delay__paramet...]
Compiling architecture structure of entity xil_defaultlib.floating_point_0_flt_fma_align_add [floating_point_0_flt_fma_align_a...]
Compiling architecture lut4_v of entity unisim.LUT4 [\LUT4(init="1000000000000000")(0...]
Compiling architecture structure of entity xil_defaultlib.\floating_point_0_xbip_pipe_v3_0_6_viv__parameterized23_103\ [\floating_point_0_xbip_pipe_v3_0...]
Compiling architecture structure of entity xil_defaultlib.\floating_point_0_delay__parameterized11\ [\floating_point_0_delay__paramet...]
Compiling architecture lut3_v of entity unisim.LUT3 [\LUT3(init="00001000")(0,7)\]
Compiling architecture lut4_v of entity unisim.LUT4 [\LUT4(init="0000000011100100")(0...]
Compiling architecture structure of entity xil_defaultlib.\floating_point_0_xbip_pipe_v3_0_6_viv__parameterized5_102\ [\floating_point_0_xbip_pipe_v3_0...]
Compiling architecture structure of entity xil_defaultlib.\floating_point_0_delay__parameterized9\ [\floating_point_0_delay__paramet...]
Compiling architecture lut5_v of entity unisim.LUT5 [\LUT5(init="10111000101110001011...]
Compiling architecture structure of entity xil_defaultlib.\floating_point_0_xbip_pipe_v3_0_6_viv__parameterized21\ [\floating_point_0_xbip_pipe_v3_0...]
Compiling architecture structure of entity xil_defaultlib.\floating_point_0_delay__parameterized10\ [\floating_point_0_delay__paramet...]
Compiling architecture structure of entity xil_defaultlib.\floating_point_0_xbip_pipe_v3_0_6_viv__parameterized5_101\ [\floating_point_0_xbip_pipe_v3_0...]
Compiling architecture structure of entity xil_defaultlib.\floating_point_0_delay__parameterized1_35\ [\floating_point_0_delay__paramet...]
Compiling architecture structure of entity xil_defaultlib.\floating_point_0_xbip_pipe_v3_0_6_viv__parameterized5_100\ [\floating_point_0_xbip_pipe_v3_0...]
Compiling architecture structure of entity xil_defaultlib.\floating_point_0_delay__parameterized1_36\ [\floating_point_0_delay__paramet...]
Compiling architecture lut5_v of entity unisim.LUT5 [\LUT5(init="11111111010101011111...]
Compiling architecture structure of entity xil_defaultlib.\floating_point_0_xbip_pipe_v3_0_6_viv__parameterized5_99\ [\floating_point_0_xbip_pipe_v3_0...]
Compiling architecture structure of entity xil_defaultlib.\floating_point_0_delay__parameterized1_37\ [\floating_point_0_delay__paramet...]
Compiling architecture structure of entity xil_defaultlib.\floating_point_0_xbip_pipe_v3_0_6_viv__parameterized11_98\ [\floating_point_0_xbip_pipe_v3_0...]
Compiling architecture structure of entity xil_defaultlib.\floating_point_0_delay__parameterized4_38\ [\floating_point_0_delay__paramet...]
Compiling architecture structure of entity xil_defaultlib.\floating_point_0_xbip_pipe_v3_0_6_viv__parameterized5_97\ [\floating_point_0_xbip_pipe_v3_0...]
Compiling architecture structure of entity xil_defaultlib.\floating_point_0_delay__parameterized1_39\ [\floating_point_0_delay__paramet...]
Compiling architecture lut4_v of entity unisim.LUT4 [\LUT4(init="0000000000100000")(0...]
Compiling architecture structure of entity xil_defaultlib.\floating_point_0_xbip_pipe_v3_0_6_viv__parameterized23_96\ [\floating_point_0_xbip_pipe_v3_0...]
Compiling architecture structure of entity xil_defaultlib.\floating_point_0_delay__parameterized54\ [\floating_point_0_delay__paramet...]
Compiling architecture structure of entity xil_defaultlib.\floating_point_0_xbip_pipe_v3_0_6_viv__parameterized23_95\ [\floating_point_0_xbip_pipe_v3_0...]
Compiling architecture structure of entity xil_defaultlib.\floating_point_0_delay__parameterized54_40\ [\floating_point_0_delay__paramet...]
Compiling architecture structure of entity xil_defaultlib.\floating_point_0_xbip_pipe_v3_0_6_viv__parameterized5_94\ [\floating_point_0_xbip_pipe_v3_0...]
Compiling architecture structure of entity xil_defaultlib.\floating_point_0_delay__parameterized1_41\ [\floating_point_0_delay__paramet...]
Compiling architecture structure of entity xil_defaultlib.\floating_point_0_xbip_pipe_v3_0_6_viv__parameterized5_93\ [\floating_point_0_xbip_pipe_v3_0...]
Compiling architecture structure of entity xil_defaultlib.\floating_point_0_delay__parameterized1_42\ [\floating_point_0_delay__paramet...]
Compiling architecture lut6_v of entity unisim.LUT6 [\LUT6(init="00110011001100110011...]
Compiling architecture structure of entity xil_defaultlib.\floating_point_0_xbip_pipe_v3_0_6_viv__parameterized5_92\ [\floating_point_0_xbip_pipe_v3_0...]
Compiling architecture structure of entity xil_defaultlib.\floating_point_0_delay__parameterized1_43\ [\floating_point_0_delay__paramet...]
Compiling architecture structure of entity xil_defaultlib.\floating_point_0_xbip_pipe_v3_0_6_viv__parameterized5_91\ [\floating_point_0_xbip_pipe_v3_0...]
Compiling architecture structure of entity xil_defaultlib.\floating_point_0_delay__parameterized1_44\ [\floating_point_0_delay__paramet...]
Compiling architecture structure of entity xil_defaultlib.\floating_point_0_xbip_pipe_v3_0_6_viv__parameterized5_90\ [\floating_point_0_xbip_pipe_v3_0...]
Compiling architecture structure of entity xil_defaultlib.\floating_point_0_delay__parameterized9_45\ [\floating_point_0_delay__paramet...]
Compiling architecture structure of entity xil_defaultlib.\floating_point_0_xbip_pipe_v3_0_6_viv__parameterized23_89\ [\floating_point_0_xbip_pipe_v3_0...]
Compiling architecture structure of entity xil_defaultlib.\floating_point_0_delay__parameterized11_46\ [\floating_point_0_delay__paramet...]
Compiling architecture structure of entity xil_defaultlib.\floating_point_0_xbip_pipe_v3_0_6_viv__parameterized5_88\ [\floating_point_0_xbip_pipe_v3_0...]
Compiling architecture structure of entity xil_defaultlib.\floating_point_0_delay__parameterized1_47\ [\floating_point_0_delay__paramet...]
Compiling architecture lut5_v of entity unisim.LUT5 [\LUT5(init="10111010101110111011...]
Compiling architecture lut4_v of entity unisim.LUT4 [\LUT4(init="1111111111011111")(0...]
Compiling architecture structure of entity xil_defaultlib.\floating_point_0_xbip_pipe_v3_0_6_viv__parameterized23_87\ [\floating_point_0_xbip_pipe_v3_0...]
Compiling architecture structure of entity xil_defaultlib.\floating_point_0_delay__parameterized54_48\ [\floating_point_0_delay__paramet...]
Compiling architecture lut3_v of entity unisim.LUT3 [\LUT3(init="00110101")(0,7)\]
Compiling architecture lut3_v of entity unisim.LUT3 [\LUT3(init="11001010")(0,7)\]
Compiling architecture structure of entity xil_defaultlib.\floating_point_0_xbip_pipe_v3_0_6_viv__parameterized11_86\ [\floating_point_0_xbip_pipe_v3_0...]
Compiling architecture structure of entity xil_defaultlib.\floating_point_0_delay__parameterized4_49\ [\floating_point_0_delay__paramet...]
Compiling architecture structure of entity xil_defaultlib.\floating_point_0_xbip_pipe_v3_0_6_viv__parameterized23_85\ [\floating_point_0_xbip_pipe_v3_0...]
Compiling architecture structure of entity xil_defaultlib.\floating_point_0_delay__parameterized54_50\ [\floating_point_0_delay__paramet...]
Compiling architecture lut4_v of entity unisim.LUT4 [\LUT4(init="0100111101000100")(0...]
Compiling architecture lut4_v of entity unisim.LUT4 [\LUT4(init="0000010000000000")(0...]
Compiling architecture structure of entity xil_defaultlib.\floating_point_0_xbip_pipe_v3_0_6_viv__parameterized23_84\ [\floating_point_0_xbip_pipe_v3_0...]
Compiling architecture structure of entity xil_defaultlib.\floating_point_0_delay__parameterized54_51\ [\floating_point_0_delay__paramet...]
Compiling architecture lut2_v of entity unisim.LUT2 [\LUT2(init="0110")(0,3)\]
Compiling architecture structure of entity xil_defaultlib.\floating_point_0_xbip_pipe_v3_0_6_viv__parameterized23_83\ [\floating_point_0_xbip_pipe_v3_0...]
Compiling architecture structure of entity xil_defaultlib.\floating_point_0_delay__parameterized11_52\ [\floating_point_0_delay__paramet...]
Compiling architecture structure of entity xil_defaultlib.\floating_point_0_xbip_pipe_v3_0_6_viv__parameterized23_82\ [\floating_point_0_xbip_pipe_v3_0...]
Compiling architecture structure of entity xil_defaultlib.\floating_point_0_delay__parameterized54_53\ [\floating_point_0_delay__paramet...]
Compiling architecture structure of entity xil_defaultlib.\floating_point_0_xbip_pipe_v3_0_6_viv__parameterized41\ [\floating_point_0_xbip_pipe_v3_0...]
Compiling architecture structure of entity xil_defaultlib.\floating_point_0_delay__parameterized20\ [\floating_point_0_delay__paramet...]
Compiling architecture lut6_v of entity unisim.LUT6 [\LUT6(init="10111010101111110100...]
Compiling architecture lut6_v of entity unisim.LUT6 [\LUT6(init="10111010101111111011...]
Compiling architecture lut3_v of entity unisim.LUT3 [\LUT3(init="01000000")(0,7)\]
Compiling architecture structure of entity xil_defaultlib.\floating_point_0_xbip_pipe_v3_0_6_viv__parameterized93_81\ [\floating_point_0_xbip_pipe_v3_0...]
Compiling architecture structure of entity xil_defaultlib.\floating_point_0_delay__parameterized64\ [\floating_point_0_delay__paramet...]
Compiling architecture structure of entity xil_defaultlib.\floating_point_0_xbip_pipe_v3_0_6_viv__parameterized105\ [\floating_point_0_xbip_pipe_v3_0...]
Compiling architecture structure of entity xil_defaultlib.\floating_point_0_delay__parameterized57\ [\floating_point_0_delay__paramet...]
Compiling architecture lut5_v of entity unisim.LUT5 [\LUT5(init="00000000000000001000...]
Compiling architecture lut6_v of entity unisim.LUT6 [\LUT6(init="10000000000000000000...]
Compiling architecture structure of entity xil_defaultlib.\floating_point_0_xbip_pipe_v3_0_6_viv__parameterized99_80\ [\floating_point_0_xbip_pipe_v3_0...]
Compiling architecture structure of entity xil_defaultlib.\floating_point_0_delay__parameterized53\ [\floating_point_0_delay__paramet...]
Compiling architecture lut6_v of entity unisim.LUT6 [\LUT6(init="10010000000010010000...]
Compiling architecture lut2_v of entity unisim.LUT2 [\LUT2(init="1001")(0,3)\]
Compiling architecture structure of entity xil_defaultlib.\floating_point_0_xbip_pipe_v3_0_6_viv__parameterized109\ [\floating_point_0_xbip_pipe_v3_0...]
Compiling architecture structure of entity xil_defaultlib.\floating_point_0_delay__parameterized59\ [\floating_point_0_delay__paramet...]
Compiling architecture structure of entity xil_defaultlib.\floating_point_0_xbip_pipe_v3_0_6_viv__parameterized111\ [\floating_point_0_xbip_pipe_v3_0...]
Compiling architecture structure of entity xil_defaultlib.\floating_point_0_delay__parameterized60\ [\floating_point_0_delay__paramet...]
Compiling architecture structure of entity xil_defaultlib.\floating_point_0_carry_chain__parameterized13\ [\floating_point_0_carry_chain__p...]
Compiling architecture lut4_v of entity unisim.LUT4 [\LUT4(init="1111111110111010")(0...]
Compiling architecture structure of entity xil_defaultlib.\floating_point_0_xbip_pipe_v3_0_6_viv__parameterized23_79\ [\floating_point_0_xbip_pipe_v3_0...]
Compiling architecture structure of entity xil_defaultlib.\floating_point_0_delay__parameterized54_54\ [\floating_point_0_delay__paramet...]
Compiling architecture structure of entity xil_defaultlib.\floating_point_0_xbip_pipe_v3_0_6_viv__parameterized113\ [\floating_point_0_xbip_pipe_v3_0...]
Compiling architecture structure of entity xil_defaultlib.\floating_point_0_delay__parameterized61\ [\floating_point_0_delay__paramet...]
Compiling architecture structure of entity xil_defaultlib.\floating_point_0_xbip_pipe_v3_0_6_viv__parameterized5_76\ [\floating_point_0_xbip_pipe_v3_0...]
Compiling architecture structure of entity xil_defaultlib.\floating_point_0_delay__parameterized1_57\ [\floating_point_0_delay__paramet...]
Compiling architecture structure of entity xil_defaultlib.\floating_point_0_xbip_pipe_v3_0_6_viv__parameterized5_75\ [\floating_point_0_xbip_pipe_v3_0...]
Compiling architecture structure of entity xil_defaultlib.\floating_point_0_delay__parameterized1_58\ [\floating_point_0_delay__paramet...]
Compiling architecture lut4_v of entity unisim.LUT4 [\LUT4(init="0000000000000100")(0...]
Compiling architecture lut4_v of entity unisim.LUT4 [\LUT4(init="1110101000000000")(0...]
Compiling architecture structure of entity xil_defaultlib.\floating_point_0_xbip_pipe_v3_0_6_viv__parameterized97\ [\floating_point_0_xbip_pipe_v3_0...]
Compiling architecture structure of entity xil_defaultlib.\floating_point_0_delay__parameterized62\ [\floating_point_0_delay__paramet...]
Compiling architecture structure of entity xil_defaultlib.\floating_point_0_xbip_pipe_v3_0_6_viv__parameterized23_74\ [\floating_point_0_xbip_pipe_v3_0...]
Compiling architecture structure of entity xil_defaultlib.\floating_point_0_delay__parameterized11_59\ [\floating_point_0_delay__paramet...]
Compiling architecture lut4_v of entity unisim.LUT4 [\LUT4(init="0000000011100010")(0...]
Compiling architecture lut6_v of entity unisim.LUT6 [\LUT6(init="00000000000000000000...]
Compiling architecture structure of entity xil_defaultlib.\floating_point_0_xbip_pipe_v3_0_6_viv__parameterized5_73\ [\floating_point_0_xbip_pipe_v3_0...]
Compiling architecture structure of entity xil_defaultlib.\floating_point_0_delay__parameterized1_60\ [\floating_point_0_delay__paramet...]
Compiling architecture structure of entity xil_defaultlib.\floating_point_0_carry_chain__parameterized11_72\ [\floating_point_0_carry_chain__p...]
Compiling architecture lut4_v of entity unisim.LUT4 [\LUT4(init="0010001010110010")(0...]
Compiling architecture lut3_v of entity unisim.LUT3 [\LUT3(init="00100011")(0,7)\]
Compiling architecture lut4_v of entity unisim.LUT4 [\LUT4(init="1001000000001001")(0...]
Compiling architecture lut3_v of entity unisim.LUT3 [\LUT3(init="01000010")(0,7)\]
Compiling architecture structure of entity xil_defaultlib.floating_point_0_compare_gt_71 [floating_point_0_compare_gt_71_d...]
Compiling architecture structure of entity xil_defaultlib.floating_point_0_compare [floating_point_0_compare_default]
Compiling architecture structure of entity xil_defaultlib.\floating_point_0_carry_chain__parameterized11\ [\floating_point_0_carry_chain__p...]
Compiling architecture structure of entity xil_defaultlib.floating_point_0_compare_gt [floating_point_0_compare_gt_defa...]
Compiling architecture structure of entity xil_defaultlib.floating_point_0_compare_61 [floating_point_0_compare_61_defa...]
Compiling architecture structure of entity xil_defaultlib.\floating_point_0_xbip_pipe_v3_0_6_viv__parameterized5_70\ [\floating_point_0_xbip_pipe_v3_0...]
Compiling architecture structure of entity xil_defaultlib.\floating_point_0_delay__parameterized1_62\ [\floating_point_0_delay__paramet...]
Compiling architecture lut6_v of entity unisim.LUT6 [\LUT6(init="11111111111111111111...]
Compiling architecture structure of entity xil_defaultlib.\floating_point_0_xbip_pipe_v3_0_6_viv__parameterized101\ [\floating_point_0_xbip_pipe_v3_0...]
Compiling architecture structure of entity xil_defaultlib.\floating_point_0_delay__parameterized55\ [\floating_point_0_delay__paramet...]
Compiling architecture lut3_v of entity unisim.LUT3 [\LUT3(init="01101100")(0,7)\]
Compiling architecture lut4_v of entity unisim.LUT4 [\LUT4(init="0001111011110000")(0...]
Compiling architecture lut5_v of entity unisim.LUT5 [\LUT5(init="00000001111111101111...]
Compiling architecture lut6_v of entity unisim.LUT6 [\LUT6(init="00000000000000011111...]
Compiling architecture lut3_v of entity unisim.LUT3 [\LUT3(init="10010110")(0,7)\]
Compiling architecture lut4_v of entity unisim.LUT4 [\LUT4(init="0010110101111000")(0...]
Compiling architecture lut5_v of entity unisim.LUT5 [\LUT5(init="00000100111110110111...]
Compiling architecture lut6_v of entity unisim.LUT6 [\LUT6(init="00000000000001001111...]
Compiling architecture lut6_v of entity unisim.LUT6 [\LUT6(init="00000000000000000000...]
Compiling architecture structure of entity xil_defaultlib.\floating_point_0_xbip_pipe_v3_0_6_viv__parameterized99\ [\floating_point_0_xbip_pipe_v3_0...]
Compiling architecture structure of entity xil_defaultlib.\floating_point_0_delay__parameterized53_69\ [\floating_point_0_delay__paramet...]
Compiling architecture structure of entity xil_defaultlib.\floating_point_0_carry_chain__parameterized12\ [\floating_point_0_carry_chain__p...]
Compiling architecture structure of entity xil_defaultlib.\floating_point_0_xbip_pipe_v3_0_6_viv__parameterized5_68\ [\floating_point_0_xbip_pipe_v3_0...]
Compiling architecture structure of entity xil_defaultlib.\floating_point_0_delay__parameterized1_65\ [\floating_point_0_delay__paramet...]
Compiling architecture structure of entity xil_defaultlib.\floating_point_0_xbip_pipe_v3_0_6_viv__parameterized5_67\ [\floating_point_0_xbip_pipe_v3_0...]
Compiling architecture structure of entity xil_defaultlib.\floating_point_0_delay__parameterized1_66\ [\floating_point_0_delay__paramet...]
Compiling architecture lut6_v of entity unisim.LUT6 [\LUT6(init="10101010000000001011...]
Compiling architecture structure of entity xil_defaultlib.\floating_point_0_carry_chain__parameterized14\ [\floating_point_0_carry_chain__p...]
Compiling architecture structure of entity xil_defaultlib.\floating_point_0_compare_eq_im__parameterized1\ [\floating_point_0_compare_eq_im_...]
Compiling architecture structure of entity xil_defaultlib.\floating_point_0_special_detect__parameterized0\ [\floating_point_0_special_detect...]
Compiling architecture lut4_v of entity unisim.LUT4 [\LUT4(init="1110101010101110")(0...]
Compiling architecture lut5_v of entity unisim.LUT5 [\LUT5(init="11101110101011101010...]
Compiling architecture lut4_v of entity unisim.LUT4 [\LUT4(init="1110101010111010")(0...]
Compiling architecture lut6_v of entity unisim.LUT6 [\LUT6(init="00101110001000101111...]
Compiling architecture lut5_v of entity unisim.LUT5 [\LUT5(init="00110101001101010011...]
Compiling architecture lut5_v of entity unisim.LUT5 [\LUT5(init="11111111111111111111...]
Compiling architecture structure of entity xil_defaultlib.\floating_point_0_xbip_pipe_v3_0_6_viv__parameterized71_64\ [\floating_point_0_xbip_pipe_v3_0...]
Compiling architecture structure of entity xil_defaultlib.\floating_point_0_delay__parameterized38_63\ [\floating_point_0_delay__paramet...]
Compiling architecture lut6_v of entity unisim.LUT6 [\LUT6(init="11101110101011101110...]
Compiling architecture lut4_v of entity unisim.LUT4 [\LUT4(init="1101111111111111")(0...]
Compiling architecture lut5_v of entity unisim.LUT5 [\LUT5(init="11110111111111111111...]
Compiling architecture lut5_v of entity unisim.LUT5 [\LUT5(init="11101111101010101011...]
Compiling architecture lut6_v of entity unisim.LUT6 [\LUT6(init="11111011111111111010...]
Compiling architecture lut6_v of entity unisim.LUT6 [\LUT6(init="11110111111111111111...]
Compiling architecture structure of entity xil_defaultlib.\floating_point_0_xbip_pipe_v3_0_6_viv__parameterized119\ [\floating_point_0_xbip_pipe_v3_0...]
Compiling architecture structure of entity xil_defaultlib.\floating_point_0_delay__parameterized66\ [\floating_point_0_delay__paramet...]
Compiling architecture structure of entity xil_defaultlib.floating_point_0_flt_to_flt_conv_exp [floating_point_0_flt_to_flt_conv...]
Compiling architecture lut6_v of entity unisim.LUT6 [\LUT6(init="11111111111111111111...]
Compiling architecture lut5_v of entity unisim.LUT5 [\LUT5(init="01010101010101010101...]
Compiling architecture lut2_v of entity unisim.LUT2 [\LUT2(init="0100")(0,3)\]
Compiling architecture lut6_v of entity unisim.LUT6 [\LUT6(init="11111111111111111111...]
Compiling architecture lut4_v of entity unisim.LUT4 [\LUT4(init="1110000011110000")(0...]
Compiling architecture structure of entity xil_defaultlib.floating_point_0_flt_fma_add_exp [floating_point_0_flt_fma_add_exp...]
Compiling architecture lut6_v of entity unisim.LUT6 [\LUT6(init="00101111001000001111...]
Compiling architecture lut4_v of entity unisim.LUT4 [\LUT4(init="0101010100000100")(0...]
Compiling architecture lut6_v of entity unisim.LUT6 [\LUT6(init="01010101000001001111...]
Compiling architecture lut4_v of entity unisim.LUT4 [\LUT4(init="0000000011110100")(0...]
Compiling architecture lut6_v of entity unisim.LUT6 [\LUT6(init="00111010001111110000...]
Compiling architecture lut6_v of entity unisim.LUT6 [\LUT6(init="00000000000011101111...]
Compiling architecture lut5_v of entity unisim.LUT5 [\LUT5(init="00000010111111110000...]
Compiling architecture lut4_v of entity unisim.LUT4 [\LUT4(init="0000000001010100")(0...]
Compiling architecture lut4_v of entity unisim.LUT4 [\LUT4(init="0000000000001110")(0...]
Compiling architecture lut5_v of entity unisim.LUT5 [\LUT5(init="00000000000000000000...]
Compiling architecture lut5_v of entity unisim.LUT5 [\LUT5(init="00000000000000000001...]
Compiling architecture structure of entity xil_defaultlib.\floating_point_0_xbip_pipe_v3_0_6_viv__parameterized77_34\ [\floating_point_0_xbip_pipe_v3_0...]
Compiling architecture structure of entity xil_defaultlib.\floating_point_0_delay__parameterized41\ [\floating_point_0_delay__paramet...]
Compiling architecture structure of entity xil_defaultlib.\floating_point_0_xbip_pipe_v3_0_6_viv__parameterized23_33\ [\floating_point_0_xbip_pipe_v3_0...]
Compiling architecture structure of entity xil_defaultlib.\floating_point_0_delay__parameterized11_28\ [\floating_point_0_delay__paramet...]
Compiling architecture structure of entity xil_defaultlib.\floating_point_0_xbip_pipe_v3_0_6_viv__parameterized73\ [\floating_point_0_xbip_pipe_v3_0...]
Compiling architecture structure of entity xil_defaultlib.\floating_point_0_delay__parameterized39\ [\floating_point_0_delay__paramet...]
Compiling architecture lut5_v of entity unisim.LUT5 [\LUT5(init="10111000111111111011...]
Compiling architecture structure of entity xil_defaultlib.\floating_point_0_xbip_pipe_v3_0_6_viv__parameterized69\ [\floating_point_0_xbip_pipe_v3_0...]
Compiling architecture structure of entity xil_defaultlib.\floating_point_0_delay__parameterized37\ [\floating_point_0_delay__paramet...]
Compiling architecture structure of entity xil_defaultlib.floating_point_0_mux4 [floating_point_0_mux4_default]
Compiling architecture structure of entity xil_defaultlib.\floating_point_0_xbip_pipe_v3_0_6_viv__parameterized71\ [\floating_point_0_xbip_pipe_v3_0...]
Compiling architecture structure of entity xil_defaultlib.\floating_point_0_delay__parameterized38\ [\floating_point_0_delay__paramet...]
Compiling architecture structure of entity xil_defaultlib.\floating_point_0_mux4__parameterized0\ [\floating_point_0_mux4__paramete...]
Compiling architecture structure of entity xil_defaultlib.\floating_point_0_xbip_pipe_v3_0_6_viv__parameterized35\ [\floating_point_0_xbip_pipe_v3_0...]
Compiling architecture structure of entity xil_defaultlib.\floating_point_0_delay__parameterized17\ [\floating_point_0_delay__paramet...]
Compiling architecture structure of entity xil_defaultlib.\floating_point_0_xbip_pipe_v3_0_6_viv__parameterized75_32\ [\floating_point_0_xbip_pipe_v3_0...]
Compiling architecture structure of entity xil_defaultlib.\floating_point_0_delay__parameterized40_31\ [\floating_point_0_delay__paramet...]
Compiling architecture structure of entity xil_defaultlib.\floating_point_0_mux4__parameterized1\ [\floating_point_0_mux4__paramete...]
Compiling architecture lut6_v of entity unisim.LUT6 [\LUT6(init="00101111001000000010...]
Compiling architecture structure of entity xil_defaultlib.\floating_point_0_carry_chain__parameterized5\ [\floating_point_0_carry_chain__p...]
Compiling architecture structure of entity xil_defaultlib.\floating_point_0_carry_chain__parameterized6\ [\floating_point_0_carry_chain__p...]
Compiling architecture structure of entity xil_defaultlib.floating_point_0_lead_zero_encode [floating_point_0_lead_zero_encod...]
Compiling architecture structure of entity xil_defaultlib.\floating_point_0_xbip_pipe_v3_0_6_viv__parameterized77_27\ [\floating_point_0_xbip_pipe_v3_0...]
Compiling architecture structure of entity xil_defaultlib.\floating_point_0_delay__parameterized41_25\ [\floating_point_0_delay__paramet...]
Compiling architecture lut6_v of entity unisim.LUT6 [\LUT6(init="11110000111111111010...]
Compiling architecture structure of entity xil_defaultlib.\floating_point_0_xbip_pipe_v3_0_6_viv__parameterized77\ [\floating_point_0_xbip_pipe_v3_0...]
Compiling architecture structure of entity xil_defaultlib.\floating_point_0_delay__parameterized41_26\ [\floating_point_0_delay__paramet...]
Compiling architecture structure of entity xil_defaultlib.\floating_point_0_shift_msb_first__parameterized0\ [\floating_point_0_shift_msb_firs...]
Compiling architecture structure of entity xil_defaultlib.\floating_point_0_xbip_pipe_v3_0_6_viv__parameterized23\ [\floating_point_0_xbip_pipe_v3_0...]
Compiling architecture structure of entity xil_defaultlib.\floating_point_0_delay__parameterized22\ [\floating_point_0_delay__paramet...]
Compiling architecture structure of entity xil_defaultlib.\floating_point_0_xbip_pipe_v3_0_6_viv__parameterized91\ [\floating_point_0_xbip_pipe_v3_0...]
Compiling architecture structure of entity xil_defaultlib.\floating_point_0_delay__parameterized49\ [\floating_point_0_delay__paramet...]
Compiling architecture structure of entity xil_defaultlib.\floating_point_0_carry_chain__parameterized9\ [\floating_point_0_carry_chain__p...]
Compiling architecture structure of entity xil_defaultlib.\floating_point_0_xbip_pipe_v3_0_6_viv__parameterized93\ [\floating_point_0_xbip_pipe_v3_0...]
Compiling architecture structure of entity xil_defaultlib.\floating_point_0_delay__parameterized50\ [\floating_point_0_delay__paramet...]
Compiling architecture structure of entity xil_defaultlib.\floating_point_0_carry_chain__parameterized10\ [\floating_point_0_carry_chain__p...]
Compiling architecture structure of entity xil_defaultlib.\floating_point_0_xbip_pipe_v3_0_6_viv__parameterized81\ [\floating_point_0_xbip_pipe_v3_0...]
Compiling architecture structure of entity xil_defaultlib.\floating_point_0_delay__parameterized43\ [\floating_point_0_delay__paramet...]
Compiling architecture structure of entity xil_defaultlib.\floating_point_0_xbip_pipe_v3_0_6_viv__parameterized75\ [\floating_point_0_xbip_pipe_v3_0...]
Compiling architecture structure of entity xil_defaultlib.\floating_point_0_delay__parameterized40\ [\floating_point_0_delay__paramet...]
Compiling architecture structure of entity xil_defaultlib.\floating_point_0_carry_chain__parameterized7\ [\floating_point_0_carry_chain__p...]
Compiling architecture vcc_v of entity unisim.VCC [vcc_default]
Compiling architecture structure of entity xil_defaultlib.\floating_point_0_carry_chain__parameterized8\ [\floating_point_0_carry_chain__p...]
Compiling architecture structure of entity xil_defaultlib.floating_point_0_compare_ne_im [floating_point_0_compare_ne_im_d...]
Compiling architecture lut6_v of entity unisim.LUT6 [\LUT6(init="00001111000000000000...]
Compiling architecture structure of entity xil_defaultlib.floating_point_0_flt_fma_round_bit [floating_point_0_flt_fma_round_b...]
Compiling architecture structure of entity xil_defaultlib.floating_point_0_flt_fma_renorm_and_round_logic [floating_point_0_flt_fma_renorm_...]
Compiling architecture structure of entity xil_defaultlib.\floating_point_0_xbip_pipe_v3_0_6_viv__parameterized25\ [\floating_point_0_xbip_pipe_v3_0...]
Compiling architecture structure of entity xil_defaultlib.\floating_point_0_delay__parameterized12\ [\floating_point_0_delay__paramet...]
Compiling architecture structure of entity xil_defaultlib.floating_point_0_flt_fma_norm_logic [floating_point_0_flt_fma_norm_lo...]
Compiling architecture structure of entity xil_defaultlib.floating_point_0_flt_dec_op [floating_point_0_flt_dec_op_defa...]
Compiling architecture structure of entity xil_defaultlib.floating_point_0_flt_fma_add_logic [floating_point_0_flt_fma_add_log...]
Compiling architecture structure of entity xil_defaultlib.floating_point_0_flt_fma_add [floating_point_0_flt_fma_add_def...]
Compiling architecture lut4_v of entity unisim.LUT4 [\LUT4(init="0101011010100110")(0...]
Compiling architecture structure of entity xil_defaultlib.\floating_point_0_xbip_pipe_v3_0_6_viv__parameterized17\ [\floating_point_0_xbip_pipe_v3_0...]
Compiling architecture structure of entity xil_defaultlib.\floating_point_0_delay__parameterized7\ [\floating_point_0_delay__paramet...]
Compiling architecture structure of entity xil_defaultlib.\floating_point_0_delay_line__parameterized3\ [\floating_point_0_delay_line__pa...]
Compiling architecture dsp48e1_v of entity unisim.DSP48E1 [\DSP48E1(alumodereg=0,carryinreg...]
Compiling architecture dsp48e1_v of entity unisim.DSP48E1 [\DSP48E1(a_input="CASCADE",bcasc...]
Compiling architecture structure of entity xil_defaultlib.floating_point_0_dsp [floating_point_0_dsp_default]
Compiling architecture structure of entity xil_defaultlib.floating_point_0_mult_gen_v12_0_16_viv [floating_point_0_mult_gen_v12_0_...]
Compiling architecture structure of entity xil_defaultlib.floating_point_0_flt_fma_mul [floating_point_0_flt_fma_mul_def...]
Compiling architecture structure of entity xil_defaultlib.\floating_point_0_xbip_pipe_v3_0_6_viv__parameterized13_23\ [\floating_point_0_xbip_pipe_v3_0...]
Compiling architecture structure of entity xil_defaultlib.\floating_point_0_delay__parameterized5\ [\floating_point_0_delay__paramet...]
Compiling architecture lut3_v of entity unisim.LUT3 [\LUT3(init="01101010")(0,7)\]
Compiling architecture lut4_v of entity unisim.LUT4 [\LUT4(init="0110101010101010")(0...]
Compiling architecture lut5_v of entity unisim.LUT5 [\LUT5(init="01101010101010101010...]
Compiling architecture lut6_v of entity unisim.LUT6 [\LUT6(init="01101010101010101010...]
Compiling architecture lut4_v of entity unisim.LUT4 [\LUT4(init="1010011010101010")(0...]
Compiling architecture lut5_v of entity unisim.LUT5 [\LUT5(init="10100110101010101010...]
Compiling architecture lut6_v of entity unisim.LUT6 [\LUT6(init="01010101010101011001...]
Compiling architecture lut5_v of entity unisim.LUT5 [\LUT5(init="01011001010101010101...]
Compiling architecture lut4_v of entity unisim.LUT4 [\LUT4(init="0111111111111111")(0...]
Compiling architecture structure of entity xil_defaultlib.\floating_point_0_xbip_pipe_v3_0_6_viv__parameterized11\ [\floating_point_0_xbip_pipe_v3_0...]
Compiling architecture structure of entity xil_defaultlib.\floating_point_0_delay__parameterized4\ [\floating_point_0_delay__paramet...]
Compiling architecture structure of entity xil_defaultlib.\floating_point_0_xbip_pipe_v3_0_6_viv__parameterized13\ [\floating_point_0_xbip_pipe_v3_0...]
Compiling architecture structure of entity xil_defaultlib.\floating_point_0_delay__parameterized5_0\ [\floating_point_0_delay__paramet...]
Compiling architecture structure of entity xil_defaultlib.\floating_point_0_xbip_pipe_v3_0_6_viv__parameterized9\ [\floating_point_0_xbip_pipe_v3_0...]
Compiling architecture structure of entity xil_defaultlib.\floating_point_0_delay__parameterized3\ [\floating_point_0_delay__paramet...]
Compiling architecture lut4_v of entity unisim.LUT4 [\LUT4(init="1111100010001000")(0...]
Compiling architecture structure of entity xil_defaultlib.\floating_point_0_xbip_pipe_v3_0_6_viv__parameterized5_22\ [\floating_point_0_xbip_pipe_v3_0...]
Compiling architecture structure of entity xil_defaultlib.\floating_point_0_delay__parameterized1_17\ [\floating_point_0_delay__paramet...]
Compiling architecture structure of entity xil_defaultlib.\floating_point_0_xbip_pipe_v3_0_6_viv__parameterized5_21\ [\floating_point_0_xbip_pipe_v3_0...]
Compiling architecture structure of entity xil_defaultlib.\floating_point_0_delay__parameterized1_18\ [\floating_point_0_delay__paramet...]
Compiling architecture structure of entity xil_defaultlib.floating_point_0_carry_chain_20 [floating_point_0_carry_chain_20_...]
Compiling architecture structure of entity xil_defaultlib.floating_point_0_compare_eq_im_19 [floating_point_0_compare_eq_im_1...]
Compiling architecture structure of entity xil_defaultlib.floating_point_0_special_detect [floating_point_0_special_detect_...]
Compiling architecture structure of entity xil_defaultlib.\floating_point_0_xbip_pipe_v3_0_6_viv__parameterized5_16\ [\floating_point_0_xbip_pipe_v3_0...]
Compiling architecture structure of entity xil_defaultlib.\floating_point_0_delay__parameterized1_11\ [\floating_point_0_delay__paramet...]
Compiling architecture structure of entity xil_defaultlib.\floating_point_0_xbip_pipe_v3_0_6_viv__parameterized5_15\ [\floating_point_0_xbip_pipe_v3_0...]
Compiling architecture structure of entity xil_defaultlib.\floating_point_0_delay__parameterized1_12\ [\floating_point_0_delay__paramet...]
Compiling architecture structure of entity xil_defaultlib.floating_point_0_carry_chain_14 [floating_point_0_carry_chain_14_...]
Compiling architecture structure of entity xil_defaultlib.floating_point_0_compare_eq_im_13 [floating_point_0_compare_eq_im_1...]
Compiling architecture structure of entity xil_defaultlib.floating_point_0_special_detect_3 [floating_point_0_special_detect_...]
Compiling architecture structure of entity xil_defaultlib.\floating_point_0_xbip_pipe_v3_0_6_viv__parameterized5_10\ [\floating_point_0_xbip_pipe_v3_0...]
Compiling architecture structure of entity xil_defaultlib.\floating_point_0_delay__parameterized1\ [\floating_point_0_delay__paramet...]
Compiling architecture structure of entity xil_defaultlib.\floating_point_0_xbip_pipe_v3_0_6_viv__parameterized5\ [\floating_point_0_xbip_pipe_v3_0...]
Compiling architecture structure of entity xil_defaultlib.\floating_point_0_delay__parameterized1_9\ [\floating_point_0_delay__paramet...]
Compiling architecture structure of entity xil_defaultlib.floating_point_0_carry_chain [floating_point_0_carry_chain_def...]
Compiling architecture structure of entity xil_defaultlib.floating_point_0_compare_eq_im [floating_point_0_compare_eq_im_d...]
Compiling architecture structure of entity xil_defaultlib.floating_point_0_special_detect_4 [floating_point_0_special_detect_...]
Compiling architecture lut3_v of entity unisim.LUT3 [\LUT3(init="11101010")(0,7)\]
Compiling architecture structure of entity xil_defaultlib.\floating_point_0_xbip_pipe_v3_0_6_viv__parameterized7_8\ [\floating_point_0_xbip_pipe_v3_0...]
Compiling architecture structure of entity xil_defaultlib.\floating_point_0_delay__parameterized2\ [\floating_point_0_delay__paramet...]
Compiling architecture structure of entity xil_defaultlib.\floating_point_0_xbip_pipe_v3_0_6_viv__parameterized7_7\ [\floating_point_0_xbip_pipe_v3_0...]
Compiling architecture structure of entity xil_defaultlib.\floating_point_0_delay__parameterized2_5\ [\floating_point_0_delay__paramet...]
Compiling architecture structure of entity xil_defaultlib.\floating_point_0_xbip_pipe_v3_0_6_viv__parameterized7\ [\floating_point_0_xbip_pipe_v3_0...]
Compiling architecture structure of entity xil_defaultlib.\floating_point_0_delay__parameterized2_6\ [\floating_point_0_delay__paramet...]
Compiling architecture structure of entity xil_defaultlib.floating_point_0_flt_fma_specialcase [floating_point_0_flt_fma_special...]
Compiling architecture structure of entity xil_defaultlib.\floating_point_0_xbip_pipe_v3_0_6_viv__parameterized15_2\ [\floating_point_0_xbip_pipe_v3_0...]
Compiling architecture structure of entity xil_defaultlib.\floating_point_0_delay__parameterized6\ [\floating_point_0_delay__paramet...]
Compiling architecture structure of entity xil_defaultlib.\floating_point_0_xbip_pipe_v3_0_6_viv__parameterized15\ [\floating_point_0_xbip_pipe_v3_0...]
Compiling architecture structure of entity xil_defaultlib.\floating_point_0_delay__parameterized6_1\ [\floating_point_0_delay__paramet...]
Compiling architecture structure of entity xil_defaultlib.floating_point_0_flt_fma [floating_point_0_flt_fma_default]
Compiling architecture structure of entity xil_defaultlib.floating_point_0_xbip_pipe_v3_0_6_viv [floating_point_0_xbip_pipe_v3_0_...]
Compiling architecture lut6_v of entity unisim.LUT6 [\LUT6(init="11111111111111111111...]
Compiling architecture lut4_v of entity unisim.LUT4 [\LUT4(init="0000000010000000")(0...]
Compiling architecture lut5_v of entity unisim.LUT5 [\LUT5(init="10000000000000000000...]
Compiling architecture lut5_v of entity unisim.LUT5 [\LUT5(init="01010100010101000101...]
Compiling architecture lut5_v of entity unisim.LUT5 [\LUT5(init="00000000111110100000...]
Compiling architecture lut5_v of entity unisim.LUT5 [\LUT5(init="00000000000000000000...]
Compiling architecture lut5_v of entity unisim.LUT5 [\LUT5(init="00001101110011001101...]
Compiling architecture lut6_v of entity unisim.LUT6 [\LUT6(init="11111111111111111111...]
Compiling architecture lut5_v of entity unisim.LUT5 [\LUT5(init="00000000100011110000...]
Compiling architecture lut5_v of entity unisim.LUT5 [\LUT5(init="01010100010101000101...]
Compiling architecture lut5_v of entity unisim.LUT5 [\LUT5(init="00001100110111001101...]
Compiling architecture lut6_v of entity unisim.LUT6 [\LUT6(init="11111111111111111111...]
Compiling architecture lut5_v of entity unisim.LUT5 [\LUT5(init="00000000000010001111...]
Compiling architecture lut5_v of entity unisim.LUT5 [\LUT5(init="01110100010001000101...]
Compiling architecture lut5_v of entity unisim.LUT5 [\LUT5(init="11111000000000001111...]
Compiling architecture lut3_v of entity unisim.LUT3 [\LUT3(init="10001111")(0,7)\]
Compiling architecture lut5_v of entity unisim.LUT5 [\LUT5(init="11110100011101000111...]
Compiling architecture lut5_v of entity unisim.LUT5 [\LUT5(init="11110111011101110100...]
Compiling architecture lut6_v of entity unisim.LUT6 [\LUT6(init="11101010111010101110...]
Compiling architecture lut6_v of entity unisim.LUT6 [\LUT6(init="10000001000000000000...]
Compiling architecture lut4_v of entity unisim.LUT4 [\LUT4(init="0000000011100000")(0...]
Compiling architecture lut4_v of entity unisim.LUT4 [\LUT4(init="1111111111111000")(0...]
Compiling architecture lut6_v of entity unisim.LUT6 [\LUT6(init="11101110111011101110...]
Compiling architecture lut4_v of entity unisim.LUT4 [\LUT4(init="1111111111111110")(0...]
Compiling architecture structure of entity xil_defaultlib.floating_point_0_axi_slave_3to1 [floating_point_0_axi_slave_3to1_...]
Compiling architecture structure of entity xil_defaultlib.floating_point_0_floating_point_v7_1_10_viv [floating_point_0_floating_point_...]
Compiling architecture structure of entity xil_defaultlib.floating_point_0_floating_point_v7_1_10 [floating_point_0_floating_point_...]
Compiling architecture structure of entity xil_defaultlib.floating_point_0 [floating_point_0_default]
Compiling architecture lut3_v of entity unisim.LUT3 [\LUT3(init="10000000")(0,7)\]
Compiling architecture obuf_v of entity unisim.OBUF [\OBUF(1,9)(1,7)(1,4)\]
Compiling architecture lut6_v of entity unisim.LUT6 [\LUT6(init="11111111000000001111...]
Compiling architecture lut6_v of entity unisim.LUT6 [\LUT6(init="11111111100000001111...]
Compiling architecture lut6_v of entity unisim.LUT6 [\LUT6(init="11110000000000001111...]
Compiling architecture structure of entity xil_defaultlib.piped_mac
Built simulation snapshot piped_mac_func_impl
