INFO: [VRFC 10-163] Analyzing VHDL file "/home/cam2022/CPRE-487_git/CPRE-4870/Project/hw/fp32_mac/vivado/tc_piped_mac/tc_piped_mac.sim/sim_1/impl/func/xsim/piped_mac_func_impl.vhd" into library xil_defaultlib
INFO: [VRFC 10-3107] analyzing entity 'floating_point_0_axi_slave_3to1'
INFO: [VRFC 10-3107] analyzing entity 'floating_point_0_carry_chain'
INFO: [VRFC 10-3107] analyzing entity 'floating_point_0_carry_chain_14'
INFO: [VRFC 10-3107] analyzing entity 'floating_point_0_carry_chain_20'
INFO: [VRFC 10-3107] analyzing entity '\floating_point_0_carry_chain__parameterized0\'
INFO: [VRFC 10-3107] analyzing entity '\floating_point_0_carry_chain__parameterized1\'
INFO: [VRFC 10-3107] analyzing entity '\floating_point_0_carry_chain__parameterized11\'
INFO: [VRFC 10-3107] analyzing entity '\floating_point_0_carry_chain__parameterized11_72\'
INFO: [VRFC 10-3107] analyzing entity '\floating_point_0_carry_chain__parameterized13\'
INFO: [VRFC 10-3107] analyzing entity '\floating_point_0_carry_chain__parameterized14\'
INFO: [VRFC 10-3107] analyzing entity '\floating_point_0_carry_chain__parameterized2\'
INFO: [VRFC 10-3107] analyzing entity '\floating_point_0_carry_chain__parameterized4\'
INFO: [VRFC 10-3107] analyzing entity '\floating_point_0_carry_chain__parameterized5\'
INFO: [VRFC 10-3107] analyzing entity '\floating_point_0_carry_chain__parameterized6\'
INFO: [VRFC 10-3107] analyzing entity '\floating_point_0_carry_chain__parameterized7\'
INFO: [VRFC 10-3107] analyzing entity '\floating_point_0_carry_chain__parameterized8\'
INFO: [VRFC 10-3107] analyzing entity '\floating_point_0_delay_line__parameterized3\'
INFO: [VRFC 10-3107] analyzing entity 'floating_point_0_flt_dec_op'
INFO: [VRFC 10-3107] analyzing entity 'floating_point_0_xbip_pipe_v3_0_6_viv'
INFO: [VRFC 10-3107] analyzing entity '\floating_point_0_xbip_pipe_v3_0_6_viv__parameterized101\'
INFO: [VRFC 10-3107] analyzing entity '\floating_point_0_xbip_pipe_v3_0_6_viv__parameterized105\'
INFO: [VRFC 10-3107] analyzing entity '\floating_point_0_xbip_pipe_v3_0_6_viv__parameterized109\'
INFO: [VRFC 10-3107] analyzing entity '\floating_point_0_xbip_pipe_v3_0_6_viv__parameterized11\'
INFO: [VRFC 10-3107] analyzing entity '\floating_point_0_xbip_pipe_v3_0_6_viv__parameterized111\'
INFO: [VRFC 10-3107] analyzing entity '\floating_point_0_xbip_pipe_v3_0_6_viv__parameterized113\'
INFO: [VRFC 10-3107] analyzing entity '\floating_point_0_xbip_pipe_v3_0_6_viv__parameterized119\'
INFO: [VRFC 10-3107] analyzing entity '\floating_point_0_xbip_pipe_v3_0_6_viv__parameterized11_138\'
INFO: [VRFC 10-3107] analyzing entity '\floating_point_0_xbip_pipe_v3_0_6_viv__parameterized11_86\'
INFO: [VRFC 10-3107] analyzing entity '\floating_point_0_xbip_pipe_v3_0_6_viv__parameterized11_98\'
INFO: [VRFC 10-3107] analyzing entity '\floating_point_0_xbip_pipe_v3_0_6_viv__parameterized13\'
INFO: [VRFC 10-3107] analyzing entity '\floating_point_0_xbip_pipe_v3_0_6_viv__parameterized13_23\'
INFO: [VRFC 10-3107] analyzing entity '\floating_point_0_xbip_pipe_v3_0_6_viv__parameterized15\'
INFO: [VRFC 10-3107] analyzing entity '\floating_point_0_xbip_pipe_v3_0_6_viv__parameterized15_2\'
INFO: [VRFC 10-3107] analyzing entity '\floating_point_0_xbip_pipe_v3_0_6_viv__parameterized17\'
INFO: [VRFC 10-3107] analyzing entity '\floating_point_0_xbip_pipe_v3_0_6_viv__parameterized19\'
INFO: [VRFC 10-3107] analyzing entity '\floating_point_0_xbip_pipe_v3_0_6_viv__parameterized19_139\'
INFO: [VRFC 10-3107] analyzing entity '\floating_point_0_xbip_pipe_v3_0_6_viv__parameterized21\'
INFO: [VRFC 10-3107] analyzing entity '\floating_point_0_xbip_pipe_v3_0_6_viv__parameterized23\'
INFO: [VRFC 10-3107] analyzing entity '\floating_point_0_xbip_pipe_v3_0_6_viv__parameterized23_103\'
INFO: [VRFC 10-3107] analyzing entity '\floating_point_0_xbip_pipe_v3_0_6_viv__parameterized23_114\'
INFO: [VRFC 10-3107] analyzing entity '\floating_point_0_xbip_pipe_v3_0_6_viv__parameterized23_127\'
INFO: [VRFC 10-3107] analyzing entity '\floating_point_0_xbip_pipe_v3_0_6_viv__parameterized23_128\'
INFO: [VRFC 10-3107] analyzing entity '\floating_point_0_xbip_pipe_v3_0_6_viv__parameterized23_133\'
INFO: [VRFC 10-3107] analyzing entity '\floating_point_0_xbip_pipe_v3_0_6_viv__parameterized23_134\'
INFO: [VRFC 10-3107] analyzing entity '\floating_point_0_xbip_pipe_v3_0_6_viv__parameterized23_136\'
INFO: [VRFC 10-3107] analyzing entity '\floating_point_0_xbip_pipe_v3_0_6_viv__parameterized23_33\'
INFO: [VRFC 10-3107] analyzing entity '\floating_point_0_xbip_pipe_v3_0_6_viv__parameterized23_74\'
INFO: [VRFC 10-3107] analyzing entity '\floating_point_0_xbip_pipe_v3_0_6_viv__parameterized23_79\'
INFO: [VRFC 10-3107] analyzing entity '\floating_point_0_xbip_pipe_v3_0_6_viv__parameterized23_82\'
INFO: [VRFC 10-3107] analyzing entity '\floating_point_0_xbip_pipe_v3_0_6_viv__parameterized23_83\'
INFO: [VRFC 10-3107] analyzing entity '\floating_point_0_xbip_pipe_v3_0_6_viv__parameterized23_84\'
INFO: [VRFC 10-3107] analyzing entity '\floating_point_0_xbip_pipe_v3_0_6_viv__parameterized23_85\'
INFO: [VRFC 10-3107] analyzing entity '\floating_point_0_xbip_pipe_v3_0_6_viv__parameterized23_87\'
INFO: [VRFC 10-3107] analyzing entity '\floating_point_0_xbip_pipe_v3_0_6_viv__parameterized23_89\'
INFO: [VRFC 10-3107] analyzing entity '\floating_point_0_xbip_pipe_v3_0_6_viv__parameterized23_95\'
INFO: [VRFC 10-3107] analyzing entity '\floating_point_0_xbip_pipe_v3_0_6_viv__parameterized23_96\'
INFO: [VRFC 10-3107] analyzing entity '\floating_point_0_xbip_pipe_v3_0_6_viv__parameterized25\'
INFO: [VRFC 10-3107] analyzing entity '\floating_point_0_xbip_pipe_v3_0_6_viv__parameterized25_111\'
INFO: [VRFC 10-3107] analyzing entity '\floating_point_0_xbip_pipe_v3_0_6_viv__parameterized25_129\'
INFO: [VRFC 10-3107] analyzing entity '\floating_point_0_xbip_pipe_v3_0_6_viv__parameterized27\'
INFO: [VRFC 10-3107] analyzing entity '\floating_point_0_xbip_pipe_v3_0_6_viv__parameterized33\'
INFO: [VRFC 10-3107] analyzing entity '\floating_point_0_xbip_pipe_v3_0_6_viv__parameterized33_119\'
INFO: [VRFC 10-3107] analyzing entity '\floating_point_0_xbip_pipe_v3_0_6_viv__parameterized35\'
INFO: [VRFC 10-3107] analyzing entity '\floating_point_0_xbip_pipe_v3_0_6_viv__parameterized35_118\'
INFO: [VRFC 10-3107] analyzing entity '\floating_point_0_xbip_pipe_v3_0_6_viv__parameterized35_122\'
INFO: [VRFC 10-3107] analyzing entity '\floating_point_0_xbip_pipe_v3_0_6_viv__parameterized35_137\'
INFO: [VRFC 10-3107] analyzing entity '\floating_point_0_xbip_pipe_v3_0_6_viv__parameterized41\'
INFO: [VRFC 10-3107] analyzing entity '\floating_point_0_xbip_pipe_v3_0_6_viv__parameterized41_115\'
INFO: [VRFC 10-3107] analyzing entity '\floating_point_0_xbip_pipe_v3_0_6_viv__parameterized41_125\'
INFO: [VRFC 10-3107] analyzing entity '\floating_point_0_xbip_pipe_v3_0_6_viv__parameterized45\'
INFO: [VRFC 10-3107] analyzing entity '\floating_point_0_xbip_pipe_v3_0_6_viv__parameterized45_123\'
INFO: [VRFC 10-3107] analyzing entity '\floating_point_0_xbip_pipe_v3_0_6_viv__parameterized5\'
INFO: [VRFC 10-3107] analyzing entity '\floating_point_0_xbip_pipe_v3_0_6_viv__parameterized51\'
INFO: [VRFC 10-3107] analyzing entity '\floating_point_0_xbip_pipe_v3_0_6_viv__parameterized55\'
INFO: [VRFC 10-3107] analyzing entity '\floating_point_0_xbip_pipe_v3_0_6_viv__parameterized57\'
INFO: [VRFC 10-3107] analyzing entity '\floating_point_0_xbip_pipe_v3_0_6_viv__parameterized59\'
INFO: [VRFC 10-3107] analyzing entity '\floating_point_0_xbip_pipe_v3_0_6_viv__parameterized5_10\'
INFO: [VRFC 10-3107] analyzing entity '\floating_point_0_xbip_pipe_v3_0_6_viv__parameterized5_100\'
INFO: [VRFC 10-3107] analyzing entity '\floating_point_0_xbip_pipe_v3_0_6_viv__parameterized5_101\'
INFO: [VRFC 10-3107] analyzing entity '\floating_point_0_xbip_pipe_v3_0_6_viv__parameterized5_102\'
INFO: [VRFC 10-3107] analyzing entity '\floating_point_0_xbip_pipe_v3_0_6_viv__parameterized5_124\'
INFO: [VRFC 10-3107] analyzing entity '\floating_point_0_xbip_pipe_v3_0_6_viv__parameterized5_126\'
INFO: [VRFC 10-3107] analyzing entity '\floating_point_0_xbip_pipe_v3_0_6_viv__parameterized5_15\'
INFO: [VRFC 10-3107] analyzing entity '\floating_point_0_xbip_pipe_v3_0_6_viv__parameterized5_16\'
INFO: [VRFC 10-3107] analyzing entity '\floating_point_0_xbip_pipe_v3_0_6_viv__parameterized5_21\'
INFO: [VRFC 10-3107] analyzing entity '\floating_point_0_xbip_pipe_v3_0_6_viv__parameterized5_22\'
INFO: [VRFC 10-3107] analyzing entity '\floating_point_0_xbip_pipe_v3_0_6_viv__parameterized5_67\'
INFO: [VRFC 10-3107] analyzing entity '\floating_point_0_xbip_pipe_v3_0_6_viv__parameterized5_68\'
INFO: [VRFC 10-3107] analyzing entity '\floating_point_0_xbip_pipe_v3_0_6_viv__parameterized5_70\'
INFO: [VRFC 10-3107] analyzing entity '\floating_point_0_xbip_pipe_v3_0_6_viv__parameterized5_73\'
INFO: [VRFC 10-3107] analyzing entity '\floating_point_0_xbip_pipe_v3_0_6_viv__parameterized5_75\'
INFO: [VRFC 10-3107] analyzing entity '\floating_point_0_xbip_pipe_v3_0_6_viv__parameterized5_76\'
INFO: [VRFC 10-3107] analyzing entity '\floating_point_0_xbip_pipe_v3_0_6_viv__parameterized5_88\'
INFO: [VRFC 10-3107] analyzing entity '\floating_point_0_xbip_pipe_v3_0_6_viv__parameterized5_90\'
INFO: [VRFC 10-3107] analyzing entity '\floating_point_0_xbip_pipe_v3_0_6_viv__parameterized5_91\'
INFO: [VRFC 10-3107] analyzing entity '\floating_point_0_xbip_pipe_v3_0_6_viv__parameterized5_92\'
INFO: [VRFC 10-3107] analyzing entity '\floating_point_0_xbip_pipe_v3_0_6_viv__parameterized5_93\'
INFO: [VRFC 10-3107] analyzing entity '\floating_point_0_xbip_pipe_v3_0_6_viv__parameterized5_94\'
INFO: [VRFC 10-3107] analyzing entity '\floating_point_0_xbip_pipe_v3_0_6_viv__parameterized5_97\'
INFO: [VRFC 10-3107] analyzing entity '\floating_point_0_xbip_pipe_v3_0_6_viv__parameterized5_99\'
INFO: [VRFC 10-3107] analyzing entity '\floating_point_0_xbip_pipe_v3_0_6_viv__parameterized63\'
INFO: [VRFC 10-3107] analyzing entity '\floating_point_0_xbip_pipe_v3_0_6_viv__parameterized69\'
INFO: [VRFC 10-3107] analyzing entity '\floating_point_0_xbip_pipe_v3_0_6_viv__parameterized7\'
INFO: [VRFC 10-3107] analyzing entity '\floating_point_0_xbip_pipe_v3_0_6_viv__parameterized71\'
INFO: [VRFC 10-3107] analyzing entity '\floating_point_0_xbip_pipe_v3_0_6_viv__parameterized71_64\'
INFO: [VRFC 10-3107] analyzing entity '\floating_point_0_xbip_pipe_v3_0_6_viv__parameterized73\'
INFO: [VRFC 10-3107] analyzing entity '\floating_point_0_xbip_pipe_v3_0_6_viv__parameterized75\'
INFO: [VRFC 10-3107] analyzing entity '\floating_point_0_xbip_pipe_v3_0_6_viv__parameterized75_32\'
INFO: [VRFC 10-3107] analyzing entity '\floating_point_0_xbip_pipe_v3_0_6_viv__parameterized77\'
INFO: [VRFC 10-3107] analyzing entity '\floating_point_0_xbip_pipe_v3_0_6_viv__parameterized77_27\'
INFO: [VRFC 10-3107] analyzing entity '\floating_point_0_xbip_pipe_v3_0_6_viv__parameterized77_34\'
INFO: [VRFC 10-3107] analyzing entity '\floating_point_0_xbip_pipe_v3_0_6_viv__parameterized7_7\'
INFO: [VRFC 10-3107] analyzing entity '\floating_point_0_xbip_pipe_v3_0_6_viv__parameterized7_8\'
INFO: [VRFC 10-3107] analyzing entity '\floating_point_0_xbip_pipe_v3_0_6_viv__parameterized81\'
INFO: [VRFC 10-3107] analyzing entity '\floating_point_0_xbip_pipe_v3_0_6_viv__parameterized9\'
INFO: [VRFC 10-3107] analyzing entity '\floating_point_0_xbip_pipe_v3_0_6_viv__parameterized91\'
INFO: [VRFC 10-3107] analyzing entity '\floating_point_0_xbip_pipe_v3_0_6_viv__parameterized93\'
INFO: [VRFC 10-3107] analyzing entity '\floating_point_0_xbip_pipe_v3_0_6_viv__parameterized93_81\'
INFO: [VRFC 10-3107] analyzing entity '\floating_point_0_xbip_pipe_v3_0_6_viv__parameterized97\'
INFO: [VRFC 10-3107] analyzing entity '\floating_point_0_xbip_pipe_v3_0_6_viv__parameterized99\'
INFO: [VRFC 10-3107] analyzing entity '\floating_point_0_xbip_pipe_v3_0_6_viv__parameterized99_80\'
INFO: [VRFC 10-3107] analyzing entity 'floating_point_0_compare_eq_im'
INFO: [VRFC 10-3107] analyzing entity 'floating_point_0_compare_eq_im_13'
INFO: [VRFC 10-3107] analyzing entity 'floating_point_0_compare_eq_im_19'
INFO: [VRFC 10-3107] analyzing entity '\floating_point_0_compare_eq_im__parameterized0\'
INFO: [VRFC 10-3107] analyzing entity '\floating_point_0_compare_eq_im__parameterized1\'
INFO: [VRFC 10-3107] analyzing entity 'floating_point_0_compare_ge'
INFO: [VRFC 10-3107] analyzing entity 'floating_point_0_compare_gt'
INFO: [VRFC 10-3107] analyzing entity 'floating_point_0_compare_gt_71'
INFO: [VRFC 10-3107] analyzing entity 'floating_point_0_compare_ne_im'
INFO: [VRFC 10-3107] analyzing entity '\floating_point_0_delay__parameterized1\'
INFO: [VRFC 10-3107] analyzing entity '\floating_point_0_delay__parameterized10\'
INFO: [VRFC 10-3107] analyzing entity '\floating_point_0_delay__parameterized11\'
INFO: [VRFC 10-3107] analyzing entity '\floating_point_0_delay__parameterized11_106\'
INFO: [VRFC 10-3107] analyzing entity '\floating_point_0_delay__parameterized11_107\'
INFO: [VRFC 10-3107] analyzing entity '\floating_point_0_delay__parameterized11_131\'
INFO: [VRFC 10-3107] analyzing entity '\floating_point_0_delay__parameterized11_132\'
INFO: [VRFC 10-3107] analyzing entity '\floating_point_0_delay__parameterized11_28\'
INFO: [VRFC 10-3107] analyzing entity '\floating_point_0_delay__parameterized11_46\'
INFO: [VRFC 10-3107] analyzing entity '\floating_point_0_delay__parameterized11_52\'
INFO: [VRFC 10-3107] analyzing entity '\floating_point_0_delay__parameterized11_59\'
INFO: [VRFC 10-3107] analyzing entity '\floating_point_0_delay__parameterized12\'
INFO: [VRFC 10-3107] analyzing entity '\floating_point_0_delay__parameterized12_105\'
INFO: [VRFC 10-3107] analyzing entity '\floating_point_0_delay__parameterized13\'
INFO: [VRFC 10-3107] analyzing entity '\floating_point_0_delay__parameterized16\'
INFO: [VRFC 10-3107] analyzing entity '\floating_point_0_delay__parameterized16_116\'
INFO: [VRFC 10-3107] analyzing entity '\floating_point_0_delay__parameterized17\'
INFO: [VRFC 10-3107] analyzing entity '\floating_point_0_delay__parameterized17_117\'
INFO: [VRFC 10-3107] analyzing entity '\floating_point_0_delay__parameterized17_121\'
INFO: [VRFC 10-3107] analyzing entity '\floating_point_0_delay__parameterized17_130\'
INFO: [VRFC 10-3107] analyzing entity '\floating_point_0_delay__parameterized1_108\'
INFO: [VRFC 10-3107] analyzing entity '\floating_point_0_delay__parameterized1_11\'
INFO: [VRFC 10-3107] analyzing entity '\floating_point_0_delay__parameterized1_110\'
INFO: [VRFC 10-3107] analyzing entity '\floating_point_0_delay__parameterized1_12\'
INFO: [VRFC 10-3107] analyzing entity '\floating_point_0_delay__parameterized1_17\'
INFO: [VRFC 10-3107] analyzing entity '\floating_point_0_delay__parameterized1_18\'
INFO: [VRFC 10-3107] analyzing entity '\floating_point_0_delay__parameterized1_35\'
INFO: [VRFC 10-3107] analyzing entity '\floating_point_0_delay__parameterized1_36\'
INFO: [VRFC 10-3107] analyzing entity '\floating_point_0_delay__parameterized1_37\'
INFO: [VRFC 10-3107] analyzing entity '\floating_point_0_delay__parameterized1_39\'
INFO: [VRFC 10-3107] analyzing entity '\floating_point_0_delay__parameterized1_41\'
INFO: [VRFC 10-3107] analyzing entity '\floating_point_0_delay__parameterized1_42\'
INFO: [VRFC 10-3107] analyzing entity '\floating_point_0_delay__parameterized1_43\'
INFO: [VRFC 10-3107] analyzing entity '\floating_point_0_delay__parameterized1_44\'
INFO: [VRFC 10-3107] analyzing entity '\floating_point_0_delay__parameterized1_47\'
INFO: [VRFC 10-3107] analyzing entity '\floating_point_0_delay__parameterized1_57\'
INFO: [VRFC 10-3107] analyzing entity '\floating_point_0_delay__parameterized1_58\'
INFO: [VRFC 10-3107] analyzing entity '\floating_point_0_delay__parameterized1_60\'
INFO: [VRFC 10-3107] analyzing entity '\floating_point_0_delay__parameterized1_62\'
INFO: [VRFC 10-3107] analyzing entity '\floating_point_0_delay__parameterized1_65\'
INFO: [VRFC 10-3107] analyzing entity '\floating_point_0_delay__parameterized1_66\'
INFO: [VRFC 10-3107] analyzing entity '\floating_point_0_delay__parameterized1_9\'
INFO: [VRFC 10-3107] analyzing entity '\floating_point_0_delay__parameterized2\'
INFO: [VRFC 10-3107] analyzing entity '\floating_point_0_delay__parameterized20\'
INFO: [VRFC 10-3107] analyzing entity '\floating_point_0_delay__parameterized20_109\'
INFO: [VRFC 10-3107] analyzing entity '\floating_point_0_delay__parameterized20_112\'
INFO: [VRFC 10-3107] analyzing entity '\floating_point_0_delay__parameterized22\'
INFO: [VRFC 10-3107] analyzing entity '\floating_point_0_delay__parameterized22_113\'
INFO: [VRFC 10-3107] analyzing entity '\floating_point_0_delay__parameterized22_135\'
INFO: [VRFC 10-3107] analyzing entity '\floating_point_0_delay__parameterized23\'
INFO: [VRFC 10-3107] analyzing entity '\floating_point_0_delay__parameterized23_120\'
INFO: [VRFC 10-3107] analyzing entity '\floating_point_0_delay__parameterized26\'
INFO: [VRFC 10-3107] analyzing entity '\floating_point_0_delay__parameterized28\'
INFO: [VRFC 10-3107] analyzing entity '\floating_point_0_delay__parameterized2_5\'
INFO: [VRFC 10-3107] analyzing entity '\floating_point_0_delay__parameterized2_6\'
INFO: [VRFC 10-3107] analyzing entity '\floating_point_0_delay__parameterized3\'
INFO: [VRFC 10-3107] analyzing entity '\floating_point_0_delay__parameterized30\'
INFO: [VRFC 10-3107] analyzing entity '\floating_point_0_delay__parameterized31\'
INFO: [VRFC 10-3107] analyzing entity '\floating_point_0_delay__parameterized32\'
INFO: [VRFC 10-3107] analyzing entity '\floating_point_0_delay__parameterized34\'
INFO: [VRFC 10-3107] analyzing entity '\floating_point_0_delay__parameterized37\'
INFO: [VRFC 10-3107] analyzing entity '\floating_point_0_delay__parameterized38\'
INFO: [VRFC 10-3107] analyzing entity '\floating_point_0_delay__parameterized38_63\'
INFO: [VRFC 10-3107] analyzing entity '\floating_point_0_delay__parameterized39\'
INFO: [VRFC 10-3107] analyzing entity '\floating_point_0_delay__parameterized4\'
INFO: [VRFC 10-3107] analyzing entity '\floating_point_0_delay__parameterized40\'
INFO: [VRFC 10-3107] analyzing entity '\floating_point_0_delay__parameterized40_31\'
INFO: [VRFC 10-3107] analyzing entity '\floating_point_0_delay__parameterized41\'
INFO: [VRFC 10-3107] analyzing entity '\floating_point_0_delay__parameterized41_25\'
INFO: [VRFC 10-3107] analyzing entity '\floating_point_0_delay__parameterized41_26\'
INFO: [VRFC 10-3107] analyzing entity '\floating_point_0_delay__parameterized43\'
INFO: [VRFC 10-3107] analyzing entity '\floating_point_0_delay__parameterized49\'
INFO: [VRFC 10-3107] analyzing entity '\floating_point_0_delay__parameterized4_104\'
INFO: [VRFC 10-3107] analyzing entity '\floating_point_0_delay__parameterized4_38\'
INFO: [VRFC 10-3107] analyzing entity '\floating_point_0_delay__parameterized4_49\'
INFO: [VRFC 10-3107] analyzing entity '\floating_point_0_delay__parameterized5\'
INFO: [VRFC 10-3107] analyzing entity '\floating_point_0_delay__parameterized50\'
INFO: [VRFC 10-3107] analyzing entity '\floating_point_0_delay__parameterized53\'
INFO: [VRFC 10-3107] analyzing entity '\floating_point_0_delay__parameterized53_69\'
INFO: [VRFC 10-3107] analyzing entity '\floating_point_0_delay__parameterized54\'
INFO: [VRFC 10-3107] analyzing entity '\floating_point_0_delay__parameterized54_40\'
INFO: [VRFC 10-3107] analyzing entity '\floating_point_0_delay__parameterized54_48\'
INFO: [VRFC 10-3107] analyzing entity '\floating_point_0_delay__parameterized54_50\'
INFO: [VRFC 10-3107] analyzing entity '\floating_point_0_delay__parameterized54_51\'
INFO: [VRFC 10-3107] analyzing entity '\floating_point_0_delay__parameterized54_53\'
INFO: [VRFC 10-3107] analyzing entity '\floating_point_0_delay__parameterized54_54\'
INFO: [VRFC 10-3107] analyzing entity '\floating_point_0_delay__parameterized55\'
INFO: [VRFC 10-3107] analyzing entity '\floating_point_0_delay__parameterized57\'
INFO: [VRFC 10-3107] analyzing entity '\floating_point_0_delay__parameterized59\'
INFO: [VRFC 10-3107] analyzing entity '\floating_point_0_delay__parameterized5_0\'
INFO: [VRFC 10-3107] analyzing entity '\floating_point_0_delay__parameterized6\'
INFO: [VRFC 10-3107] analyzing entity '\floating_point_0_delay__parameterized60\'
INFO: [VRFC 10-3107] analyzing entity '\floating_point_0_delay__parameterized61\'
INFO: [VRFC 10-3107] analyzing entity '\floating_point_0_delay__parameterized62\'
INFO: [VRFC 10-3107] analyzing entity '\floating_point_0_delay__parameterized64\'
INFO: [VRFC 10-3107] analyzing entity '\floating_point_0_delay__parameterized66\'
INFO: [VRFC 10-3107] analyzing entity '\floating_point_0_delay__parameterized6_1\'
INFO: [VRFC 10-3107] analyzing entity '\floating_point_0_delay__parameterized7\'
INFO: [VRFC 10-3107] analyzing entity '\floating_point_0_delay__parameterized8\'
INFO: [VRFC 10-3107] analyzing entity '\floating_point_0_delay__parameterized8_24\'
INFO: [VRFC 10-3107] analyzing entity '\floating_point_0_delay__parameterized9\'
INFO: [VRFC 10-3107] analyzing entity '\floating_point_0_delay__parameterized9_45\'
INFO: [VRFC 10-3107] analyzing entity 'floating_point_0_dsp'
INFO: [VRFC 10-3107] analyzing entity '\floating_point_0_carry_chain__parameterized10\'
INFO: [VRFC 10-3107] analyzing entity '\floating_point_0_carry_chain__parameterized12\'
INFO: [VRFC 10-3107] analyzing entity '\floating_point_0_carry_chain__parameterized3\'
INFO: [VRFC 10-3107] analyzing entity '\floating_point_0_carry_chain__parameterized9\'
INFO: [VRFC 10-3107] analyzing entity 'floating_point_0_compare'
INFO: [VRFC 10-3107] analyzing entity 'floating_point_0_compare_61'
INFO: [VRFC 10-3107] analyzing entity 'floating_point_0_flt_fma_round_bit'
INFO: [VRFC 10-3107] analyzing entity 'floating_point_0_mult_gen_v12_0_16_viv'
INFO: [VRFC 10-3107] analyzing entity 'floating_point_0_mux4'
INFO: [VRFC 10-3107] analyzing entity '\floating_point_0_mux4__parameterized0\'
INFO: [VRFC 10-3107] analyzing entity '\floating_point_0_mux4__parameterized1\'
INFO: [VRFC 10-3107] analyzing entity 'floating_point_0_shift_msb_first'
INFO: [VRFC 10-3107] analyzing entity '\floating_point_0_shift_msb_first__parameterized0\'
INFO: [VRFC 10-3107] analyzing entity 'floating_point_0_special_detect'
INFO: [VRFC 10-3107] analyzing entity 'floating_point_0_special_detect_3'
INFO: [VRFC 10-3107] analyzing entity 'floating_point_0_special_detect_4'
INFO: [VRFC 10-3107] analyzing entity '\floating_point_0_special_detect__parameterized0\'
INFO: [VRFC 10-3107] analyzing entity 'floating_point_0_zero_det_sel'
INFO: [VRFC 10-3107] analyzing entity 'floating_point_0_addsub_logic'
INFO: [VRFC 10-3107] analyzing entity 'floating_point_0_flt_fma_alignment'
INFO: [VRFC 10-3107] analyzing entity 'floating_point_0_flt_fma_mul'
INFO: [VRFC 10-3107] analyzing entity 'floating_point_0_flt_fma_renorm_and_round_logic'
INFO: [VRFC 10-3107] analyzing entity 'floating_point_0_flt_fma_specialcase'
INFO: [VRFC 10-3107] analyzing entity 'floating_point_0_flt_to_flt_conv_exp'
INFO: [VRFC 10-3107] analyzing entity 'floating_point_0_lead_zero_encode'
INFO: [VRFC 10-3107] analyzing entity 'floating_point_0_flt_fma_add_exp'
INFO: [VRFC 10-3107] analyzing entity 'floating_point_0_flt_fma_addsub'
INFO: [VRFC 10-3107] analyzing entity 'floating_point_0_flt_fma_norm_logic'
INFO: [VRFC 10-3107] analyzing entity 'floating_point_0_flt_fma_align_add'
INFO: [VRFC 10-3107] analyzing entity 'floating_point_0_flt_fma_add_logic'
INFO: [VRFC 10-3107] analyzing entity 'floating_point_0_flt_fma_add'
INFO: [VRFC 10-3107] analyzing entity 'floating_point_0_flt_fma'
INFO: [VRFC 10-3107] analyzing entity 'floating_point_0_floating_point_v7_1_10_viv'
INFO: [VRFC 10-3107] analyzing entity 'floating_point_0_floating_point_v7_1_10'
INFO: [VRFC 10-3107] analyzing entity 'floating_point_0'
INFO: [VRFC 10-3107] analyzing entity 'piped_mac'
