#-----------------------------------------------------------
# Vivado v2020.1 (64-bit)
# SW Build 2902540 on Wed May 27 19:54:35 MDT 2020
# IP Build 2902112 on Wed May 27 22:43:36 MDT 2020
# Start of session at: Thu Dec  4 15:49:49 2025
# Process ID: 29058
# Current directory: /home/cam2022/CPRE-487_git/CPRE-4870/Project/hw/fp32_mac/vivado
# Command line: vivado
# Log file: /home/cam2022/CPRE-487_git/CPRE-4870/Project/hw/fp32_mac/vivado/vivado.log
# Journal file: /home/cam2022/CPRE-487_git/CPRE-4870/Project/hw/fp32_mac/vivado/vivado.jou
#-----------------------------------------------------------
start_gui
ls
WARNING: [Common 17-259] Unknown Tcl command 'ls' sending command to the OS shell for execution. It is recommended to use 'exec' to send the command to the OS shell.
#tc_fp32_mac_ip.tcl#
tc_fp32_mac_ip.tcl
vivado.jou
vivado.log
vivado_27868.backup.log
vivado_pid29058.str
source tc.fp32_mac_ip.tcl
couldn't read file "tc.fp32_mac_ip.tcl": no such file or directory
source tc_fp32_mac_ip.tcl
# set origin_dir "."
# if { [info exists ::origin_dir_loc] } {
#   set origin_dir $::origin_dir_loc
# }
# set _xil_proj_name_ "tc_piped_mac"
# if { [info exists ::user_project_name] } {
#   set _xil_proj_name_ $::user_project_name
# }
# variable script_file
# set script_file "tc_piped_mac_ip.tcl"
# proc print_help {} {
#   variable script_file
#   puts "\nDescription:"
#   puts "Recreate a Vivado project from this script. The created project will be"
#   puts "functionally equivalent to the original project for which this script was"
#   puts "generated. The script contains commands for creating a project, filesets,"
#   puts "runs, adding/importing sources and setting properties on various objects.\n"
#   puts "Syntax:"
#   puts "$script_file"
#   puts "$script_file -tclargs \[--origin_dir <path>\]"
#   puts "$script_file -tclargs \[--project_name <name>\]"
#   puts "$script_file -tclargs \[--help\]\n"
#   puts "Usage:"
#   puts "Name                   Description"
#   puts "-------------------------------------------------------------------------"
#   puts "\[--origin_dir <path>\]  Determine source file paths wrt this path. Default"
#   puts "                       origin_dir path value is \".\", otherwise, the value"
#   puts "                       that was set with the \"-paths_relative_to\" switch"
#   puts "                       when this script was generated.\n"
#   puts "\[--project_name <name>\] Create project with the specified name. Default"
#   puts "                       name is the name of the project from where this"
#   puts "                       script was generated.\n"
#   puts "\[--help\]               Print help information for this script"
#   puts "-------------------------------------------------------------------------\n"
#   exit 0
# }
# if { $::argc > 0 } {
#   for {set i 0} {$i < $::argc} {incr i} {
#     set option [string trim [lindex $::argv $i]]
#     switch -regexp -- $option {
#       "--origin_dir"   { incr i; set origin_dir [lindex $::argv $i] }
#       "--project_name" { incr i; set _xil_proj_name_ [lindex $::argv $i] }
#       "--help"         { print_help }
#       default {
#         if { [regexp {^-} $option] } {
#           puts "ERROR: Unknown option '$option' specified, please type '$script_file -tclargs --help' for usage info.\n"
#           return 1
#         }
#       }
#     }
#   }
# }
# set orig_proj_dir "[file normalize "$origin_dir/tc_piped_mac"]"
# create_project ${_xil_proj_name_} ./${_xil_proj_name_} -part xc7z020clg484-1
INFO: [IP_Flow 19-234] Refreshing IP repositories
INFO: [IP_Flow 19-1704] No user IP repositories specified
INFO: [IP_Flow 19-2313] Loaded Vivado IP repository '/remote/Xilinx/2020.1/Vivado/2020.1/data/ip'.
WARNING: [IP_Flow 19-3899] Cannot get the environment domain name variable for the component vendor name. Setting the vendor name to 'user.org'.
# set proj_dir [get_property directory [current_project]]
# set obj [current_project]
# set_property -name "board_part" -value "em.avnet.com:zed:part0:1.4" -objects $obj
# set_property -name "board_part_repo_paths" -value "[file normalize "$origin_dir/../../../../cpre480/MP-1/hw/board"]" -objects $obj
WARNING: [Vivado 12-9135] Ignoring repo path (/home/cam2022/CPRE-487_git/CPRE-4870/cpre480/MP-1/hw/board) because it contains no board files
# set_property -name "compxlib.modelsim_compiled_library_dir" -value "C:/Xilinx/Vivado/Modelsim_libs" -objects $obj
# set_property -name "default_lib" -value "xil_defaultlib" -objects $obj
# set_property -name "enable_vhdl_2008" -value "1" -objects $obj
# set_property -name "ip_cache_permissions" -value "read write" -objects $obj
# set_property -name "ip_output_repo" -value "$proj_dir/${_xil_proj_name_}.cache/ip" -objects $obj
# set_property -name "mem.enable_memory_map_generation" -value "1" -objects $obj
# set_property -name "platform.board_id" -value "zed" -objects $obj
# set_property -name "sim.central_dir" -value "$proj_dir/${_xil_proj_name_}.ip_user_files" -objects $obj
# set_property -name "sim.ip.auto_export_scripts" -value "1" -objects $obj
# set_property -name "simulator_language" -value "Mixed" -objects $obj
# set_property -name "target_language" -value "VHDL" -objects $obj
# if {[string equal [get_filesets -quiet sources_1] ""]} {
#   create_fileset -srcset sources_1
# }
# set obj [get_filesets sources_1]
# if { $obj != {} } {
#    set_property "ip_repo_paths" "[file normalize "$origin_dir/../"]" $obj
# 
#    # Rebuild user ip_repo's index before adding any source files
#    update_ip_catalog -rebuild
# }
INFO: [IP_Flow 19-234] Refreshing IP repositories
INFO: [IP_Flow 19-1700] Loaded user IP repository '/home/cam2022/CPRE-487_git/CPRE-4870/Project/hw/fp32_mac'.
WARNING: [IP_Flow 19-3656] If you move the project, the path for repository '/home/cam2022/CPRE-487_git/CPRE-4870/Project/hw/fp32_mac' may become invalid. A better location for the repository would be in a path adjacent to the project. (Current project location is '/home/cam2022/CPRE-487_git/CPRE-4870/Project/hw/fp32_mac/vivado/tc_piped_mac'.)
WARNING: [IP_Flow 19-3899] Cannot get the environment domain name variable for the component vendor name. Setting the vendor name to 'user.org'.
# set obj [get_filesets sources_1]
# set files [list \
#  [file normalize "${origin_dir}/../hdl/piped_mac.vhd"] \
#  [file normalize "${origin_dir}/../component.xml"] \
# ]
# add_files -norecurse -fileset $obj $files
ERROR: [Vivado 12-172] File or Directory '/home/cam2022/CPRE-487_git/CPRE-4870/Project/hw/fp32_mac/hdl/piped_mac.vhd' does not exist
import_files -norecurse /home/cam2022/CPRE-487_git/CPRE-4870/Project/hw/fp32_mac/hdl/fp32_mac.vhd
update_compile_order -fileset sources_1
update_compile_order -fileset sources_1
set_property file_type {VHDL 2008} [get_files  /home/cam2022/CPRE-487_git/CPRE-4870/Project/hw/fp32_mac/vivado/tc_piped_mac/tc_piped_mac.srcs/sources_1/imports/hdl/fp32_mac.vhd]
set_property file_type VHDL [get_files  /home/cam2022/CPRE-487_git/CPRE-4870/Project/hw/fp32_mac/vivado/tc_piped_mac/tc_piped_mac.srcs/sources_1/imports/hdl/fp32_mac.vhd]
update_compile_order -fileset sources_1
create_ip -name floating_point -vendor xilinx.com -library ip -version 7.1 -module_name floating_point_0
set_property -dict [list CONFIG.Operation_Type {FMA} CONFIG.A_Precision_Type {Single} CONFIG.C_A_Exponent_Width {8} CONFIG.C_A_Fraction_Width {24} CONFIG.Result_Precision_Type {Single} CONFIG.C_Result_Exponent_Width {8} CONFIG.C_Result_Fraction_Width {24} CONFIG.C_Mult_Usage {Medium_Usage} CONFIG.C_Latency {17} CONFIG.C_Rate {1}] [get_ips floating_point_0]
generate_target {instantiation_template} [get_files /home/cam2022/CPRE-487_git/CPRE-4870/Project/hw/fp32_mac/vivado/tc_piped_mac/tc_piped_mac.srcs/sources_1/ip/floating_point_0/floating_point_0.xci]
INFO: [IP_Flow 19-1686] Generating 'Instantiation Template' target for IP 'floating_point_0'...
update_compile_order -fileset sources_1
generate_target all [get_files  /home/cam2022/CPRE-487_git/CPRE-4870/Project/hw/fp32_mac/vivado/tc_piped_mac/tc_piped_mac.srcs/sources_1/ip/floating_point_0/floating_point_0.xci]
INFO: [IP_Flow 19-1686] Generating 'Synthesis' target for IP 'floating_point_0'...
INFO: [IP_Flow 19-1686] Generating 'Simulation' target for IP 'floating_point_0'...
INFO: [IP_Flow 19-1686] Generating 'C Simulation' target for IP 'floating_point_0'...
INFO: [IP_Flow 19-1686] Generating 'Test Bench' target for IP 'floating_point_0'...
INFO: [IP_Flow 19-1686] Generating 'Change Log' target for IP 'floating_point_0'...
catch { config_ip_cache -export [get_ips -all floating_point_0] }
export_ip_user_files -of_objects [get_files /home/cam2022/CPRE-487_git/CPRE-4870/Project/hw/fp32_mac/vivado/tc_piped_mac/tc_piped_mac.srcs/sources_1/ip/floating_point_0/floating_point_0.xci] -no_script -sync -force -quiet
create_ip_run [get_files -of_objects [get_fileset sources_1] /home/cam2022/CPRE-487_git/CPRE-4870/Project/hw/fp32_mac/vivado/tc_piped_mac/tc_piped_mac.srcs/sources_1/ip/floating_point_0/floating_point_0.xci]
launch_runs floating_point_0_synth_1 -jobs 8
[Thu Dec  4 16:07:07 2025] Launched floating_point_0_synth_1...
Run output will be captured here: /home/cam2022/CPRE-487_git/CPRE-4870/Project/hw/fp32_mac/vivado/tc_piped_mac/tc_piped_mac.runs/floating_point_0_synth_1/runme.log
export_simulation -of_objects [get_files /home/cam2022/CPRE-487_git/CPRE-4870/Project/hw/fp32_mac/vivado/tc_piped_mac/tc_piped_mac.srcs/sources_1/ip/floating_point_0/floating_point_0.xci] -directory /home/cam2022/CPRE-487_git/CPRE-4870/Project/hw/fp32_mac/vivado/tc_piped_mac/tc_piped_mac.ip_user_files/sim_scripts -ip_user_files_dir /home/cam2022/CPRE-487_git/CPRE-4870/Project/hw/fp32_mac/vivado/tc_piped_mac/tc_piped_mac.ip_user_files -ipstatic_source_dir /home/cam2022/CPRE-487_git/CPRE-4870/Project/hw/fp32_mac/vivado/tc_piped_mac/tc_piped_mac.ip_user_files/ipstatic -lib_map_path [list {modelsim=/home/cam2022/CPRE-487_git/CPRE-4870/Project/hw/fp32_mac/vivado/Xilinx/Vivado/Modelsim_libs} {questa=/home/cam2022/CPRE-487_git/CPRE-4870/Project/hw/fp32_mac/vivado/tc_piped_mac/tc_piped_mac.cache/compile_simlib/questa} {ies=/home/cam2022/CPRE-487_git/CPRE-4870/Project/hw/fp32_mac/vivado/tc_piped_mac/tc_piped_mac.cache/compile_simlib/ies} {xcelium=/home/cam2022/CPRE-487_git/CPRE-4870/Project/hw/fp32_mac/vivado/tc_piped_mac/tc_piped_mac.cache/compile_simlib/xcelium} {vcs=/home/cam2022/CPRE-487_git/CPRE-4870/Project/hw/fp32_mac/vivado/tc_piped_mac/tc_piped_mac.cache/compile_simlib/vcs} {riviera=/home/cam2022/CPRE-487_git/CPRE-4870/Project/hw/fp32_mac/vivado/tc_piped_mac/tc_piped_mac.cache/compile_simlib/riviera}] -use_ip_compiled_libs -force -quiet
launch_runs impl_1 -jobs 8
[Thu Dec  4 16:07:59 2025] Launched floating_point_0_synth_1, synth_1...
Run output will be captured here:
floating_point_0_synth_1: /home/cam2022/CPRE-487_git/CPRE-4870/Project/hw/fp32_mac/vivado/tc_piped_mac/tc_piped_mac.runs/floating_point_0_synth_1/runme.log
synth_1: /home/cam2022/CPRE-487_git/CPRE-4870/Project/hw/fp32_mac/vivado/tc_piped_mac/tc_piped_mac.runs/synth_1/runme.log
[Thu Dec  4 16:07:59 2025] Launched impl_1...
Run output will be captured here: /home/cam2022/CPRE-487_git/CPRE-4870/Project/hw/fp32_mac/vivado/tc_piped_mac/tc_piped_mac.runs/impl_1/runme.log
exit
INFO: [Common 17-206] Exiting Vivado at Thu Dec  4 16:11:12 2025...
