#-----------------------------------------------------------
# Vivado v2020.1 (64-bit)
# SW Build 2902540 on Wed May 27 19:54:35 MDT 2020
# IP Build 2902112 on Wed May 27 22:43:36 MDT 2020
# Start of session at: Fri Dec  5 16:36:49 2025
# Process ID: 138029
# Current directory: /home/cam2022/CPRE-487_git/CPRE-4870/Project/hw/simple_interface/vivado
# Command line: vivado
# Log file: /home/cam2022/CPRE-487_git/CPRE-4870/Project/hw/simple_interface/vivado/vivado.log
# Journal file: /home/cam2022/CPRE-487_git/CPRE-4870/Project/hw/simple_interface/vivado/vivado.jou
#-----------------------------------------------------------
start_gui
open_project /home/cam2022/CPRE-487_git/CPRE-4870/Project/hw/simple_interface/vivado/simple_interface/simple_interface.xpr
Scanning sources...
Finished scanning sources
INFO: [IP_Flow 19-234] Refreshing IP repositories
INFO: [IP_Flow 19-1704] No user IP repositories specified
INFO: [IP_Flow 19-2313] Loaded Vivado IP repository '/remote/Xilinx/2020.1/Vivado/2020.1/data/ip'.
WARNING: [IP_Flow 19-3899] Cannot get the environment domain name variable for the component vendor name. Setting the vendor name to 'user.org'.
open_project: Time (s): cpu = 00:00:09 ; elapsed = 00:00:07 . Memory (MB): peak = 7207.730 ; gain = 31.445 ; free physical = 22951 ; free virtual = 42975
update_compile_order -fileset sources_1
set_property pfm_name {} [get_files -all {/home/cam2022/CPRE-487_git/CPRE-4870/Project/hw/simple_interface/vivado/simple_interface/simple_interface.srcs/sources_1/bd/staged_mac_bd/staged_mac_bd.bd}]
write_hw_platform -fixed -include_bit -force -file /home/cam2022/CPRE-487_git/CPRE-4870/Project/hw/staged_mac_bd_wrapper.xsa
INFO: [Vivado 12-4895] Creating Hardware Platform: /home/cam2022/CPRE-487_git/CPRE-4870/Project/hw/staged_mac_bd_wrapper.xsa ...
INFO: [Hsi 55-2053] elapsed time for repository (/remote/Xilinx/2020.1/Vivado/2020.1/data/embeddedsw) loading 1 seconds
INFO: [Vivado 12-4896] Successfully created Hardware Platform: /home/cam2022/CPRE-487_git/CPRE-4870/Project/hw/staged_mac_bd_wrapper.xsa
open_bd_design {/home/cam2022/CPRE-487_git/CPRE-4870/Project/hw/simple_interface/vivado/simple_interface/simple_interface.srcs/sources_1/bd/staged_mac_bd/staged_mac_bd.bd}
Adding component instance block -- xilinx.com:ip:axi_fifo_mm_s:4.2 - axi_fifo_mm_s_0
Adding component instance block -- xilinx.com:ip:processing_system7:5.5 - processing_system7_0
WARNING: [BD 41-176] The physical port 'S_AXI_GP2_rd_socket' specified in the portmap, is not found on the block! 
WARNING: [BD 41-176] The physical port 'S_AXI_GP2_wr_socket' specified in the portmap, is not found on the block! 
WARNING: [BD 41-176] The physical port 'S_AXI_GP3_rd_socket' specified in the portmap, is not found on the block! 
WARNING: [BD 41-176] The physical port 'S_AXI_GP3_wr_socket' specified in the portmap, is not found on the block! 
Adding component instance block -- xilinx.com:ip:axi_interconnect:2.1 - ps7_0_axi_periph
Adding component instance block -- xilinx.com:ip:axi_protocol_converter:2.1 - auto_pc
Adding component instance block -- xilinx.com:ip:proc_sys_reset:5.0 - rst_ps7_0_100M
Adding component instance block -- xilinx.com:module_ref:piped_mac:1.0 - piped_mac_0
Successfully read diagram <staged_mac_bd> from BD file </home/cam2022/CPRE-487_git/CPRE-4870/Project/hw/simple_interface/vivado/simple_interface/simple_interface.srcs/sources_1/bd/staged_mac_bd/staged_mac_bd.bd>
set_property HDL_ATTRIBUTE.DEBUG true [get_bd_intf_nets {piped_mac_0_MO_AXIS}]
true
set_property HDL_ATTRIBUTE.DEBUG true [get_bd_intf_nets {axi_fifo_mm_s_0_AXI_STR_TXD}]
true
apply_bd_automation -rule xilinx.com:bd_rule:debug -dict [list \
                                                          [get_bd_intf_nets axi_fifo_mm_s_0_AXI_STR_TXD] {AXIS_SIGNALS "Data and Trigger" CLK_SRC "/processing_system7_0/FCLK_CLK0" SYSTEM_ILA "Auto" APC_EN "0" } \
                                                         ]
Debug Automation : Instantiating new System ILA block '/system_ila_0' with mode INTERFACE, 1 slot interface pins and 0 probe pins. Also setting parameters on this block, corresponding to newly enabled interface pins and probe pins as specified via Debug Automation.
Debug Automation : Connecting source clock pin /processing_system7_0/FCLK_CLK0 to the following sink clock pins :
/system_ila_0/clk
Debug Automation : Connecting source reset pin /rst_ps7_0_100M/peripheral_aresetn to the following sink reset pins :
/system_ila_0/resetn
Debug Automation : Connecting interface connection /axi_fifo_mm_s_0_AXI_STR_TXD, to System ILA slot interface pin /system_ila_0/SLOT_0_AXIS for debug.
startgroup
set_property HDL_ATTRIBUTE.DEBUG false [get_bd_intf_nets { piped_mac_0_MO_AXIS } ]
endgroup
set_property HDL_ATTRIBUTE.DEBUG true [get_bd_intf_nets {piped_mac_0_MO_AXIS}]
true
apply_bd_automation -rule xilinx.com:bd_rule:debug -dict [list \
                                                          [get_bd_intf_nets piped_mac_0_MO_AXIS] {AXIS_SIGNALS "Data and Trigger" CLK_SRC "/processing_system7_0/FCLK_CLK0" SYSTEM_ILA "Auto" APC_EN "0" } \
                                                         ]
Debug Automation : Re-customizing System ILA block '/system_ila_0' to mode INTERFACE, with 1 new slot interface pins and 0 new probe pins. Also setting parameters on this block, corresponding to newly enabled interface pins and probe pins as specified via Debug Automation.
Debug Automation : Connecting interface connection /piped_mac_0_MO_AXIS, to System ILA slot interface pin /system_ila_0/SLOT_1_AXIS for debug.
save_bd_design
Wrote  : </home/cam2022/CPRE-487_git/CPRE-4870/Project/hw/simple_interface/vivado/simple_interface/simple_interface.srcs/sources_1/bd/staged_mac_bd/staged_mac_bd.bd> 
Wrote  : </home/cam2022/CPRE-487_git/CPRE-4870/Project/hw/simple_interface/vivado/simple_interface/simple_interface.srcs/sources_1/bd/staged_mac_bd/ui/bd_65dee2cb.ui> 
reset_run synth_1
launch_runs impl_1 -to_step write_bitstream -jobs 8
WARNING: [BD 41-1781] Updates have been made to one or more nets/interface connections marked for debug.
Debug nets, which are already connected to any ILA IP core in the block-design, will be automatically available for debug in Hardware Manager.
For unconnected Debug nets, please open synthesized design and use 'Set Up Debug' wizard to insert, modify or delete Debug Cores. 
Wrote  : </home/cam2022/CPRE-487_git/CPRE-4870/Project/hw/simple_interface/vivado/simple_interface/simple_interface.srcs/sources_1/bd/staged_mac_bd/staged_mac_bd.bd> 
VHDL Output written to : /home/cam2022/CPRE-487_git/CPRE-4870/Project/hw/simple_interface/vivado/simple_interface/simple_interface.srcs/sources_1/bd/staged_mac_bd/synth/staged_mac_bd.v
VHDL Output written to : /home/cam2022/CPRE-487_git/CPRE-4870/Project/hw/simple_interface/vivado/simple_interface/simple_interface.srcs/sources_1/bd/staged_mac_bd/sim/staged_mac_bd.v
VHDL Output written to : /home/cam2022/CPRE-487_git/CPRE-4870/Project/hw/simple_interface/vivado/simple_interface/simple_interface.srcs/sources_1/bd/staged_mac_bd/hdl/staged_mac_bd_wrapper.v
Exporting to file /home/cam2022/CPRE-487_git/CPRE-4870/Project/hw/simple_interface/vivado/simple_interface/simple_interface.srcs/sources_1/bd/staged_mac_bd/ip/staged_mac_bd_system_ila_0_0/bd_0/hw_handoff/staged_mac_bd_system_ila_0_0.hwh
Generated Block Design Tcl file /home/cam2022/CPRE-487_git/CPRE-4870/Project/hw/simple_interface/vivado/simple_interface/simple_interface.srcs/sources_1/bd/staged_mac_bd/ip/staged_mac_bd_system_ila_0_0/bd_0/hw_handoff/staged_mac_bd_system_ila_0_0_bd.tcl
Generated Hardware Definition File /home/cam2022/CPRE-487_git/CPRE-4870/Project/hw/simple_interface/vivado/simple_interface/simple_interface.srcs/sources_1/bd/staged_mac_bd/ip/staged_mac_bd_system_ila_0_0/bd_0/synth/staged_mac_bd_system_ila_0_0.hwdef
INFO: [BD 41-1029] Generation completed for the IP Integrator block system_ila_0 .
WARNING: [IP_Flow 19-4994] Overwriting existing constraint file '/home/cam2022/CPRE-487_git/CPRE-4870/Project/hw/simple_interface/vivado/simple_interface/simple_interface.srcs/sources_1/bd/staged_mac_bd/ip/staged_mac_bd_auto_pc_0/staged_mac_bd_auto_pc_0_ooc.xdc'
INFO: [BD 41-1029] Generation completed for the IP Integrator block ps7_0_axi_periph/s00_couplers/auto_pc .
Exporting to file /home/cam2022/CPRE-487_git/CPRE-4870/Project/hw/simple_interface/vivado/simple_interface/simple_interface.srcs/sources_1/bd/staged_mac_bd/hw_handoff/staged_mac_bd.hwh
Generated Block Design Tcl file /home/cam2022/CPRE-487_git/CPRE-4870/Project/hw/simple_interface/vivado/simple_interface/simple_interface.srcs/sources_1/bd/staged_mac_bd/hw_handoff/staged_mac_bd_bd.tcl
Generated Hardware Definition File /home/cam2022/CPRE-487_git/CPRE-4870/Project/hw/simple_interface/vivado/simple_interface/simple_interface.srcs/sources_1/bd/staged_mac_bd/synth/staged_mac_bd.hwdef
INFO: [IP_Flow 19-4993] Using cached IP synthesis design for IP staged_mac_bd_auto_pc_0, cache-ID = 8d7bf0866b9b21d2; cache size = 8.242 MB.
[Fri Dec  5 17:13:44 2025] Launched staged_mac_bd_system_ila_0_0_synth_1, synth_1...
Run output will be captured here:
staged_mac_bd_system_ila_0_0_synth_1: /home/cam2022/CPRE-487_git/CPRE-4870/Project/hw/simple_interface/vivado/simple_interface/simple_interface.runs/staged_mac_bd_system_ila_0_0_synth_1/runme.log
synth_1: /home/cam2022/CPRE-487_git/CPRE-4870/Project/hw/simple_interface/vivado/simple_interface/simple_interface.runs/synth_1/runme.log
[Fri Dec  5 17:13:44 2025] Launched impl_1...
Run output will be captured here: /home/cam2022/CPRE-487_git/CPRE-4870/Project/hw/simple_interface/vivado/simple_interface/simple_interface.runs/impl_1/runme.log
launch_runs: Time (s): cpu = 00:00:14 ; elapsed = 00:00:18 . Memory (MB): peak = 7738.199 ; gain = 143.582 ; free physical = 20015 ; free virtual = 41858
open_run impl_1
INFO: [Device 21-403] Loading part xc7z020clg484-1
Netlist sorting complete. Time (s): cpu = 00:00:00.09 ; elapsed = 00:00:00.08 . Memory (MB): peak = 7759.879 ; gain = 0.000 ; free physical = 19699 ; free virtual = 41701
INFO: [Netlist 29-17] Analyzing 460 Unisim elements for replacement
INFO: [Netlist 29-28] Unisim Transformation completed in 0 CPU seconds
INFO: [Project 1-479] Netlist was created with Vivado 2020.1
INFO: [Project 1-570] Preparing netlist for logic optimization
INFO: [Timing 38-478] Restoring timing data from binary archive.
INFO: [Timing 38-479] Binary timing data restore complete.
INFO: [Project 1-856] Restoring constraints from binary archive.
INFO: [Project 1-853] Binary constraint restore complete.
Reading XDEF placement.
Reading placer database...
Reading XDEF routing.
Read XDEF File: Time (s): cpu = 00:00:00.32 ; elapsed = 00:00:00.32 . Memory (MB): peak = 8351.445 ; gain = 0.000 ; free physical = 19182 ; free virtual = 41184
Restored from archive | CPU: 0.320000 secs | Memory: 9.272644 MB |
Finished XDEF File Restore: Time (s): cpu = 00:00:00.32 ; elapsed = 00:00:00.32 . Memory (MB): peak = 8351.445 ; gain = 0.000 ; free physical = 19182 ; free virtual = 41184
Netlist sorting complete. Time (s): cpu = 00:00:00 ; elapsed = 00:00:00 . Memory (MB): peak = 8351.445 ; gain = 0.000 ; free physical = 19183 ; free virtual = 41185
INFO: [Project 1-111] Unisim Transformation Summary:
  A total of 174 instances were transformed.
  CFGLUT5 => CFGLUT5 (SRL16E, SRLC32E): 96 instances
  RAM32M => RAM32M (RAMD32(x6), RAMS32(x2)): 6 instances
  RAM64M => RAM64M (RAMD64E(x4)): 56 instances
  RAM64X1D => RAM64X1D (RAMD64E(x2)): 16 instances

open_run: Time (s): cpu = 00:00:15 ; elapsed = 00:00:12 . Memory (MB): peak = 8649.980 ; gain = 911.781 ; free physical = 18953 ; free virtual = 40958
WARNING: [Timing 38-436] There are set_bus_skew constraint(s) in this design. Please run report_bus_skew to ensure that bus skew requirements are met.
set_property pfm_name {} [get_files -all {/home/cam2022/CPRE-487_git/CPRE-4870/Project/hw/simple_interface/vivado/simple_interface/simple_interface.srcs/sources_1/bd/staged_mac_bd/staged_mac_bd.bd}]
write_hw_platform -fixed -include_bit -force -file /home/cam2022/CPRE-487_git/CPRE-4870/Lab2/cpre487-587-dnn-framework-main/staged_mac_bd_wrapper.xsa
INFO: [Vivado 12-4895] Creating Hardware Platform: /home/cam2022/CPRE-487_git/CPRE-4870/Lab2/cpre487-587-dnn-framework-main/staged_mac_bd_wrapper.xsa ...
INFO: [Vivado 12-4896] Successfully created Hardware Platform: /home/cam2022/CPRE-487_git/CPRE-4870/Lab2/cpre487-587-dnn-framework-main/staged_mac_bd_wrapper.xsa
write_hw_platform: Time (s): cpu = 00:00:06 ; elapsed = 00:00:06 . Memory (MB): peak = 8649.980 ; gain = 0.000 ; free physical = 18824 ; free virtual = 40830
open_hw_manager
connect_hw_server -allow_non_jtag
INFO: [Labtools 27-2285] Connecting to hw_server url TCP:localhost:3121
INFO: [Labtools 27-2222] Launching hw_server...
INFO: [Labtools 27-2221] Launch Output:

****** Xilinx hw_server v2020.1
  **** Build date : May 27 2020 at 20:33:44
    ** Copyright 1986-2020 Xilinx, Inc. All Rights Reserved.


INFO: [Labtools 27-3415] Connecting to cs_server url TCP:localhost:3042
INFO: [Labtools 27-3417] Launching cs_server...
INFO: [Labtools 27-2221] Launch Output:


****** Xilinx cs_server v2020.1.0
  **** Build date : May 13 2020-20:10:29
    ** Copyright 2017-2020 Xilinx, Inc. All Rights Reserved.



open_hw_target
INFO: [Labtoolstcl 44-466] Opening hw_target localhost:3121/xilinx_tcf/Digilent/210248492833
set_property PROGRAM.FILE {/home/cam2022/CPRE-487_git/CPRE-4870/Project/hw/simple_interface/vivado/simple_interface/simple_interface.runs/impl_1/staged_mac_bd_wrapper.bit} [get_hw_devices xc7z020_1]
set_property PROBES.FILE {/home/cam2022/CPRE-487_git/CPRE-4870/Project/hw/simple_interface/vivado/simple_interface/simple_interface.runs/impl_1/staged_mac_bd_wrapper.ltx} [get_hw_devices xc7z020_1]
set_property FULL_PROBES.FILE {/home/cam2022/CPRE-487_git/CPRE-4870/Project/hw/simple_interface/vivado/simple_interface/simple_interface.runs/impl_1/staged_mac_bd_wrapper.ltx} [get_hw_devices xc7z020_1]
current_hw_device [get_hw_devices xc7z020_1]
refresh_hw_device [lindex [get_hw_devices xc7z020_1] 0]
INFO: [Labtools 27-1434] Device xc7z020 (JTAG device index = 1) is programmed with a design that has no supported debug core(s) in it.
WARNING: [Labtools 27-3361] The debug hub core was not detected.
Resolution: 
1. Make sure the clock connected to the debug hub (dbg_hub) core is a free running clock and is active.
2. Make sure the BSCAN_SWITCH_USER_MASK device property in Vivado Hardware Manager reflects the user scan chain setting in the design and refresh the device.  To determine the user scan chain setting in the design, open the implemented design and use 'get_property C_USER_SCAN_CHAIN [get_debug_cores dbg_hub]'.
For more details on setting the scan chain property, consult the Vivado Debug and Programming User Guide (UG908).
WARNING: [Labtools 27-3413] Dropping logic core with cellname:'staged_mac_bd_i/system_ila_0/inst/ila_lib' at location 'uuid_9E9D3A49EE6E566AAE7D3DB100609F8B' from probes file, since it cannot be found on the programmed device.
set_property PROBES.FILE {/home/cam2022/CPRE-487_git/CPRE-4870/Project/hw/simple_interface/vivado/simple_interface/simple_interface.runs/impl_1/staged_mac_bd_wrapper.ltx} [get_hw_devices xc7z020_1]
set_property FULL_PROBES.FILE {/home/cam2022/CPRE-487_git/CPRE-4870/Project/hw/simple_interface/vivado/simple_interface/simple_interface.runs/impl_1/staged_mac_bd_wrapper.ltx} [get_hw_devices xc7z020_1]
set_property PROGRAM.FILE {/home/cam2022/CPRE-487_git/CPRE-4870/Project/hw/simple_interface/vivado/simple_interface/simple_interface.runs/impl_1/staged_mac_bd_wrapper.bit} [get_hw_devices xc7z020_1]
program_hw_devices [get_hw_devices xc7z020_1]
INFO: [Labtools 27-3164] End of startup status: HIGH
refresh_hw_device [lindex [get_hw_devices xc7z020_1] 0]
INFO: [Labtools 27-2302] Device xc7z020 (JTAG device index = 1) is programmed with a design that has 1 ILA core(s).
display_hw_ila_data [ get_hw_ila_data hw_ila_data_1 -of_objects [get_hw_ilas -of_objects [get_hw_devices xc7z020_1] -filter {CELL_NAME=~"staged_mac_bd_i/system_ila_0/inst/ila_lib"}]]
Processing Interface axi_fifo_mm_s_0_AXI_STR_TXD_ila1_slot0
Processing Interface piped_mac_0_MO_AXIS_ila1_slot1
set_property TRIGGER_COMPARE_VALUE eq1'b1 [get_hw_probes staged_mac_bd_i/system_ila_0/inst/net_slot_0_axis_tvalid -of_objects [get_hw_ilas -of_objects [get_hw_devices xc7z020_1] -filter {CELL_NAME=~"staged_mac_bd_i/system_ila_0/inst/ila_lib"}]]
run_hw_ila [get_hw_ilas -of_objects [get_hw_devices xc7z020_1] -filter {CELL_NAME=~"staged_mac_bd_i/system_ila_0/inst/ila_lib"}]
INFO: [Labtools 27-1964] The ILA core 'hw_ila_1' trigger was armed at 2025-Dec-05 17:22:37
ERROR: [Xicom 50-38] xicom: Unable to connect to debug core(s) on the target device. Check cable connectivity and that the target board is powered up then use the disconnect_hw_server and connect_hw_server to re-initialize the hardware target. Use open_hw_target to re-register the hardware device.
ERROR: [Xicom 50-38] xicom: Unable to connect to debug core(s) on the target device. Check cable connectivity and that the target board is powered up then use the disconnect_hw_server and connect_hw_server to re-initialize the hardware target. Use open_hw_target to re-register the hardware device.
ERROR: [Xicom 50-38] xicom: Unable to connect to debug core(s) on the target device. Check cable connectivity and that the target board is powered up then use the disconnect_hw_server and connect_hw_server to re-initialize the hardware target. Use open_hw_target to re-register the hardware device.
ERROR: [Xicom 50-38] xicom: Unable to connect to debug core(s) on the target device. Check cable connectivity and that the target board is powered up then use the disconnect_hw_server and connect_hw_server to re-initialize the hardware target. Use open_hw_target to re-register the hardware device.
ERROR: [Xicom 50-38] xicom: Unable to connect to debug core(s) on the target device. Check cable connectivity and that the target board is powered up then use the disconnect_hw_server and connect_hw_server to re-initialize the hardware target. Use open_hw_target to re-register the hardware device.
ERROR: [Xicom 50-38] xicom: Unable to connect to debug core(s) on the target device. Check cable connectivity and that the target board is powered up then use the disconnect_hw_server and connect_hw_server to re-initialize the hardware target. Use open_hw_target to re-register the hardware device.
ERROR: [Xicom 50-38] xicom: Unable to connect to debug core(s) on the target device. Check cable connectivity and that the target board is powered up then use the disconnect_hw_server and connect_hw_server to re-initialize the hardware target. Use open_hw_target to re-register the hardware device.
ERROR: [Xicom 50-38] xicom: Unable to connect to debug core(s) on the target device. Check cable connectivity and that the target board is powered up then use the disconnect_hw_server and connect_hw_server to re-initialize the hardware target. Use open_hw_target to re-register the hardware device.
ERROR: [Xicom 50-38] xicom: Unable to connect to debug core(s) on the target device. Check cable connectivity and that the target board is powered up then use the disconnect_hw_server and connect_hw_server to re-initialize the hardware target. Use open_hw_target to re-register the hardware device.
ERROR: [Xicom 50-38] xicom: Unable to connect to debug core(s) on the target device. Check cable connectivity and that the target board is powered up then use the disconnect_hw_server and connect_hw_server to re-initialize the hardware target. Use open_hw_target to re-register the hardware device.
ERROR: [Xicom 50-38] xicom: Unable to connect to debug core(s) on the target device. Check cable connectivity and that the target board is powered up then use the disconnect_hw_server and connect_hw_server to re-initialize the hardware target. Use open_hw_target to re-register the hardware device.
run_hw_ila [get_hw_ilas -of_objects [get_hw_devices xc7z020_1] -filter {CELL_NAME=~"staged_mac_bd_i/system_ila_0/inst/ila_lib"}]
ERROR: [Xicom 50-38] xicom: Unable to connect to debug core(s) on the target device. Check cable connectivity and that the target board is powered up then use the disconnect_hw_server and connect_hw_server to re-initialize the hardware target. Use open_hw_target to re-register the hardware device.
ERROR: [Xicom 50-38] xicom: Unable to connect to debug core(s) on the target device. Check cable connectivity and that the target board is powered up then use the disconnect_hw_server and connect_hw_server to re-initialize the hardware target. Use open_hw_target to re-register the hardware device.
ERROR: [Xicom 50-38] xicom: Unable to connect to debug core(s) on the target device. Check cable connectivity and that the target board is powered up then use the disconnect_hw_server and connect_hw_server to re-initialize the hardware target. Use open_hw_target to re-register the hardware device.
ERROR: [Xicom 50-38] xicom: Unable to connect to debug core(s) on the target device. Check cable connectivity and that the target board is powered up then use the disconnect_hw_server and connect_hw_server to re-initialize the hardware target. Use open_hw_target to re-register the hardware device.
ERROR: [Xicom 50-38] xicom: Unable to connect to debug core(s) on the target device. Check cable connectivity and that the target board is powered up then use the disconnect_hw_server and connect_hw_server to re-initialize the hardware target. Use open_hw_target to re-register the hardware device.
ERROR: [Labtools 27-3176] hw_server failed during internal command.
Resolution: Check that the hw_server is running and the hardware connectivity to the target
run_hw_ila [get_hw_ilas -of_objects [get_hw_devices xc7z020_1] -filter {CELL_NAME=~"staged_mac_bd_i/system_ila_0/inst/ila_lib"}]
INFO: [Labtools 27-1964] The ILA core 'hw_ila_1' trigger was armed at 2025-Dec-05 17:23:04
wait_on_hw_ila [get_hw_ilas -of_objects [get_hw_devices xc7z020_1] -filter {CELL_NAME=~"staged_mac_bd_i/system_ila_0/inst/ila_lib"}]
display_hw_ila_data [upload_hw_ila_data [get_hw_ilas -of_objects [get_hw_devices xc7z020_1] -filter {CELL_NAME=~"staged_mac_bd_i/system_ila_0/inst/ila_lib"}]]
INFO: [Labtools 27-1966] The ILA core 'hw_ila_1' triggered at 2025-Dec-05 17:23:05
Processed interface axi_fifo_mm_s_0_AXI_STR_TXD_ila1_slot0
Processed interface piped_mac_0_MO_AXIS_ila1_slot1
INFO: [Labtools 27-3304] ILA Waveform data saved to file /home/cam2022/CPRE-487_git/CPRE-4870/Project/hw/simple_interface/vivado/simple_interface/simple_interface.hw/backup/hw_ila_data_1.ila. Use Tcl command 'read_hw_ila_data' or Vivado File->Import->Import ILA Data menu item to import the previously saved data.
set_property TRIGGER_COMPARE_VALUE eq1'bX [get_hw_probes staged_mac_bd_i/system_ila_0/inst/net_slot_0_axis_tvalid -of_objects [get_hw_ilas -of_objects [get_hw_devices xc7z020_1] -filter {CELL_NAME=~"staged_mac_bd_i/system_ila_0/inst/ila_lib"}]]
set_property TRIGGER_COMPARE_VALUE eq1'b1 [get_hw_probes staged_mac_bd_i/system_ila_0/inst/net_slot_0_axis_tlast -of_objects [get_hw_ilas -of_objects [get_hw_devices xc7z020_1] -filter {CELL_NAME=~"staged_mac_bd_i/system_ila_0/inst/ila_lib"}]]
run_hw_ila [get_hw_ilas -of_objects [get_hw_devices xc7z020_1] -filter {CELL_NAME=~"staged_mac_bd_i/system_ila_0/inst/ila_lib"}]
ERROR: [Xicom 50-38] xicom: Unable to connect to debug core(s) on the target device. Check cable connectivity and that the target board is powered up then use the disconnect_hw_server and connect_hw_server to re-initialize the hardware target. Use open_hw_target to re-register the hardware device.
ERROR: [Xicom 50-38] xicom: Unable to connect to debug core(s) on the target device. Check cable connectivity and that the target board is powered up then use the disconnect_hw_server and connect_hw_server to re-initialize the hardware target. Use open_hw_target to re-register the hardware device.
ERROR: [Xicom 50-38] xicom: Unable to connect to debug core(s) on the target device. Check cable connectivity and that the target board is powered up then use the disconnect_hw_server and connect_hw_server to re-initialize the hardware target. Use open_hw_target to re-register the hardware device.
ERROR: [Xicom 50-38] xicom: Unable to connect to debug core(s) on the target device. Check cable connectivity and that the target board is powered up then use the disconnect_hw_server and connect_hw_server to re-initialize the hardware target. Use open_hw_target to re-register the hardware device.
ERROR: [Xicom 50-38] xicom: Unable to connect to debug core(s) on the target device. Check cable connectivity and that the target board is powered up then use the disconnect_hw_server and connect_hw_server to re-initialize the hardware target. Use open_hw_target to re-register the hardware device.
ERROR: [Labtools 27-3176] hw_server failed during internal command.
Resolution: Check that the hw_server is running and the hardware connectivity to the target
run_hw_ila [get_hw_ilas -of_objects [get_hw_devices xc7z020_1] -filter {CELL_NAME=~"staged_mac_bd_i/system_ila_0/inst/ila_lib"}]
INFO: [Labtools 27-1964] The ILA core 'hw_ila_1' trigger was armed at 2025-Dec-05 17:24:46
wait_on_hw_ila [get_hw_ilas -of_objects [get_hw_devices xc7z020_1] -filter {CELL_NAME=~"staged_mac_bd_i/system_ila_0/inst/ila_lib"}]
display_hw_ila_data [upload_hw_ila_data [get_hw_ilas -of_objects [get_hw_devices xc7z020_1] -filter {CELL_NAME=~"staged_mac_bd_i/system_ila_0/inst/ila_lib"}]]
INFO: [Labtools 27-1966] The ILA core 'hw_ila_1' triggered at 2025-Dec-05 17:24:48
Processed interface axi_fifo_mm_s_0_AXI_STR_TXD_ila1_slot0
Processed interface piped_mac_0_MO_AXIS_ila1_slot1
INFO: [Labtools 27-3304] ILA Waveform data saved to file /home/cam2022/CPRE-487_git/CPRE-4870/Project/hw/simple_interface/vivado/simple_interface/simple_interface.hw/backup/hw_ila_data_1.ila. Use Tcl command 'read_hw_ila_data' or Vivado File->Import->Import ILA Data menu item to import the previously saved data.
open_bd_design {/home/cam2022/CPRE-487_git/CPRE-4870/Project/hw/simple_interface/vivado/simple_interface/simple_interface.srcs/sources_1/bd/staged_mac_bd/staged_mac_bd.bd}
set_property TRIGGER_COMPARE_VALUE eq1'bX [get_hw_probes staged_mac_bd_i/system_ila_0/inst/net_slot_0_axis_tlast -of_objects [get_hw_ilas -of_objects [get_hw_devices xc7z020_1] -filter {CELL_NAME=~"staged_mac_bd_i/system_ila_0/inst/ila_lib"}]]
set_property TRIGGER_COMPARE_VALUE neq32'hXXXX_XXXX [get_hw_probes staged_mac_bd_i/system_ila_0/inst/net_slot_0_axis_tdata -of_objects [get_hw_ilas -of_objects [get_hw_devices xc7z020_1] -filter {CELL_NAME=~"staged_mac_bd_i/system_ila_0/inst/ila_lib"}]]
set_property TRIGGER_COMPARE_VALUE neq32'h0000_0000 [get_hw_probes staged_mac_bd_i/system_ila_0/inst/net_slot_0_axis_tdata -of_objects [get_hw_ilas -of_objects [get_hw_devices xc7z020_1] -filter {CELL_NAME=~"staged_mac_bd_i/system_ila_0/inst/ila_lib"}]]
run_hw_ila [get_hw_ilas -of_objects [get_hw_devices xc7z020_1] -filter {CELL_NAME=~"staged_mac_bd_i/system_ila_0/inst/ila_lib"}]
INFO: [Labtools 27-1964] The ILA core 'hw_ila_1' trigger was armed at 2025-Dec-05 17:26:43
wait_on_hw_ila -timeout 0 [get_hw_ilas -of_objects [get_hw_devices xc7z020_1] -filter {CELL_NAME=~"staged_mac_bd_i/system_ila_0/inst/ila_lib"}]
upload_hw_ila_data [get_hw_ilas -of_objects [get_hw_devices xc7z020_1] -filter {CELL_NAME=~"staged_mac_bd_i/system_ila_0/inst/ila_lib"}]
INFO: [Labtools 27-1965] The ILA core 'hw_ila_1' trigger was stopped by user at 2025-Dec-05 17:26:51
WARNING: [Labtools 27-157] hw_ila [hw_ila_1] stopped. No data to upload.
run_hw_ila [get_hw_ilas -of_objects [get_hw_devices xc7z020_1] -filter {CELL_NAME=~"staged_mac_bd_i/system_ila_0/inst/ila_lib"}]
INFO: [Labtools 27-1964] The ILA core 'hw_ila_1' trigger was armed at 2025-Dec-05 17:27:31
wait_on_hw_ila -timeout 0 [get_hw_ilas -of_objects [get_hw_devices xc7z020_1] -filter {CELL_NAME=~"staged_mac_bd_i/system_ila_0/inst/ila_lib"}]
upload_hw_ila_data [get_hw_ilas -of_objects [get_hw_devices xc7z020_1] -filter {CELL_NAME=~"staged_mac_bd_i/system_ila_0/inst/ila_lib"}]
INFO: [Labtools 27-1965] The ILA core 'hw_ila_1' trigger was stopped by user at 2025-Dec-05 17:27:35
WARNING: [Labtools 27-157] hw_ila [hw_ila_1] stopped. No data to upload.
run_hw_ila [get_hw_ilas -of_objects [get_hw_devices xc7z020_1] -filter {CELL_NAME=~"staged_mac_bd_i/system_ila_0/inst/ila_lib"}]
INFO: [Labtools 27-1964] The ILA core 'hw_ila_1' trigger was armed at 2025-Dec-05 17:38:14
wait_on_hw_ila [get_hw_ilas -of_objects [get_hw_devices xc7z020_1] -filter {CELL_NAME=~"staged_mac_bd_i/system_ila_0/inst/ila_lib"}]
display_hw_ila_data [upload_hw_ila_data [get_hw_ilas -of_objects [get_hw_devices xc7z020_1] -filter {CELL_NAME=~"staged_mac_bd_i/system_ila_0/inst/ila_lib"}]]
INFO: [Labtools 27-1966] The ILA core 'hw_ila_1' triggered at 2025-Dec-05 17:38:16
Processed interface axi_fifo_mm_s_0_AXI_STR_TXD_ila1_slot0
Processed interface piped_mac_0_MO_AXIS_ila1_slot1
INFO: [Labtools 27-3304] ILA Waveform data saved to file /home/cam2022/CPRE-487_git/CPRE-4870/Project/hw/simple_interface/vivado/simple_interface/simple_interface.hw/backup/hw_ila_data_1.ila. Use Tcl command 'read_hw_ila_data' or Vivado File->Import->Import ILA Data menu item to import the previously saved data.
set_property TRIGGER_COMPARE_VALUE eq32'hXXXX_XXXX [get_hw_probes staged_mac_bd_i/system_ila_0/inst/net_slot_0_axis_tdata -of_objects [get_hw_ilas -of_objects [get_hw_devices xc7z020_1] -filter {CELL_NAME=~"staged_mac_bd_i/system_ila_0/inst/ila_lib"}]]
set_property TRIGGER_COMPARE_VALUE eq1'b1 [get_hw_probes staged_mac_bd_i/system_ila_0/inst/net_slot_1_axis_tvalid -of_objects [get_hw_ilas -of_objects [get_hw_devices xc7z020_1] -filter {CELL_NAME=~"staged_mac_bd_i/system_ila_0/inst/ila_lib"}]]
run_hw_ila [get_hw_ilas -of_objects [get_hw_devices xc7z020_1] -filter {CELL_NAME=~"staged_mac_bd_i/system_ila_0/inst/ila_lib"}]
INFO: [Labtools 27-1964] The ILA core 'hw_ila_1' trigger was armed at 2025-Dec-05 17:39:17
wait_on_hw_ila -timeout 0 [get_hw_ilas -of_objects [get_hw_devices xc7z020_1] -filter {CELL_NAME=~"staged_mac_bd_i/system_ila_0/inst/ila_lib"}]
upload_hw_ila_data [get_hw_ilas -of_objects [get_hw_devices xc7z020_1] -filter {CELL_NAME=~"staged_mac_bd_i/system_ila_0/inst/ila_lib"}]
INFO: [Labtools 27-1965] The ILA core 'hw_ila_1' trigger was stopped by user at 2025-Dec-05 17:39:38
WARNING: [Labtools 27-157] hw_ila [hw_ila_1] stopped. No data to upload.
set_property TRIGGER_COMPARE_VALUE eq1'bX [get_hw_probes staged_mac_bd_i/system_ila_0/inst/net_slot_1_axis_tvalid -of_objects [get_hw_ilas -of_objects [get_hw_devices xc7z020_1] -filter {CELL_NAME=~"staged_mac_bd_i/system_ila_0/inst/ila_lib"}]]
set_property TRIGGER_COMPARE_VALUE eq1'b1 [get_hw_probes staged_mac_bd_i/system_ila_0/inst/net_slot_0_axis_tlast -of_objects [get_hw_ilas -of_objects [get_hw_devices xc7z020_1] -filter {CELL_NAME=~"staged_mac_bd_i/system_ila_0/inst/ila_lib"}]]
run_hw_ila [get_hw_ilas -of_objects [get_hw_devices xc7z020_1] -filter {CELL_NAME=~"staged_mac_bd_i/system_ila_0/inst/ila_lib"}]
ERROR: [Xicom 50-38] xicom: Unable to connect to debug core(s) on the target device. Check cable connectivity and that the target board is powered up then use the disconnect_hw_server and connect_hw_server to re-initialize the hardware target. Use open_hw_target to re-register the hardware device.
ERROR: [Xicom 50-38] xicom: Unable to connect to debug core(s) on the target device. Check cable connectivity and that the target board is powered up then use the disconnect_hw_server and connect_hw_server to re-initialize the hardware target. Use open_hw_target to re-register the hardware device.
ERROR: [Xicom 50-38] xicom: Unable to connect to debug core(s) on the target device. Check cable connectivity and that the target board is powered up then use the disconnect_hw_server and connect_hw_server to re-initialize the hardware target. Use open_hw_target to re-register the hardware device.
ERROR: [Xicom 50-38] xicom: Unable to connect to debug core(s) on the target device. Check cable connectivity and that the target board is powered up then use the disconnect_hw_server and connect_hw_server to re-initialize the hardware target. Use open_hw_target to re-register the hardware device.
ERROR: [Xicom 50-38] xicom: Unable to connect to debug core(s) on the target device. Check cable connectivity and that the target board is powered up then use the disconnect_hw_server and connect_hw_server to re-initialize the hardware target. Use open_hw_target to re-register the hardware device.
ERROR: [Labtools 27-3176] hw_server failed during internal command.
Resolution: Check that the hw_server is running and the hardware connectivity to the target
run_hw_ila [get_hw_ilas -of_objects [get_hw_devices xc7z020_1] -filter {CELL_NAME=~"staged_mac_bd_i/system_ila_0/inst/ila_lib"}]
INFO: [Labtools 27-1964] The ILA core 'hw_ila_1' trigger was armed at 2025-Dec-05 17:40:12
wait_on_hw_ila [get_hw_ilas -of_objects [get_hw_devices xc7z020_1] -filter {CELL_NAME=~"staged_mac_bd_i/system_ila_0/inst/ila_lib"}]
display_hw_ila_data [upload_hw_ila_data [get_hw_ilas -of_objects [get_hw_devices xc7z020_1] -filter {CELL_NAME=~"staged_mac_bd_i/system_ila_0/inst/ila_lib"}]]
INFO: [Labtools 27-1966] The ILA core 'hw_ila_1' triggered at 2025-Dec-05 17:40:12
Processed interface axi_fifo_mm_s_0_AXI_STR_TXD_ila1_slot0
Processed interface piped_mac_0_MO_AXIS_ila1_slot1
INFO: [Labtools 27-3304] ILA Waveform data saved to file /home/cam2022/CPRE-487_git/CPRE-4870/Project/hw/simple_interface/vivado/simple_interface/simple_interface.hw/backup/hw_ila_data_1.ila. Use Tcl command 'read_hw_ila_data' or Vivado File->Import->Import ILA Data menu item to import the previously saved data.
run_hw_ila [get_hw_ilas -of_objects [get_hw_devices xc7z020_1] -filter {CELL_NAME=~"staged_mac_bd_i/system_ila_0/inst/ila_lib"}]
INFO: [Labtools 27-1964] The ILA core 'hw_ila_1' trigger was armed at 2025-Dec-05 17:41:00
wait_on_hw_ila [get_hw_ilas -of_objects [get_hw_devices xc7z020_1] -filter {CELL_NAME=~"staged_mac_bd_i/system_ila_0/inst/ila_lib"}]
display_hw_ila_data [upload_hw_ila_data [get_hw_ilas -of_objects [get_hw_devices xc7z020_1] -filter {CELL_NAME=~"staged_mac_bd_i/system_ila_0/inst/ila_lib"}]]
INFO: [Labtools 27-1966] The ILA core 'hw_ila_1' triggered at 2025-Dec-05 17:41:02
Processed interface axi_fifo_mm_s_0_AXI_STR_TXD_ila1_slot0
Processed interface piped_mac_0_MO_AXIS_ila1_slot1
INFO: [Labtools 27-3304] ILA Waveform data saved to file /home/cam2022/CPRE-487_git/CPRE-4870/Project/hw/simple_interface/vivado/simple_interface/simple_interface.hw/backup/hw_ila_data_1.ila. Use Tcl command 'read_hw_ila_data' or Vivado File->Import->Import ILA Data menu item to import the previously saved data.
set_property TRIGGER_COMPARE_VALUE eq1'bX [get_hw_probes staged_mac_bd_i/system_ila_0/inst/net_slot_0_axis_tlast -of_objects [get_hw_ilas -of_objects [get_hw_devices xc7z020_1] -filter {CELL_NAME=~"staged_mac_bd_i/system_ila_0/inst/ila_lib"}]]
set_property TRIGGER_COMPARE_VALUE eq1'b1 [get_hw_probes staged_mac_bd_i/system_ila_0/inst/net_slot_1_axis_tvalid -of_objects [get_hw_ilas -of_objects [get_hw_devices xc7z020_1] -filter {CELL_NAME=~"staged_mac_bd_i/system_ila_0/inst/ila_lib"}]]
run_hw_ila [get_hw_ilas -of_objects [get_hw_devices xc7z020_1] -filter {CELL_NAME=~"staged_mac_bd_i/system_ila_0/inst/ila_lib"}]
INFO: [Labtools 27-1964] The ILA core 'hw_ila_1' trigger was armed at 2025-Dec-05 17:51:28
ERROR: [Xicom 50-38] xicom: Unable to connect to debug core(s) on the target device. Check cable connectivity and that the target board is powered up then use the disconnect_hw_server and connect_hw_server to re-initialize the hardware target. Use open_hw_target to re-register the hardware device.
ERROR: [Xicom 50-38] xicom: Unable to connect to debug core(s) on the target device. Check cable connectivity and that the target board is powered up then use the disconnect_hw_server and connect_hw_server to re-initialize the hardware target. Use open_hw_target to re-register the hardware device.
ERROR: [Xicom 50-38] xicom: Unable to connect to debug core(s) on the target device. Check cable connectivity and that the target board is powered up then use the disconnect_hw_server and connect_hw_server to re-initialize the hardware target. Use open_hw_target to re-register the hardware device.
ERROR: [Xicom 50-38] xicom: Unable to connect to debug core(s) on the target device. Check cable connectivity and that the target board is powered up then use the disconnect_hw_server and connect_hw_server to re-initialize the hardware target. Use open_hw_target to re-register the hardware device.
ERROR: [Xicom 50-38] xicom: Unable to connect to debug core(s) on the target device. Check cable connectivity and that the target board is powered up then use the disconnect_hw_server and connect_hw_server to re-initialize the hardware target. Use open_hw_target to re-register the hardware device.
ERROR: [Xicom 50-38] xicom: Unable to connect to debug core(s) on the target device. Check cable connectivity and that the target board is powered up then use the disconnect_hw_server and connect_hw_server to re-initialize the hardware target. Use open_hw_target to re-register the hardware device.
ERROR: [Xicom 50-38] xicom: Unable to connect to debug core(s) on the target device. Check cable connectivity and that the target board is powered up then use the disconnect_hw_server and connect_hw_server to re-initialize the hardware target. Use open_hw_target to re-register the hardware device.
ERROR: [Xicom 50-38] xicom: Unable to connect to debug core(s) on the target device. Check cable connectivity and that the target board is powered up then use the disconnect_hw_server and connect_hw_server to re-initialize the hardware target. Use open_hw_target to re-register the hardware device.
ERROR: [Xicom 50-38] xicom: Unable to connect to debug core(s) on the target device. Check cable connectivity and that the target board is powered up then use the disconnect_hw_server and connect_hw_server to re-initialize the hardware target. Use open_hw_target to re-register the hardware device.
ERROR: [Xicom 50-38] xicom: Unable to connect to debug core(s) on the target device. Check cable connectivity and that the target board is powered up then use the disconnect_hw_server and connect_hw_server to re-initialize the hardware target. Use open_hw_target to re-register the hardware device.
ERROR: [Xicom 50-38] xicom: Unable to connect to debug core(s) on the target device. Check cable connectivity and that the target board is powered up then use the disconnect_hw_server and connect_hw_server to re-initialize the hardware target. Use open_hw_target to re-register the hardware device.
ERROR: [Xicom 50-38] xicom: Unable to connect to debug core(s) on the target device. Check cable connectivity and that the target board is powered up then use the disconnect_hw_server and connect_hw_server to re-initialize the hardware target. Use open_hw_target to re-register the hardware device.
ERROR: [Xicom 50-38] xicom: Unable to connect to debug core(s) on the target device. Check cable connectivity and that the target board is powered up then use the disconnect_hw_server and connect_hw_server to re-initialize the hardware target. Use open_hw_target to re-register the hardware device.
ERROR: [Xicom 50-38] xicom: Unable to connect to debug core(s) on the target device. Check cable connectivity and that the target board is powered up then use the disconnect_hw_server and connect_hw_server to re-initialize the hardware target. Use open_hw_target to re-register the hardware device.
ERROR: [Xicom 50-38] xicom: Unable to connect to debug core(s) on the target device. Check cable connectivity and that the target board is powered up then use the disconnect_hw_server and connect_hw_server to re-initialize the hardware target. Use open_hw_target to re-register the hardware device.
ERROR: [Xicom 50-38] xicom: Unable to connect to debug core(s) on the target device. Check cable connectivity and that the target board is powered up then use the disconnect_hw_server and connect_hw_server to re-initialize the hardware target. Use open_hw_target to re-register the hardware device.
ERROR: [Xicom 50-38] xicom: Unable to connect to debug core(s) on the target device. Check cable connectivity and that the target board is powered up then use the disconnect_hw_server and connect_hw_server to re-initialize the hardware target. Use open_hw_target to re-register the hardware device.
ERROR: [Xicom 50-38] xicom: Unable to connect to debug core(s) on the target device. Check cable connectivity and that the target board is powered up then use the disconnect_hw_server and connect_hw_server to re-initialize the hardware target. Use open_hw_target to re-register the hardware device.
ERROR: [Xicom 50-38] xicom: Unable to connect to debug core(s) on the target device. Check cable connectivity and that the target board is powered up then use the disconnect_hw_server and connect_hw_server to re-initialize the hardware target. Use open_hw_target to re-register the hardware device.
ERROR: [Xicom 50-38] xicom: Unable to connect to debug core(s) on the target device. Check cable connectivity and that the target board is powered up then use the disconnect_hw_server and connect_hw_server to re-initialize the hardware target. Use open_hw_target to re-register the hardware device.
ERROR: [Xicom 50-38] xicom: Unable to connect to debug core(s) on the target device. Check cable connectivity and that the target board is powered up then use the disconnect_hw_server and connect_hw_server to re-initialize the hardware target. Use open_hw_target to re-register the hardware device.
open_bd_design {/home/cam2022/CPRE-487_git/CPRE-4870/Project/hw/simple_interface/vivado/simple_interface/simple_interface.srcs/sources_1/bd/staged_mac_bd/staged_mac_bd.bd}
startgroup
set_property -dict [list CONFIG.C_HAS_AXIS_TKEEP {true}] [get_bd_cells axi_fifo_mm_s_0]
endgroup
update_module_reference staged_mac_bd_piped_mac_0_0
INFO: [IP_Flow 19-5107] Inferred bus interface 'MO_AXIS' of definition 'xilinx.com:interface:axis:1.0' (from Xilinx Repository).
INFO: [IP_Flow 19-5107] Inferred bus interface 'SD_AXIS' of definition 'xilinx.com:interface:axis:1.0' (from Xilinx Repository).
INFO: [IP_Flow 19-5107] Inferred bus interface 'ARESETN' of definition 'xilinx.com:signal:reset:1.0' (from Xilinx Repository).
INFO: [IP_Flow 19-5107] Inferred bus interface 'ACLK' of definition 'xilinx.com:signal:clock:1.0' (from Xilinx Repository).
INFO: [IP_Flow 19-4728] Bus Interface 'ARESETN': Added interface parameter 'POLARITY' with value 'ACTIVE_LOW'.
INFO: [IP_Flow 19-4728] Bus Interface 'ACLK': Added interface parameter 'ASSOCIATED_BUSIF' with value 'MO_AXIS'.
INFO: [IP_Flow 19-4728] Bus Interface 'ACLK': Added interface parameter 'ASSOCIATED_RESET' with value 'ARESETN'.
INFO: [IP_Flow 19-234] Refreshing IP repositories
INFO: [IP_Flow 19-1704] No user IP repositories specified
Upgrading '/home/cam2022/CPRE-487_git/CPRE-4870/Project/hw/simple_interface/vivado/simple_interface/simple_interface.srcs/sources_1/bd/staged_mac_bd/staged_mac_bd.bd'
WARNING: [Vivado 12-1017] Problems encountered:
1. Failed to delete one or more files in run directory /home/cam2022/CPRE-487_git/CPRE-4870/Project/hw/simple_interface/vivado/simple_interface/simple_interface.runs/staged_mac_bd_piped_mac_0_0_synth_1

INFO: [IP_Flow 19-1972] Upgraded staged_mac_bd_piped_mac_0_0 from piped_mac_v1_0 1.0 to piped_mac_v1_0 1.0
WARNING: [IP_Flow 19-4698] Upgrade has added port 'MO_AXIS_TKEEP'
WARNING: [IP_Flow 19-3298] Detected external port differences while upgrading 'staged_mac_bd_piped_mac_0_0'. These changes may impact your design.
CRITICAL WARNING: [Coretcl 2-1280] The upgrade of 'staged_mac_bd_piped_mac_0_0' has identified issues that may require user intervention. Please verify that the instance is correctly configured, and review any upgrade messages.
Wrote  : </home/cam2022/CPRE-487_git/CPRE-4870/Project/hw/simple_interface/vivado/simple_interface/simple_interface.srcs/sources_1/bd/staged_mac_bd/staged_mac_bd.bd> 
Wrote  : </home/cam2022/CPRE-487_git/CPRE-4870/Project/hw/simple_interface/vivado/simple_interface/simple_interface.srcs/sources_1/bd/staged_mac_bd/ui/bd_65dee2cb.ui> 
delete_bd_objs [get_bd_intf_nets piped_mac_0_MO_AXIS]
connect_bd_intf_net [get_bd_intf_pins piped_mac_0/MO_AXIS] [get_bd_intf_pins axi_fifo_mm_s_0/AXI_STR_RXD]
set_property HDL_ATTRIBUTE.DEBUG true [get_bd_intf_nets {piped_mac_0_MO_AXIS}]
true
apply_bd_automation -rule xilinx.com:bd_rule:debug -dict [list \
                                                          [get_bd_intf_nets piped_mac_0_MO_AXIS] {AXIS_SIGNALS "Data and Trigger" CLK_SRC "/processing_system7_0/FCLK_CLK0" SYSTEM_ILA "Auto" APC_EN "0" } \
                                                         ]
Debug Automation : Re-customizing System ILA block '/system_ila_0' to mode INTERFACE, with 0 new slot interface pins and 0 new probe pins. Also setting parameters on this block, corresponding to newly enabled interface pins and probe pins as specified via Debug Automation.
Debug Automation : Connecting interface connection /piped_mac_0_MO_AXIS, to System ILA slot interface pin /system_ila_0/SLOT_1_AXIS for debug.
update_module_reference staged_mac_bd_piped_mac_0_0
INFO: [IP_Flow 19-5107] Inferred bus interface 'MO_AXIS' of definition 'xilinx.com:interface:axis:1.0' (from Xilinx Repository).
INFO: [IP_Flow 19-5107] Inferred bus interface 'SD_AXIS' of definition 'xilinx.com:interface:axis:1.0' (from Xilinx Repository).
INFO: [IP_Flow 19-5107] Inferred bus interface 'ARESETN' of definition 'xilinx.com:signal:reset:1.0' (from Xilinx Repository).
INFO: [IP_Flow 19-5107] Inferred bus interface 'ACLK' of definition 'xilinx.com:signal:clock:1.0' (from Xilinx Repository).
INFO: [IP_Flow 19-4728] Bus Interface 'ARESETN': Added interface parameter 'POLARITY' with value 'ACTIVE_LOW'.
INFO: [IP_Flow 19-4728] Bus Interface 'ACLK': Added interface parameter 'ASSOCIATED_BUSIF' with value 'MO_AXIS'.
INFO: [IP_Flow 19-4728] Bus Interface 'ACLK': Added interface parameter 'ASSOCIATED_RESET' with value 'ARESETN'.
INFO: [IP_Flow 19-234] Refreshing IP repositories
INFO: [IP_Flow 19-1704] No user IP repositories specified
Upgrading '/home/cam2022/CPRE-487_git/CPRE-4870/Project/hw/simple_interface/vivado/simple_interface/simple_interface.srcs/sources_1/bd/staged_mac_bd/staged_mac_bd.bd'
INFO: [IP_Flow 19-1972] Upgraded staged_mac_bd_piped_mac_0_0 from piped_mac_v1_0 1.0 to piped_mac_v1_0 1.0
Wrote  : </home/cam2022/CPRE-487_git/CPRE-4870/Project/hw/simple_interface/vivado/simple_interface/simple_interface.srcs/sources_1/bd/staged_mac_bd/staged_mac_bd.bd> 
Wrote  : </home/cam2022/CPRE-487_git/CPRE-4870/Project/hw/simple_interface/vivado/simple_interface/simple_interface.srcs/sources_1/bd/staged_mac_bd/ui/bd_65dee2cb.ui> 
reset_run synth_1
WARNING: [Vivado 12-1017] Problems encountered:
1. Failed to delete one or more files in run directory /home/cam2022/CPRE-487_git/CPRE-4870/Project/hw/simple_interface/vivado/simple_interface/simple_interface.runs/synth_1

reset_run staged_mac_bd_axi_fifo_mm_s_0_0_synth_1
WARNING: [Vivado 12-1017] Problems encountered:
1. Failed to delete one or more files in run directory /home/cam2022/CPRE-487_git/CPRE-4870/Project/hw/simple_interface/vivado/simple_interface/simple_interface.runs/staged_mac_bd_axi_fifo_mm_s_0_0_synth_1

launch_runs impl_1 -to_step write_bitstream -jobs 8
WARNING: [BD 41-1781] Updates have been made to one or more nets/interface connections marked for debug.
Debug nets, which are already connected to any ILA IP core in the block-design, will be automatically available for debug in Hardware Manager.
For unconnected Debug nets, please open synthesized design and use 'Set Up Debug' wizard to insert, modify or delete Debug Cores. 
Wrote  : </home/cam2022/CPRE-487_git/CPRE-4870/Project/hw/simple_interface/vivado/simple_interface/simple_interface.srcs/sources_1/bd/staged_mac_bd/staged_mac_bd.bd> 
VHDL Output written to : /home/cam2022/CPRE-487_git/CPRE-4870/Project/hw/simple_interface/vivado/simple_interface/simple_interface.srcs/sources_1/bd/staged_mac_bd/synth/staged_mac_bd.v
VHDL Output written to : /home/cam2022/CPRE-487_git/CPRE-4870/Project/hw/simple_interface/vivado/simple_interface/simple_interface.srcs/sources_1/bd/staged_mac_bd/sim/staged_mac_bd.v
VHDL Output written to : /home/cam2022/CPRE-487_git/CPRE-4870/Project/hw/simple_interface/vivado/simple_interface/simple_interface.srcs/sources_1/bd/staged_mac_bd/hdl/staged_mac_bd_wrapper.v
INFO: [BD 41-1029] Generation completed for the IP Integrator block axi_fifo_mm_s_0 .
INFO: [BD 41-1029] Generation completed for the IP Integrator block piped_mac_0 .
Exporting to file /home/cam2022/CPRE-487_git/CPRE-4870/Project/hw/simple_interface/vivado/simple_interface/simple_interface.srcs/sources_1/bd/staged_mac_bd/ip/staged_mac_bd_system_ila_0_0/bd_0/hw_handoff/staged_mac_bd_system_ila_0_0.hwh
Generated Block Design Tcl file /home/cam2022/CPRE-487_git/CPRE-4870/Project/hw/simple_interface/vivado/simple_interface/simple_interface.srcs/sources_1/bd/staged_mac_bd/ip/staged_mac_bd_system_ila_0_0/bd_0/hw_handoff/staged_mac_bd_system_ila_0_0_bd.tcl
Generated Hardware Definition File /home/cam2022/CPRE-487_git/CPRE-4870/Project/hw/simple_interface/vivado/simple_interface/simple_interface.srcs/sources_1/bd/staged_mac_bd/ip/staged_mac_bd_system_ila_0_0/bd_0/synth/staged_mac_bd_system_ila_0_0.hwdef
INFO: [BD 41-1029] Generation completed for the IP Integrator block system_ila_0 .
WARNING: [IP_Flow 19-4994] Overwriting existing constraint file '/home/cam2022/CPRE-487_git/CPRE-4870/Project/hw/simple_interface/vivado/simple_interface/simple_interface.srcs/sources_1/bd/staged_mac_bd/ip/staged_mac_bd_auto_pc_0/staged_mac_bd_auto_pc_0_ooc.xdc'
INFO: [BD 41-1029] Generation completed for the IP Integrator block ps7_0_axi_periph/s00_couplers/auto_pc .
Exporting to file /home/cam2022/CPRE-487_git/CPRE-4870/Project/hw/simple_interface/vivado/simple_interface/simple_interface.srcs/sources_1/bd/staged_mac_bd/hw_handoff/staged_mac_bd.hwh
Generated Block Design Tcl file /home/cam2022/CPRE-487_git/CPRE-4870/Project/hw/simple_interface/vivado/simple_interface/simple_interface.srcs/sources_1/bd/staged_mac_bd/hw_handoff/staged_mac_bd_bd.tcl
Generated Hardware Definition File /home/cam2022/CPRE-487_git/CPRE-4870/Project/hw/simple_interface/vivado/simple_interface/simple_interface.srcs/sources_1/bd/staged_mac_bd/synth/staged_mac_bd.hwdef
INFO: [IP_Flow 19-4993] Using cached IP synthesis design for IP staged_mac_bd_auto_pc_0, cache-ID = 8d7bf0866b9b21d2; cache size = 17.947 MB.
[Fri Dec  5 18:12:33 2025] Launched staged_mac_bd_axi_fifo_mm_s_0_0_synth_1, staged_mac_bd_system_ila_0_0_synth_1, staged_mac_bd_piped_mac_0_0_synth_1, synth_1...
Run output will be captured here:
staged_mac_bd_axi_fifo_mm_s_0_0_synth_1: /home/cam2022/CPRE-487_git/CPRE-4870/Project/hw/simple_interface/vivado/simple_interface/simple_interface.runs/staged_mac_bd_axi_fifo_mm_s_0_0_synth_1/runme.log
staged_mac_bd_system_ila_0_0_synth_1: /home/cam2022/CPRE-487_git/CPRE-4870/Project/hw/simple_interface/vivado/simple_interface/simple_interface.runs/staged_mac_bd_system_ila_0_0_synth_1/runme.log
staged_mac_bd_piped_mac_0_0_synth_1: /home/cam2022/CPRE-487_git/CPRE-4870/Project/hw/simple_interface/vivado/simple_interface/simple_interface.runs/staged_mac_bd_piped_mac_0_0_synth_1/runme.log
synth_1: /home/cam2022/CPRE-487_git/CPRE-4870/Project/hw/simple_interface/vivado/simple_interface/simple_interface.runs/synth_1/runme.log
[Fri Dec  5 18:12:33 2025] Launched impl_1...
Run output will be captured here: /home/cam2022/CPRE-487_git/CPRE-4870/Project/hw/simple_interface/vivado/simple_interface/simple_interface.runs/impl_1/runme.log
launch_runs: Time (s): cpu = 00:00:09 ; elapsed = 00:00:12 . Memory (MB): peak = 10050.066 ; gain = 0.000 ; free physical = 13823 ; free virtual = 37195
set_property PROBES.FILE {/home/cam2022/CPRE-487_git/CPRE-4870/Project/hw/simple_interface/vivado/simple_interface/simple_interface.runs/impl_1/staged_mac_bd_wrapper.ltx} [get_hw_devices xc7z020_1]
set_property FULL_PROBES.FILE {/home/cam2022/CPRE-487_git/CPRE-4870/Project/hw/simple_interface/vivado/simple_interface/simple_interface.runs/impl_1/staged_mac_bd_wrapper.ltx} [get_hw_devices xc7z020_1]
set_property PROGRAM.FILE {/home/cam2022/CPRE-487_git/CPRE-4870/Project/hw/simple_interface/vivado/simple_interface/simple_interface.runs/impl_1/staged_mac_bd_wrapper.bit} [get_hw_devices xc7z020_1]
program_hw_devices [get_hw_devices xc7z020_1]
INFO: [Labtools 27-3164] End of startup status: HIGH
refresh_hw_device [lindex [get_hw_devices xc7z020_1] 0]
INFO: [Labtools 27-2302] Device xc7z020 (JTAG device index = 1) is programmed with a design that has 1 ILA core(s).
Processing Interface axi_fifo_mm_s_0_AXI_STR_TXD_ila1_slot0
Processing Interface piped_mac_0_MO_AXIS_ila1_slot1
set_property pfm_name {} [get_files -all {/home/cam2022/CPRE-487_git/CPRE-4870/Project/hw/simple_interface/vivado/simple_interface/simple_interface.srcs/sources_1/bd/staged_mac_bd/staged_mac_bd.bd}]
write_hw_platform -fixed -include_bit -force -file /home/cam2022/CPRE-487_git/CPRE-4870/Lab2/cpre487-587-dnn-framework-main/staged_mac_bd_wrapper.xsa
INFO: [Vivado 12-4895] Creating Hardware Platform: /home/cam2022/CPRE-487_git/CPRE-4870/Lab2/cpre487-587-dnn-framework-main/staged_mac_bd_wrapper.xsa ...
INFO: [Vivado 12-4896] Successfully created Hardware Platform: /home/cam2022/CPRE-487_git/CPRE-4870/Lab2/cpre487-587-dnn-framework-main/staged_mac_bd_wrapper.xsa
write_hw_platform: Time (s): cpu = 00:00:06 ; elapsed = 00:00:07 . Memory (MB): peak = 10050.066 ; gain = 0.000 ; free physical = 12996 ; free virtual = 36932
update_module_reference staged_mac_bd_piped_mac_0_0
INFO: [IP_Flow 19-5107] Inferred bus interface 'MO_AXIS' of definition 'xilinx.com:interface:axis:1.0' (from Xilinx Repository).
INFO: [IP_Flow 19-5107] Inferred bus interface 'SD_AXIS' of definition 'xilinx.com:interface:axis:1.0' (from Xilinx Repository).
INFO: [IP_Flow 19-5107] Inferred bus interface 'ARESETN' of definition 'xilinx.com:signal:reset:1.0' (from Xilinx Repository).
INFO: [IP_Flow 19-5107] Inferred bus interface 'ACLK' of definition 'xilinx.com:signal:clock:1.0' (from Xilinx Repository).
INFO: [IP_Flow 19-4728] Bus Interface 'ARESETN': Added interface parameter 'POLARITY' with value 'ACTIVE_LOW'.
INFO: [IP_Flow 19-4728] Bus Interface 'ACLK': Added interface parameter 'ASSOCIATED_BUSIF' with value 'MO_AXIS'.
INFO: [IP_Flow 19-4728] Bus Interface 'ACLK': Added interface parameter 'ASSOCIATED_RESET' with value 'ARESETN'.
INFO: [IP_Flow 19-234] Refreshing IP repositories
INFO: [IP_Flow 19-1704] No user IP repositories specified
Upgrading '/home/cam2022/CPRE-487_git/CPRE-4870/Project/hw/simple_interface/vivado/simple_interface/simple_interface.srcs/sources_1/bd/staged_mac_bd/staged_mac_bd.bd'
WARNING: [Vivado 12-1017] Problems encountered:
1. Failed to delete one or more files in run directory /home/cam2022/CPRE-487_git/CPRE-4870/Project/hw/simple_interface/vivado/simple_interface/simple_interface.runs/staged_mac_bd_piped_mac_0_0_synth_1

INFO: [IP_Flow 19-1972] Upgraded staged_mac_bd_piped_mac_0_0 from piped_mac_v1_0 1.0 to piped_mac_v1_0 1.0
WARNING: [IP_Flow 19-4700] Upgrade has removed port 'MO_AXIS_TKEEP'
WARNING: [IP_Flow 19-3298] Detected external port differences while upgrading 'staged_mac_bd_piped_mac_0_0'. These changes may impact your design.
CRITICAL WARNING: [Coretcl 2-1280] The upgrade of 'staged_mac_bd_piped_mac_0_0' has identified issues that may require user intervention. Please verify that the instance is correctly configured, and review any upgrade messages.
Wrote  : </home/cam2022/CPRE-487_git/CPRE-4870/Project/hw/simple_interface/vivado/simple_interface/simple_interface.srcs/sources_1/bd/staged_mac_bd/staged_mac_bd.bd> 
Wrote  : </home/cam2022/CPRE-487_git/CPRE-4870/Project/hw/simple_interface/vivado/simple_interface/simple_interface.srcs/sources_1/bd/staged_mac_bd/ui/bd_65dee2cb.ui> 
startgroup
set_property -dict [list CONFIG.C_HAS_AXIS_TKEEP {false}] [get_bd_cells axi_fifo_mm_s_0]
endgroup
save_wave_config {/home/cam2022/CPRE-487_git/CPRE-4870/Project/hw/simple_interface/vivado/simple_interface/simple_interface.hw/hw_1/wave/hw_ila_data_1/hw_ila_data_1.wcfg}
save_wave_config {/home/cam2022/CPRE-487_git/CPRE-4870/Project/hw/simple_interface/vivado/simple_interface/simple_interface.hw/hw_1/wave/hw_ila_data_1/hw_ila_data_1.wcfg}
run_hw_ila [get_hw_ilas -of_objects [get_hw_devices xc7z020_1] -filter {CELL_NAME=~"staged_mac_bd_i/system_ila_0/inst/ila_lib"}]
INFO: [Labtools 27-1964] The ILA core 'hw_ila_1' trigger was armed at 2025-Dec-05 18:23:13
ERROR: [Xicom 50-38] xicom: Unable to connect to debug core(s) on the target device. Check cable connectivity and that the target board is powered up then use the disconnect_hw_server and connect_hw_server to re-initialize the hardware target. Use open_hw_target to re-register the hardware device.
ERROR: [Xicom 50-38] xicom: Unable to connect to debug core(s) on the target device. Check cable connectivity and that the target board is powered up then use the disconnect_hw_server and connect_hw_server to re-initialize the hardware target. Use open_hw_target to re-register the hardware device.
ERROR: [Xicom 50-38] xicom: Unable to connect to debug core(s) on the target device. Check cable connectivity and that the target board is powered up then use the disconnect_hw_server and connect_hw_server to re-initialize the hardware target. Use open_hw_target to re-register the hardware device.
ERROR: [Xicom 50-38] xicom: Unable to connect to debug core(s) on the target device. Check cable connectivity and that the target board is powered up then use the disconnect_hw_server and connect_hw_server to re-initialize the hardware target. Use open_hw_target to re-register the hardware device.
ERROR: [Xicom 50-38] xicom: Unable to connect to debug core(s) on the target device. Check cable connectivity and that the target board is powered up then use the disconnect_hw_server and connect_hw_server to re-initialize the hardware target. Use open_hw_target to re-register the hardware device.
ERROR: [Xicom 50-38] xicom: Unable to connect to debug core(s) on the target device. Check cable connectivity and that the target board is powered up then use the disconnect_hw_server and connect_hw_server to re-initialize the hardware target. Use open_hw_target to re-register the hardware device.
run_hw_ila [get_hw_ilas -of_objects [get_hw_devices xc7z020_1] -filter {CELL_NAME=~"staged_mac_bd_i/system_ila_0/inst/ila_lib"}]
INFO: [Labtools 27-1964] The ILA core 'hw_ila_1' trigger was armed at 2025-Dec-05 18:23:28
wait_on_hw_ila -timeout 0 [get_hw_ilas -of_objects [get_hw_devices xc7z020_1] -filter {CELL_NAME=~"staged_mac_bd_i/system_ila_0/inst/ila_lib"}]
upload_hw_ila_data [get_hw_ilas -of_objects [get_hw_devices xc7z020_1] -filter {CELL_NAME=~"staged_mac_bd_i/system_ila_0/inst/ila_lib"}]
INFO: [Labtools 27-1965] The ILA core 'hw_ila_1' trigger was stopped by user at 2025-Dec-05 18:23:38
WARNING: [Labtools 27-157] hw_ila [hw_ila_1] stopped. No data to upload.
set_property TRIGGER_COMPARE_VALUE eq1'bX [get_hw_probes staged_mac_bd_i/system_ila_0/inst/net_slot_1_axis_tvalid -of_objects [get_hw_ilas -of_objects [get_hw_devices xc7z020_1] -filter {CELL_NAME=~"staged_mac_bd_i/system_ila_0/inst/ila_lib"}]]
set_property TRIGGER_COMPARE_VALUE eq1'b1 [get_hw_probes staged_mac_bd_i/system_ila_0/inst/net_slot_0_axis_tlast -of_objects [get_hw_ilas -of_objects [get_hw_devices xc7z020_1] -filter {CELL_NAME=~"staged_mac_bd_i/system_ila_0/inst/ila_lib"}]]
run_hw_ila [get_hw_ilas -of_objects [get_hw_devices xc7z020_1] -filter {CELL_NAME=~"staged_mac_bd_i/system_ila_0/inst/ila_lib"}]
ERROR: [Labtools 27-1395] Unable to arm ILA 'hw_ila_1'. The core clock is slow or no core clock connected for this ILA or the ILA core may not meet timing.
run_hw_ila [get_hw_ilas -of_objects [get_hw_devices xc7z020_1] -filter {CELL_NAME=~"staged_mac_bd_i/system_ila_0/inst/ila_lib"}]
INFO: [Labtools 27-1964] The ILA core 'hw_ila_1' trigger was armed at 2025-Dec-05 18:24:33
wait_on_hw_ila [get_hw_ilas -of_objects [get_hw_devices xc7z020_1] -filter {CELL_NAME=~"staged_mac_bd_i/system_ila_0/inst/ila_lib"}]
display_hw_ila_data [upload_hw_ila_data [get_hw_ilas -of_objects [get_hw_devices xc7z020_1] -filter {CELL_NAME=~"staged_mac_bd_i/system_ila_0/inst/ila_lib"}]]
INFO: [Labtools 27-1966] The ILA core 'hw_ila_1' triggered at 2025-Dec-05 18:24:35
Processed interface axi_fifo_mm_s_0_AXI_STR_TXD_ila1_slot0
Processed interface piped_mac_0_MO_AXIS_ila1_slot1
INFO: [Labtools 27-3304] ILA Waveform data saved to file /home/cam2022/CPRE-487_git/CPRE-4870/Project/hw/simple_interface/vivado/simple_interface/simple_interface.hw/backup/hw_ila_data_1.ila. Use Tcl command 'read_hw_ila_data' or Vivado File->Import->Import ILA Data menu item to import the previously saved data.
update_module_reference staged_mac_bd_piped_mac_0_0
INFO: [IP_Flow 19-5107] Inferred bus interface 'MO_AXIS' of definition 'xilinx.com:interface:axis:1.0' (from Xilinx Repository).
INFO: [IP_Flow 19-5107] Inferred bus interface 'SD_AXIS' of definition 'xilinx.com:interface:axis:1.0' (from Xilinx Repository).
INFO: [IP_Flow 19-5107] Inferred bus interface 'ARESETN' of definition 'xilinx.com:signal:reset:1.0' (from Xilinx Repository).
INFO: [IP_Flow 19-5107] Inferred bus interface 'ACLK' of definition 'xilinx.com:signal:clock:1.0' (from Xilinx Repository).
INFO: [IP_Flow 19-4728] Bus Interface 'ARESETN': Added interface parameter 'POLARITY' with value 'ACTIVE_LOW'.
INFO: [IP_Flow 19-4728] Bus Interface 'ACLK': Added interface parameter 'ASSOCIATED_BUSIF' with value 'MO_AXIS'.
INFO: [IP_Flow 19-4728] Bus Interface 'ACLK': Added interface parameter 'ASSOCIATED_RESET' with value 'ARESETN'.
INFO: [IP_Flow 19-234] Refreshing IP repositories
INFO: [IP_Flow 19-1704] No user IP repositories specified
Upgrading '/home/cam2022/CPRE-487_git/CPRE-4870/Project/hw/simple_interface/vivado/simple_interface/simple_interface.srcs/sources_1/bd/staged_mac_bd/staged_mac_bd.bd'
INFO: [IP_Flow 19-1972] Upgraded staged_mac_bd_piped_mac_0_0 from piped_mac_v1_0 1.0 to piped_mac_v1_0 1.0
Wrote  : </home/cam2022/CPRE-487_git/CPRE-4870/Project/hw/simple_interface/vivado/simple_interface/simple_interface.srcs/sources_1/bd/staged_mac_bd/staged_mac_bd.bd> 
Wrote  : </home/cam2022/CPRE-487_git/CPRE-4870/Project/hw/simple_interface/vivado/simple_interface/simple_interface.srcs/sources_1/bd/staged_mac_bd/ui/bd_65dee2cb.ui> 
reset_run synth_1
WARNING: [Vivado 12-1017] Problems encountered:
1. Failed to delete one or more files in run directory /home/cam2022/CPRE-487_git/CPRE-4870/Project/hw/simple_interface/vivado/simple_interface/simple_interface.runs/synth_1

reset_run staged_mac_bd_axi_fifo_mm_s_0_0_synth_1
WARNING: [Vivado 12-1017] Problems encountered:
1. Failed to delete one or more files in run directory /home/cam2022/CPRE-487_git/CPRE-4870/Project/hw/simple_interface/vivado/simple_interface/simple_interface.runs/staged_mac_bd_axi_fifo_mm_s_0_0_synth_1

launch_runs impl_1 -to_step write_bitstream -jobs 8
WARNING: [BD 41-1781] Updates have been made to one or more nets/interface connections marked for debug.
Debug nets, which are already connected to any ILA IP core in the block-design, will be automatically available for debug in Hardware Manager.
For unconnected Debug nets, please open synthesized design and use 'Set Up Debug' wizard to insert, modify or delete Debug Cores. 
Wrote  : </home/cam2022/CPRE-487_git/CPRE-4870/Project/hw/simple_interface/vivado/simple_interface/simple_interface.srcs/sources_1/bd/staged_mac_bd/staged_mac_bd.bd> 
VHDL Output written to : /home/cam2022/CPRE-487_git/CPRE-4870/Project/hw/simple_interface/vivado/simple_interface/simple_interface.srcs/sources_1/bd/staged_mac_bd/synth/staged_mac_bd.v
VHDL Output written to : /home/cam2022/CPRE-487_git/CPRE-4870/Project/hw/simple_interface/vivado/simple_interface/simple_interface.srcs/sources_1/bd/staged_mac_bd/sim/staged_mac_bd.v
VHDL Output written to : /home/cam2022/CPRE-487_git/CPRE-4870/Project/hw/simple_interface/vivado/simple_interface/simple_interface.srcs/sources_1/bd/staged_mac_bd/hdl/staged_mac_bd_wrapper.v
INFO: [BD 41-1029] Generation completed for the IP Integrator block axi_fifo_mm_s_0 .
INFO: [BD 41-1029] Generation completed for the IP Integrator block piped_mac_0 .
Exporting to file /home/cam2022/CPRE-487_git/CPRE-4870/Project/hw/simple_interface/vivado/simple_interface/simple_interface.srcs/sources_1/bd/staged_mac_bd/ip/staged_mac_bd_system_ila_0_0/bd_0/hw_handoff/staged_mac_bd_system_ila_0_0.hwh
Generated Block Design Tcl file /home/cam2022/CPRE-487_git/CPRE-4870/Project/hw/simple_interface/vivado/simple_interface/simple_interface.srcs/sources_1/bd/staged_mac_bd/ip/staged_mac_bd_system_ila_0_0/bd_0/hw_handoff/staged_mac_bd_system_ila_0_0_bd.tcl
Generated Hardware Definition File /home/cam2022/CPRE-487_git/CPRE-4870/Project/hw/simple_interface/vivado/simple_interface/simple_interface.srcs/sources_1/bd/staged_mac_bd/ip/staged_mac_bd_system_ila_0_0/bd_0/synth/staged_mac_bd_system_ila_0_0.hwdef
INFO: [BD 41-1029] Generation completed for the IP Integrator block system_ila_0 .
WARNING: [IP_Flow 19-4994] Overwriting existing constraint file '/home/cam2022/CPRE-487_git/CPRE-4870/Project/hw/simple_interface/vivado/simple_interface/simple_interface.srcs/sources_1/bd/staged_mac_bd/ip/staged_mac_bd_auto_pc_0/staged_mac_bd_auto_pc_0_ooc.xdc'
INFO: [BD 41-1029] Generation completed for the IP Integrator block ps7_0_axi_periph/s00_couplers/auto_pc .
Exporting to file /home/cam2022/CPRE-487_git/CPRE-4870/Project/hw/simple_interface/vivado/simple_interface/simple_interface.srcs/sources_1/bd/staged_mac_bd/hw_handoff/staged_mac_bd.hwh
Generated Block Design Tcl file /home/cam2022/CPRE-487_git/CPRE-4870/Project/hw/simple_interface/vivado/simple_interface/simple_interface.srcs/sources_1/bd/staged_mac_bd/hw_handoff/staged_mac_bd_bd.tcl
Generated Hardware Definition File /home/cam2022/CPRE-487_git/CPRE-4870/Project/hw/simple_interface/vivado/simple_interface/simple_interface.srcs/sources_1/bd/staged_mac_bd/synth/staged_mac_bd.hwdef
INFO: [IP_Flow 19-4993] Using cached IP synthesis design for IP staged_mac_bd_auto_pc_0, cache-ID = 8d7bf0866b9b21d2; cache size = 28.508 MB.
INFO: [IP_Flow 19-4993] Using cached IP synthesis design for IP staged_mac_bd_axi_fifo_mm_s_0_0, cache-ID = 958ddca5c8a8009a; cache size = 28.508 MB.
INFO: [IP_Flow 19-4993] Using cached IP synthesis design for IP staged_mac_bd_system_ila_0_0, cache-ID = 03f3539eb47aa108; cache size = 28.508 MB.
[Fri Dec  5 18:28:03 2025] Launched staged_mac_bd_piped_mac_0_0_synth_1, synth_1...
Run output will be captured here:
staged_mac_bd_piped_mac_0_0_synth_1: /home/cam2022/CPRE-487_git/CPRE-4870/Project/hw/simple_interface/vivado/simple_interface/simple_interface.runs/staged_mac_bd_piped_mac_0_0_synth_1/runme.log
synth_1: /home/cam2022/CPRE-487_git/CPRE-4870/Project/hw/simple_interface/vivado/simple_interface/simple_interface.runs/synth_1/runme.log
[Fri Dec  5 18:28:03 2025] Launched impl_1...
Run output will be captured here: /home/cam2022/CPRE-487_git/CPRE-4870/Project/hw/simple_interface/vivado/simple_interface/simple_interface.runs/impl_1/runme.log
launch_runs: Time (s): cpu = 00:00:11 ; elapsed = 00:00:14 . Memory (MB): peak = 10128.094 ; gain = 0.000 ; free physical = 12324 ; free virtual = 36219
set_property pfm_name {} [get_files -all {/home/cam2022/CPRE-487_git/CPRE-4870/Project/hw/simple_interface/vivado/simple_interface/simple_interface.srcs/sources_1/bd/staged_mac_bd/staged_mac_bd.bd}]
write_hw_platform -fixed -include_bit -force -file /home/cam2022/CPRE-487_git/CPRE-4870/Lab2/cpre487-587-dnn-framework-main/staged_mac_bd_wrapper.xsa
INFO: [Vivado 12-4895] Creating Hardware Platform: /home/cam2022/CPRE-487_git/CPRE-4870/Lab2/cpre487-587-dnn-framework-main/staged_mac_bd_wrapper.xsa ...
INFO: [Vivado 12-4896] Successfully created Hardware Platform: /home/cam2022/CPRE-487_git/CPRE-4870/Lab2/cpre487-587-dnn-framework-main/staged_mac_bd_wrapper.xsa
write_hw_platform: Time (s): cpu = 00:00:06 ; elapsed = 00:00:07 . Memory (MB): peak = 10128.094 ; gain = 0.000 ; free physical = 13222 ; free virtual = 37156
set_property PROBES.FILE {/home/cam2022/CPRE-487_git/CPRE-4870/Project/hw/simple_interface/vivado/simple_interface/simple_interface.runs/impl_1/staged_mac_bd_wrapper.ltx} [get_hw_devices xc7z020_1]
set_property FULL_PROBES.FILE {/home/cam2022/CPRE-487_git/CPRE-4870/Project/hw/simple_interface/vivado/simple_interface/simple_interface.runs/impl_1/staged_mac_bd_wrapper.ltx} [get_hw_devices xc7z020_1]
set_property PROGRAM.FILE {/home/cam2022/CPRE-487_git/CPRE-4870/Project/hw/simple_interface/vivado/simple_interface/simple_interface.runs/impl_1/staged_mac_bd_wrapper.bit} [get_hw_devices xc7z020_1]
program_hw_devices [get_hw_devices xc7z020_1]
INFO: [Labtools 27-3164] End of startup status: HIGH
refresh_hw_device [lindex [get_hw_devices xc7z020_1] 0]
INFO: [Labtools 27-2302] Device xc7z020 (JTAG device index = 1) is programmed with a design that has 1 ILA core(s).
Processing Interface axi_fifo_mm_s_0_AXI_STR_TXD_ila1_slot0
Processing Interface piped_mac_0_MO_AXIS_ila1_slot1
run_hw_ila [get_hw_ilas -of_objects [get_hw_devices xc7z020_1] -filter {CELL_NAME=~"staged_mac_bd_i/system_ila_0/inst/ila_lib"}]
INFO: [Labtools 27-1964] The ILA core 'hw_ila_1' trigger was armed at 2025-Dec-05 18:42:24
wait_on_hw_ila [get_hw_ilas -of_objects [get_hw_devices xc7z020_1] -filter {CELL_NAME=~"staged_mac_bd_i/system_ila_0/inst/ila_lib"}]
display_hw_ila_data [upload_hw_ila_data [get_hw_ilas -of_objects [get_hw_devices xc7z020_1] -filter {CELL_NAME=~"staged_mac_bd_i/system_ila_0/inst/ila_lib"}]]
INFO: [Labtools 27-1966] The ILA core 'hw_ila_1' triggered at 2025-Dec-05 18:42:26
Processed interface axi_fifo_mm_s_0_AXI_STR_TXD_ila1_slot0
Processed interface piped_mac_0_MO_AXIS_ila1_slot1
INFO: [Labtools 27-3304] ILA Waveform data saved to file /home/cam2022/CPRE-487_git/CPRE-4870/Project/hw/simple_interface/vivado/simple_interface/simple_interface.hw/backup/hw_ila_data_1.ila. Use Tcl command 'read_hw_ila_data' or Vivado File->Import->Import ILA Data menu item to import the previously saved data.
open_bd_design {/home/cam2022/CPRE-487_git/CPRE-4870/Project/hw/simple_interface/vivado/simple_interface/simple_interface.srcs/sources_1/bd/staged_mac_bd/staged_mac_bd.bd}
startgroup
set_property HDL_ATTRIBUTE.DEBUG false [get_bd_intf_nets { piped_mac_0_MO_AXIS } ]
disconnect_bd_intf_net [get_bd_intf_net piped_mac_0_MO_AXIS] [get_bd_intf_pins system_ila_0/SLOT_1_AXIS]
apply_bd_automation -rule xilinx.com:bd_rule:resize [get_bd_cells system_ila_0]
endgroup
startgroup
set_property HDL_ATTRIBUTE.DEBUG false [get_bd_intf_nets { axi_fifo_mm_s_0_AXI_STR_TXD } ]
disconnect_bd_intf_net [get_bd_intf_net axi_fifo_mm_s_0_AXI_STR_TXD] [get_bd_intf_pins system_ila_0/SLOT_0_AXIS]
apply_bd_automation -rule xilinx.com:bd_rule:resize [get_bd_cells system_ila_0]
endgroup
WARNING: [IP_Flow 19-474] Invalid Parameter 'Component_Name'
save_bd_design
Wrote  : </home/cam2022/CPRE-487_git/CPRE-4870/Project/hw/simple_interface/vivado/simple_interface/simple_interface.srcs/sources_1/bd/staged_mac_bd/staged_mac_bd.bd> 
Wrote  : </home/cam2022/CPRE-487_git/CPRE-4870/Project/hw/simple_interface/vivado/simple_interface/simple_interface.srcs/sources_1/bd/staged_mac_bd/ui/bd_65dee2cb.ui> 
reset_run synth_1
WARNING: [Vivado 12-1017] Problems encountered:
1. Failed to delete one or more files in run directory /home/cam2022/CPRE-487_git/CPRE-4870/Project/hw/simple_interface/vivado/simple_interface/simple_interface.runs/synth_1

launch_runs impl_1 -to_step write_bitstream -jobs 8
WARNING: [BD 41-1781] Updates have been made to one or more nets/interface connections marked for debug.
Debug nets, which are already connected to any ILA IP core in the block-design, will be automatically available for debug in Hardware Manager.
For unconnected Debug nets, please open synthesized design and use 'Set Up Debug' wizard to insert, modify or delete Debug Cores. 
Wrote  : </home/cam2022/CPRE-487_git/CPRE-4870/Project/hw/simple_interface/vivado/simple_interface/simple_interface.srcs/sources_1/bd/staged_mac_bd/staged_mac_bd.bd> 
VHDL Output written to : /home/cam2022/CPRE-487_git/CPRE-4870/Project/hw/simple_interface/vivado/simple_interface/simple_interface.srcs/sources_1/bd/staged_mac_bd/synth/staged_mac_bd.v
VHDL Output written to : /home/cam2022/CPRE-487_git/CPRE-4870/Project/hw/simple_interface/vivado/simple_interface/simple_interface.srcs/sources_1/bd/staged_mac_bd/sim/staged_mac_bd.v
VHDL Output written to : /home/cam2022/CPRE-487_git/CPRE-4870/Project/hw/simple_interface/vivado/simple_interface/simple_interface.srcs/sources_1/bd/staged_mac_bd/hdl/staged_mac_bd_wrapper.v
WARNING: [IP_Flow 19-5611] Unable to find an associated reset port for the interface 'M_AXI_GP0'. A default connection has been created.
INFO: [BD 41-1029] Generation completed for the IP Integrator block processing_system7_0 .
WARNING: [IP_Flow 19-4994] Overwriting existing constraint file '/home/cam2022/CPRE-487_git/CPRE-4870/Project/hw/simple_interface/vivado/simple_interface/simple_interface.srcs/sources_1/bd/staged_mac_bd/ip/staged_mac_bd_auto_pc_0/staged_mac_bd_auto_pc_0_ooc.xdc'
INFO: [BD 41-1029] Generation completed for the IP Integrator block ps7_0_axi_periph/s00_couplers/auto_pc .
Exporting to file /home/cam2022/CPRE-487_git/CPRE-4870/Project/hw/simple_interface/vivado/simple_interface/simple_interface.srcs/sources_1/bd/staged_mac_bd/hw_handoff/staged_mac_bd.hwh
Generated Block Design Tcl file /home/cam2022/CPRE-487_git/CPRE-4870/Project/hw/simple_interface/vivado/simple_interface/simple_interface.srcs/sources_1/bd/staged_mac_bd/hw_handoff/staged_mac_bd_bd.tcl
Generated Hardware Definition File /home/cam2022/CPRE-487_git/CPRE-4870/Project/hw/simple_interface/vivado/simple_interface/simple_interface.srcs/sources_1/bd/staged_mac_bd/synth/staged_mac_bd.hwdef
INFO: [IP_Flow 19-4993] Using cached IP synthesis design for IP staged_mac_bd_auto_pc_0, cache-ID = 8d7bf0866b9b21d2; cache size = 28.508 MB.
[Fri Dec  5 19:06:33 2025] Launched staged_mac_bd_processing_system7_0_0_synth_1, synth_1...
Run output will be captured here:
staged_mac_bd_processing_system7_0_0_synth_1: /home/cam2022/CPRE-487_git/CPRE-4870/Project/hw/simple_interface/vivado/simple_interface/simple_interface.runs/staged_mac_bd_processing_system7_0_0_synth_1/runme.log
synth_1: /home/cam2022/CPRE-487_git/CPRE-4870/Project/hw/simple_interface/vivado/simple_interface/simple_interface.runs/synth_1/runme.log
[Fri Dec  5 19:06:33 2025] Launched impl_1...
Run output will be captured here: /home/cam2022/CPRE-487_git/CPRE-4870/Project/hw/simple_interface/vivado/simple_interface/simple_interface.runs/impl_1/runme.log
launch_runs: Time (s): cpu = 00:00:15 ; elapsed = 00:00:17 . Memory (MB): peak = 10236.230 ; gain = 0.000 ; free physical = 13203 ; free virtual = 37376
set_property pfm_name {} [get_files -all {/home/cam2022/CPRE-487_git/CPRE-4870/Project/hw/simple_interface/vivado/simple_interface/simple_interface.srcs/sources_1/bd/staged_mac_bd/staged_mac_bd.bd}]
write_hw_platform -fixed -include_bit -force -file /home/cam2022/CPRE-487_git/CPRE-4870/Project/hw/staged_mac_bd_wrapper.xsa
INFO: [Vivado 12-4895] Creating Hardware Platform: /home/cam2022/CPRE-487_git/CPRE-4870/Project/hw/staged_mac_bd_wrapper.xsa ...
INFO: [Vivado 12-4896] Successfully created Hardware Platform: /home/cam2022/CPRE-487_git/CPRE-4870/Project/hw/staged_mac_bd_wrapper.xsa
write_hw_platform: Time (s): cpu = 00:00:07 ; elapsed = 00:00:07 . Memory (MB): peak = 10236.230 ; gain = 0.000 ; free physical = 12516 ; free virtual = 37168
