Vivado Simulator 2020.1
Copyright 1986-1999, 2001-2020 Xilinx, Inc. All Rights Reserved.
Running: /remote/Xilinx/2020.1/Vivado/2020.1/bin/unwrapped/lnx64.o/xelab -wto 6e98a6e556394a9cb8c99f1d2709b2c2 --incr --debug typical --relax --mt 8 -L xil_defaultlib -L secureip --snapshot staged_mac_func_impl xil_defaultlib.staged_mac -log elaborate.log 
Using 8 slave threads.
Starting static elaboration
Completed static elaboration
Starting simulation data flow analysis
Completed simulation data flow analysis
Time Resolution for simulation is 1ps
Compiling package std.standard
Compiling package std.textio
Compiling package ieee.std_logic_1164
Compiling package ieee.numeric_std
Compiling package unisim.vcomponents
Compiling package ieee.vital_timing
Compiling package ieee.vital_primitives
Compiling package unisim.vpkg
Compiling architecture bufg_v of entity unisim.BUFG [bufg_default]
Compiling architecture ibuf_v of entity unisim.IBUF [\IBUF(1,9)(1,1)(1,4)(1,7)\]
Compiling architecture lut4_v of entity unisim.LUT4 [\LUT4(init="0100000000000000")(0...]
Compiling architecture obuf_v of entity unisim.OBUF [\OBUF(1,9)(1,7)(1,4)\]
Compiling architecture fdre_v of entity unisim.FDRE [fdre_default]
Compiling architecture obuft_v of entity unisim.OBUFT [\OBUFT(1,9)(1,7)(1,4)\]
Compiling architecture lut3_v of entity unisim.LUT3 [\LUT3(init="00101010")(0,7)\]
Compiling architecture lut3_v of entity unisim.LUT3 [\LUT3(init="10101000")(0,7)\]
Compiling architecture lut2_v of entity unisim.LUT2 [\LUT2(init="0111")(0,3)\]
Compiling architecture lut3_v of entity unisim.LUT3 [\LUT3(init="11111011")(0,7)\]
Compiling architecture fdpe_v of entity unisim.FDPE [fdpe_default]
Compiling architecture lut6_v of entity unisim.LUT6 [\LUT6(init="00000000000000001100...]
Compiling architecture lut6_v of entity unisim.LUT6 [\LUT6(init="00000000000111011111...]
Compiling architecture lut6_v of entity unisim.LUT6 [\LUT6(init="00111111000000000010...]
Compiling architecture lut4_v of entity unisim.LUT4 [\LUT4(init="0110100110010110")(0...]
Compiling architecture lut2_v of entity unisim.LUT2 [\LUT2(init="1000")(0,3)\]
Compiling architecture lut5_v of entity unisim.LUT5 [\LUT5(init="10010101011010101100...]
Compiling architecture lut4_v of entity unisim.LUT4 [\LUT4(init="0111100010001000")(0...]
Compiling architecture lut5_v of entity unisim.LUT5 [\LUT5(init="10111000101110111011...]
Compiling architecture lut4_v of entity unisim.LUT4 [\LUT4(init="1000011101110111")(0...]
Compiling architecture lut6_v of entity unisim.LUT6 [\LUT6(init="11111000100010001000...]
Compiling architecture lut6_v of entity unisim.LUT6 [\LUT6(init="10010101011010100110...]
Compiling architecture lut6_v of entity unisim.LUT6 [\LUT6(init="01101010100101011001...]
Compiling architecture lut6_v of entity unisim.LUT6 [\LUT6(init="10000111011101110111...]
Compiling architecture lut6_v of entity unisim.LUT6 [\LUT6(init="01101010100101010011...]
Compiling architecture lut3_v of entity unisim.LUT3 [\LUT3(init="11101000")(0,7)\]
Compiling architecture lut6_v of entity unisim.LUT6 [\LUT6(init="01010101010101010101...]
Compiling architecture lut5_v of entity unisim.LUT5 [\LUT5(init="11101000000101110001...]
Compiling architecture lut4_v of entity unisim.LUT4 [\LUT4(init="0000100010001000")(0...]
Compiling architecture lut6_v of entity unisim.LUT6 [\LUT6(init="10000000000000001110...]
Compiling architecture lut4_v of entity unisim.LUT4 [\LUT4(init="0100111100111111")(0...]
Compiling architecture lut6_v of entity unisim.LUT6 [\LUT6(init="00100101010000000100...]
Compiling architecture lut3_v of entity unisim.LUT3 [\LUT3(init="01111000")(0,7)\]
Compiling architecture lut4_v of entity unisim.LUT4 [\LUT4(init="1000011101111000")(0...]
Compiling architecture lut6_v of entity unisim.LUT6 [\LUT6(init="00000000000111011111...]
Compiling architecture lut5_v of entity unisim.LUT5 [\LUT5(init="00000000000111011111...]
Compiling architecture lut2_v of entity unisim.LUT2 [\LUT2(init="1001")(0,3)\]
Compiling architecture lut6_v of entity unisim.LUT6 [\LUT6(init="10111011100010001000...]
Compiling architecture lut4_v of entity unisim.LUT4 [\LUT4(init="0011100001001000")(0...]
Compiling architecture lut4_v of entity unisim.LUT4 [\LUT4(init="0101110000001100")(0...]
Compiling architecture lut3_v of entity unisim.LUT3 [\LUT3(init="01110000")(0,7)\]
Compiling architecture lut6_v of entity unisim.LUT6 [\LUT6(init="11001111111111111111...]
Compiling architecture lut6_v of entity unisim.LUT6 [\LUT6(init="11011010000000001010...]
Compiling architecture lut6_v of entity unisim.LUT6 [\LUT6(init="11101000100010001000...]
Compiling architecture lut4_v of entity unisim.LUT4 [\LUT4(init="0000011101110111")(0...]
Compiling architecture lut4_v of entity unisim.LUT4 [\LUT4(init="1110010100111111")(0...]
Compiling architecture lut4_v of entity unisim.LUT4 [\LUT4(init="0111000000000000")(0...]
Compiling architecture lut5_v of entity unisim.LUT5 [\LUT5(init="01101111110000000011...]
Compiling architecture lut5_v of entity unisim.LUT5 [\LUT5(init="10010000001111111100...]
Compiling architecture lut6_v of entity unisim.LUT6 [\LUT6(init="11111111000000000000...]
Compiling architecture lut4_v of entity unisim.LUT4 [\LUT4(init="0011100000001000")(0...]
Compiling architecture lut5_v of entity unisim.LUT5 [\LUT5(init="01000111010001000100...]
Compiling architecture lut6_v of entity unisim.LUT6 [\LUT6(init="01100110001111000101...]
Compiling architecture lut6_v of entity unisim.LUT6 [\LUT6(init="01000000000000000000...]
Compiling architecture lut6_v of entity unisim.LUT6 [\LUT6(init="00011111001111111111...]
Compiling architecture lut4_v of entity unisim.LUT4 [\LUT4(init="1000000000000000")(0...]
Compiling architecture lut6_v of entity unisim.LUT6 [\LUT6(init="10010110011001100110...]
Compiling architecture lut1_v of entity unisim.LUT1 [\LUT1(init="0001")(0,3)\]
Compiling architecture lut4_v of entity unisim.LUT4 [\LUT4(init="0110100110011001")(0...]
Compiling architecture lut3_v of entity unisim.LUT3 [\LUT3(init="01101010")(0,7)\]
Compiling architecture lut2_v of entity unisim.LUT2 [\LUT2(init="0110")(0,3)\]
Compiling architecture lut4_v of entity unisim.LUT4 [\LUT4(init="1001011001100110")(0...]
Compiling architecture fdce_v of entity unisim.FDCE [fdce_default]
Compiling architecture carry4_v of entity unisim.CARRY4 [carry4_default]
Compiling architecture lut5_v of entity unisim.LUT5 [\LUT5(init="00000000000000000010...]
Compiling architecture lut6_v of entity unisim.LUT6 [\LUT6(init="00111111001111110000...]
Compiling architecture lut6_v of entity unisim.LUT6 [\LUT6(init="11111111110111111111...]
Compiling architecture lut6_v of entity unisim.LUT6 [\LUT6(init="11111111011101110111...]
Compiling architecture structure of entity xil_defaultlib.staged_mac
Built simulation snapshot staged_mac_func_impl
